<html>
<head>
<title>TestNG:  Employees Attendance Calendar</title>
<link href="../testng.css" rel="stylesheet" type="text/css" />
<link href="../my-testng.css" rel="stylesheet" type="text/css" />

<style type="text/css">
.log { display: none;} 
.stack-trace { display: none;} 
</style>
<script type="text/javascript">
<!--
function flip(e) {
  current = e.style.display;
  if (current == 'block') {
    e.style.display = 'none';
    return 0;
  }
  else {
    e.style.display = 'block';
    return 1;
  }
}

function toggleBox(szDivId, elem, msg1, msg2)
{
  var res = -1;  if (document.getElementById) {
    res = flip(document.getElementById(szDivId));
  }
  else if (document.all) {
    // this is the way old msie versions work
    res = flip(document.all[szDivId]);
  }
  if(elem) {
    if(res == 0) elem.innerHTML = msg1; else elem.innerHTML = msg2;
  }

}

function toggleAllBoxes() {
  if (document.getElementsByTagName) {
    d = document.getElementsByTagName('div');
    for (i = 0; i < d.length; i++) {
      if (d[i].className == 'log') {
        flip(d[i]);
      }
    }
  }
}

// -->
</script>

</head>
<body>
<h2 align='center'>Employees Attendance Calendar</h2><table border='1' align="center">
<tr>
<td>Tests passed/Failed/Skipped:</td><td>2/1/0</td>
</tr><tr>
<td>Started on:</td><td>Tue Oct 03 11:02:41 IST 2017</td>
</tr>
<tr><td>Total time:</td><td>71 seconds (71677 ms)</td>
</tr><tr>
<td>Included groups:</td><td></td>
</tr><tr>
<td>Excluded groups:</td><td></td>
</tr>
</table><p/>
<small><i>(Hover the method name to see the test class name)</i></small><p/>
<table width='100%' border='1' class='invocation-failed'>
<tr><td colspan='4' align='center'><b>FAILED TESTS</b></td></tr>
<tr><td><b>Test method</b></td>
<td width="30%"><b>Exception</b></td>
<td width="10%"><b>Time (seconds)</b></td>
<td><b>Instance</b></td>
</tr>
<tr>
<td title='ESS.LeaveandAttendance.LeaveApplication.TC015_EmployeeAttendanceCalender_Verify.VerifyAttendanceApproveORNot()'><b>VerifyAttendanceApproveORNot</b><br>Test class: ESS.LeaveandAttendance.LeaveApplication.TC015_EmployeeAttendanceCalender_Verify</td>
<td><div><pre>org.testng.TestNGException: 
The data provider is trying to pass 2 parameters but the method ESS.LeaveandAttendance.LeaveApplication.TC015_EmployeeAttendanceCalender_Verify#VerifyAttendanceApproveORNot takes 3 and TestNG is unable in inject a suitable object
Caused by: java.lang.ArrayIndexOutOfBoundsException: 2
	... 17 more
... Removed 19 stack frames</pre></div><a href='#' onClick='toggleBox("stack-trace18012459", this, "Click to show all stack frames", "Click to hide stack frames")'>Click to show all stack frames</a>
<div class='stack-trace' id='stack-trace18012459'><pre>org.testng.TestNGException: 
The data provider is trying to pass 2 parameters but the method ESS.LeaveandAttendance.LeaveApplication.TC015_EmployeeAttendanceCalender_Verify#VerifyAttendanceApproveORNot takes 3 and TestNG is unable in inject a suitable object
	at org.testng.internal.Invoker.injectParameters(Invoker.java:1254)
	at org.testng.internal.Invoker.invokeTestMethods(Invoker.java:1125)
	at org.testng.internal.TestMethodWorker.invokeTestMethods(TestMethodWorker.java:124)
	at org.testng.internal.TestMethodWorker.run(TestMethodWorker.java:108)
	at org.testng.TestRunner.privateRun(TestRunner.java:773)
	at org.testng.TestRunner.run(TestRunner.java:623)
	at org.testng.SuiteRunner.runTest(SuiteRunner.java:357)
	at org.testng.SuiteRunner.runSequentially(SuiteRunner.java:352)
	at org.testng.SuiteRunner.privateRun(SuiteRunner.java:310)
	at org.testng.SuiteRunner.run(SuiteRunner.java:259)
	at org.testng.SuiteRunnerWorker.runSuite(SuiteRunnerWorker.java:52)
	at org.testng.SuiteRunnerWorker.run(SuiteRunnerWorker.java:86)
	at org.testng.TestNG.runSuitesSequentially(TestNG.java:1185)
	at org.testng.TestNG.runSuitesLocally(TestNG.java:1110)
	at org.testng.TestNG.run(TestNG.java:1018)
	at org.testng.remote.AbstractRemoteTestNG.run(AbstractRemoteTestNG.java:132)
	at org.testng.remote.RemoteTestNG.initAndRun(RemoteTestNG.java:230)
	at org.testng.remote.RemoteTestNG.main(RemoteTestNG.java:76)
Caused by: java.lang.ArrayIndexOutOfBoundsException: 2
	at org.testng.internal.Invoker.injectParameters(Invoker.java:1252)
	... 17 more
</pre></div></td>
<td>0</td>
<td>ESS.LeaveandAttendance.LeaveApplication.TC015_EmployeeAttendanceCalender_Verify@1acf68f</td></tr>
</table><p>
<table width='100%' border='1' class='invocation-passed'>
<tr><td colspan='4' align='center'><b>PASSED TESTS</b></td></tr>
<tr><td><b>Test method</b></td>
<td width="30%"><b>Exception</b></td>
<td width="10%"><b>Time (seconds)</b></td>
<td><b>Instance</b></td>
</tr>
<tr>
<td title='ESS.LeaveandAttendance.LeaveApplication.TC015_EmployeeAttendanceCalender_Verify.Login()'><b>Login</b><br>Test class: ESS.LeaveandAttendance.LeaveApplication.TC015_EmployeeAttendanceCalender_Verify<br/>
<a href="#Output-25259486" onClick='toggleBox("Output-25259486", this, "Show output", "Hide output");'>Show output</a>

<a href="#Output-25259486" onClick="toggleAllBoxes();">Show all outputs</a>
<div class='log' id="Output-25259486">
Completed executing : TC015_EmployeeAttendanceCalender_Verify.Login<br/>
Test is Success:Login<br/>
TestName =: null<br/>
Test Method resides in :=ESS.LeaveandAttendance.LeaveApplication.TC015_EmployeeAttendanceCalender_Verify<br/>
Test Status: Pass<br/>
Before executing : TestBase.afterMethod<br/>
</div>
</td>
<td></td>
<td>1</td>
<td>ESS.LeaveandAttendance.LeaveApplication.TC015_EmployeeAttendanceCalender_Verify@1acf68f</td></tr>
<tr>
<td title='ESS.LeaveandAttendance.LeaveApplication.TC015_EmployeeAttendanceCalender_Verify.TargetPage()'><b>TargetPage</b><br>Test class: ESS.LeaveandAttendance.LeaveApplication.TC015_EmployeeAttendanceCalender_Verify<br/>
<a href="#Output-16586869" onClick='toggleBox("Output-16586869", this, "Show output", "Hide output");'>Show output</a>

<a href="#Output-16586869" onClick="toggleAllBoxes();">Show all outputs</a>
<div class='log' id="Output-16586869">
target page is open successfully<br/>
Completed executing : TC015_EmployeeAttendanceCalender_Verify.TargetPage<br/>
Test is Success:TargetPage<br/>
TestName =: null<br/>
Test Method resides in :=ESS.LeaveandAttendance.LeaveApplication.TC015_EmployeeAttendanceCalender_Verify<br/>
Test Status: Pass<br/>
Before executing : TestBase.afterMethod<br/>
</div>
</td>
<td></td>
<td>39</td>
<td>ESS.LeaveandAttendance.LeaveApplication.TC015_EmployeeAttendanceCalender_Verify@1acf68f</td></tr>
</table><p>
</body>
</html>