<html>
<head>
<title>TestNG:  Induction Schedule</title>
<link href="../testng.css" rel="stylesheet" type="text/css" />
<link href="../my-testng.css" rel="stylesheet" type="text/css" />

<style type="text/css">
.log { display: none;} 
.stack-trace { display: none;} 
</style>
<script type="text/javascript">
<!--
function flip(e) {
  current = e.style.display;
  if (current == 'block') {
    e.style.display = 'none';
    return 0;
  }
  else {
    e.style.display = 'block';
    return 1;
  }
}

function toggleBox(szDivId, elem, msg1, msg2)
{
  var res = -1;  if (document.getElementById) {
    res = flip(document.getElementById(szDivId));
  }
  else if (document.all) {
    // this is the way old msie versions work
    res = flip(document.all[szDivId]);
  }
  if(elem) {
    if(res == 0) elem.innerHTML = msg1; else elem.innerHTML = msg2;
  }

}

function toggleAllBoxes() {
  if (document.getElementsByTagName) {
    d = document.getElementsByTagName('div');
    for (i = 0; i < d.length; i++) {
      if (d[i].className == 'log') {
        flip(d[i]);
      }
    }
  }
}

// -->
</script>

</head>
<body>
<h2 align='center'>Induction Schedule</h2><table border='1' align="center">
<tr>
<td>Tests passed/Failed/Skipped:</td><td>4/0/3</td>
</tr><tr>
<td>Started on:</td><td>Mon Oct 30 13:09:53 IST 2017</td>
</tr>
<tr><td>Total time:</td><td>352 seconds (352774 ms)</td>
</tr><tr>
<td>Included groups:</td><td></td>
</tr><tr>
<td>Excluded groups:</td><td></td>
</tr>
</table><p/>
<small><i>(Hover the method name to see the test class name)</i></small><p/>
<table width='100%' border='1' class='invocation-passed'>
<tr><td colspan='4' align='center'><b>PASSED TESTS</b></td></tr>
<tr><td><b>Test method</b></td>
<td width="30%"><b>Exception</b></td>
<td width="10%"><b>Time (seconds)</b></td>
<td><b>Instance</b></td>
</tr>
<tr>
<td title='Module.ELC.Induction.TC021_InductionSchedule.Login()'><b>Login</b><br>Test class: Module.ELC.Induction.TC021_InductionSchedule<br/>
<a href="#Output-31105597" onClick='toggleBox("Output-31105597", this, "Show output", "Hide output");'>Show output</a>

<a href="#Output-31105597" onClick="toggleAllBoxes();">Show all outputs</a>
<div class='log' id="Output-31105597">
Completed executing : TC021_InductionSchedule.Login<br/>
Test is Success:Login<br/>
TestName =: null<br/>
Test Method resides in :=Module.ELC.Induction.TC021_InductionSchedule<br/>
Test Status: Pass<br/>
Before executing : TestBase.afterMethod<br/>
</div>
</td>
<td></td>
<td>1</td>
<td>Module.ELC.Induction.TC021_InductionSchedule@1e36e46</td></tr>
<tr>
<td title='Module.ELC.Induction.TC022_InductionMapping.Login()'><b>Login</b><br>Test class: Module.ELC.Induction.TC022_InductionMapping<br/>
<a href="#Output-31695357" onClick='toggleBox("Output-31695357", this, "Show output", "Hide output");'>Show output</a>

<a href="#Output-31695357" onClick="toggleAllBoxes();">Show all outputs</a>
<div class='log' id="Output-31695357">
Completed executing : TC022_InductionMapping.Login<br/>
Test is Success:Login<br/>
TestName =: null<br/>
Test Method resides in :=Module.ELC.Induction.TC022_InductionMapping<br/>
Test Status: Pass<br/>
Before executing : TestBase.afterMethod<br/>
</div>
</td>
<td></td>
<td>1</td>
<td>Module.ELC.Induction.TC022_InductionMapping@10161f7</td></tr>
<tr>
<td title='Module.ELC.Induction.TC021_InductionSchedule.TargetPage()'><b>TargetPage</b><br>Test class: Module.ELC.Induction.TC021_InductionSchedule<br/>
<a href="#Output-19734913" onClick='toggleBox("Output-19734913", this, "Show output", "Hide output");'>Show output</a>

<a href="#Output-19734913" onClick="toggleAllBoxes();">Show all outputs</a>
<div class='log' id="Output-19734913">
target page is open successfully<br/>
Completed executing : TC021_InductionSchedule.TargetPage<br/>
Test is Success:TargetPage<br/>
TestName =: null<br/>
Test Method resides in :=Module.ELC.Induction.TC021_InductionSchedule<br/>
Test Status: Pass<br/>
Before executing : TestBase.afterMethod<br/>
</div>
</td>
<td></td>
<td>132</td>
<td>Module.ELC.Induction.TC021_InductionSchedule@1e36e46</td></tr>
<tr>
<td title='Module.ELC.Induction.TC022_InductionMapping.TargetPage()'><b>TargetPage</b><br>Test class: Module.ELC.Induction.TC022_InductionMapping<br/>
<a href="#Output-8922066" onClick='toggleBox("Output-8922066", this, "Show output", "Hide output");'>Show output</a>

<a href="#Output-8922066" onClick="toggleAllBoxes();">Show all outputs</a>
<div class='log' id="Output-8922066">
target page is open successfully<br/>
Completed executing : TC022_InductionMapping.TargetPage<br/>
Test is Success:TargetPage<br/>
TestName =: null<br/>
Test Method resides in :=Module.ELC.Induction.TC022_InductionMapping<br/>
Test Status: Pass<br/>
Before executing : TestBase.afterMethod<br/>
</div>
</td>
<td></td>
<td>67</td>
<td>Module.ELC.Induction.TC022_InductionMapping@10161f7</td></tr>
</table><p>
<table width='100%' border='1' class='invocation-skipped'>
<tr><td colspan='4' align='center'><b>SKIPPED TESTS</b></td></tr>
<tr><td><b>Test method</b></td>
<td width="30%"><b>Exception</b></td>
<td width="10%"><b>Time (seconds)</b></td>
<td><b>Instance</b></td>
</tr>
<tr>
<td title='Module.ELC.Induction.TC021_InductionSchedule.InductionSchedule()'><b>InductionSchedule</b><br>Test class: Module.ELC.Induction.TC021_InductionSchedule<br>Parameters: Date, Osource India Pvt. Ltd., Mahape, 10, 11, Employee Name, Gaikwad Ravina<br/>
<a href="#Output-22209519" onClick='toggleBox("Output-22209519", this, "Show output", "Hide output");'>Show output</a>

<a href="#Output-22209519" onClick="toggleAllBoxes();">Show all outputs</a>
<div class='log' id="Output-22209519">
Completed executing : TC021_InductionSchedule.InductionSchedule<br/>
Test is skipped:InductionSchedule<br/>
TestName =: null<br/>
Test Method resides in :=Module.ELC.Induction.TC021_InductionSchedule<br/>
Test Method had the following parameters : nullDate,Osource India Pvt. Ltd.,Mahape,10,11,Employee Name,Gaikwad Ravina,<br/>
Test Status: Skipped<br/>
Before executing : TestBase.afterMethod<br/>
</div>
</td>
<td><div><pre>org.testng.SkipException: Not Found Element : Add New Button
	at pom.TestBase.BaseClass.click(BaseClass.java:98)
	at pom.ObjectPages.uiActions.Induction.Test_AddNew(Induction.java:171)
	at Module.ELC.Induction.TC021_InductionSchedule.InductionSchedule(TC021_InductionSchedule.java:80)
... Removed 24 stack frames</pre></div><a href='#' onClick='toggleBox("stack-trace22209519", this, "Click to show all stack frames", "Click to hide stack frames")'>Click to show all stack frames</a>
<div class='stack-trace' id='stack-trace22209519'><pre>org.testng.SkipException: Not Found Element : Add New Button
	at pom.TestBase.BaseClass.click(BaseClass.java:98)
	at pom.ObjectPages.uiActions.Induction.Test_AddNew(Induction.java:171)
	at Module.ELC.Induction.TC021_InductionSchedule.InductionSchedule(TC021_InductionSchedule.java:80)
	at sun.reflect.NativeMethodAccessorImpl.invoke0(Native Method)
	at sun.reflect.NativeMethodAccessorImpl.invoke(Unknown Source)
	at sun.reflect.DelegatingMethodAccessorImpl.invoke(Unknown Source)
	at java.lang.reflect.Method.invoke(Unknown Source)
	at org.testng.internal.MethodInvocationHelper.invokeMethod(MethodInvocationHelper.java:85)
	at org.testng.internal.Invoker.invokeMethod(Invoker.java:639)
	at org.testng.internal.Invoker.invokeTestMethod(Invoker.java:821)
	at org.testng.internal.Invoker.invokeTestMethods(Invoker.java:1131)
	at org.testng.internal.TestMethodWorker.invokeTestMethods(TestMethodWorker.java:124)
	at org.testng.internal.TestMethodWorker.run(TestMethodWorker.java:108)
	at org.testng.TestRunner.privateRun(TestRunner.java:773)
	at org.testng.TestRunner.run(TestRunner.java:623)
	at org.testng.SuiteRunner.runTest(SuiteRunner.java:357)
	at org.testng.SuiteRunner.runSequentially(SuiteRunner.java:352)
	at org.testng.SuiteRunner.privateRun(SuiteRunner.java:310)
	at org.testng.SuiteRunner.run(SuiteRunner.java:259)
	at org.testng.SuiteRunnerWorker.runSuite(SuiteRunnerWorker.java:52)
	at org.testng.SuiteRunnerWorker.run(SuiteRunnerWorker.java:86)
	at org.testng.TestNG.runSuitesSequentially(TestNG.java:1185)
	at org.testng.TestNG.runSuitesLocally(TestNG.java:1110)
	at org.testng.TestNG.run(TestNG.java:1018)
	at org.testng.remote.AbstractRemoteTestNG.run(AbstractRemoteTestNG.java:132)
	at org.testng.remote.RemoteTestNG.initAndRun(RemoteTestNG.java:230)
	at org.testng.remote.RemoteTestNG.main(RemoteTestNG.java:76)
</pre></div></td>
<td>33</td>
<td>Module.ELC.Induction.TC021_InductionSchedule@1e36e46</td></tr>
<tr>
<td title='Module.ELC.Induction.TC022_InductionMapping.InductionSchedule()'><b>InductionSchedule</b><br>Test class: Module.ELC.Induction.TC022_InductionMapping<br>Parameters: Date, Osource India Pvt. Ltd., Mahape, 10, 11, Employee Name, Gaikwad Ravina<br/>
<a href="#Output-1242094" onClick='toggleBox("Output-1242094", this, "Show output", "Hide output");'>Show output</a>

<a href="#Output-1242094" onClick="toggleAllBoxes();">Show all outputs</a>
<div class='log' id="Output-1242094">
Completed executing : TC022_InductionMapping.InductionSchedule<br/>
Test is skipped:InductionSchedule<br/>
TestName =: null<br/>
Test Method resides in :=Module.ELC.Induction.TC022_InductionMapping<br/>
Test Method had the following parameters : nullDate,Osource India Pvt. Ltd.,Mahape,10,11,Employee Name,Gaikwad Ravina,<br/>
Test Status: Skipped<br/>
Before executing : TestBase.afterMethod<br/>
</div>
</td>
<td><div><pre>org.testng.SkipException: Not Found Locator : Search Dropdown
	at pom.TestBase.BaseClass.selectByVisibleText(BaseClass.java:534)
	at pom.TestBase.CommonMethods.Test_Search_Button(CommonMethods.java:134)
	at pom.ObjectPages.uiActions.Induction.Test_Search_RecordMapping(Induction.java:161)
	at Module.ELC.Induction.TC022_InductionMapping.InductionSchedule(TC022_InductionMapping.java:86)
... Removed 24 stack frames</pre></div><a href='#' onClick='toggleBox("stack-trace1242094", this, "Click to show all stack frames", "Click to hide stack frames")'>Click to show all stack frames</a>
<div class='stack-trace' id='stack-trace1242094'><pre>org.testng.SkipException: Not Found Locator : Search Dropdown
	at pom.TestBase.BaseClass.selectByVisibleText(BaseClass.java:534)
	at pom.TestBase.CommonMethods.Test_Search_Button(CommonMethods.java:134)
	at pom.ObjectPages.uiActions.Induction.Test_Search_RecordMapping(Induction.java:161)
	at Module.ELC.Induction.TC022_InductionMapping.InductionSchedule(TC022_InductionMapping.java:86)
	at sun.reflect.NativeMethodAccessorImpl.invoke0(Native Method)
	at sun.reflect.NativeMethodAccessorImpl.invoke(Unknown Source)
	at sun.reflect.DelegatingMethodAccessorImpl.invoke(Unknown Source)
	at java.lang.reflect.Method.invoke(Unknown Source)
	at org.testng.internal.MethodInvocationHelper.invokeMethod(MethodInvocationHelper.java:85)
	at org.testng.internal.Invoker.invokeMethod(Invoker.java:639)
	at org.testng.internal.Invoker.invokeTestMethod(Invoker.java:821)
	at org.testng.internal.Invoker.invokeTestMethods(Invoker.java:1131)
	at org.testng.internal.TestMethodWorker.invokeTestMethods(TestMethodWorker.java:124)
	at org.testng.internal.TestMethodWorker.run(TestMethodWorker.java:108)
	at org.testng.TestRunner.privateRun(TestRunner.java:773)
	at org.testng.TestRunner.run(TestRunner.java:623)
	at org.testng.SuiteRunner.runTest(SuiteRunner.java:357)
	at org.testng.SuiteRunner.runSequentially(SuiteRunner.java:352)
	at org.testng.SuiteRunner.privateRun(SuiteRunner.java:310)
	at org.testng.SuiteRunner.run(SuiteRunner.java:259)
	at org.testng.SuiteRunnerWorker.runSuite(SuiteRunnerWorker.java:52)
	at org.testng.SuiteRunnerWorker.run(SuiteRunnerWorker.java:86)
	at org.testng.TestNG.runSuitesSequentially(TestNG.java:1185)
	at org.testng.TestNG.runSuitesLocally(TestNG.java:1110)
	at org.testng.TestNG.run(TestNG.java:1018)
	at org.testng.remote.AbstractRemoteTestNG.run(AbstractRemoteTestNG.java:132)
	at org.testng.remote.RemoteTestNG.initAndRun(RemoteTestNG.java:230)
	at org.testng.remote.RemoteTestNG.main(RemoteTestNG.java:76)
</pre></div></td>
<td>1</td>
<td>Module.ELC.Induction.TC022_InductionMapping@10161f7</td></tr>
<tr>
<td title='Module.ELC.Induction.TC022_InductionMapping.SearchFunctionality()'><b>SearchFunctionality</b><br>Test class: Module.ELC.Induction.TC022_InductionMapping<br>Parameters: Date, Osource India Pvt. Ltd., Mahape, 10, 11, Employee Name, Gaikwad Ravina<br/>
<a href="#Output-17155179" onClick='toggleBox("Output-17155179", this, "Show output", "Hide output");'>Show output</a>

<a href="#Output-17155179" onClick="toggleAllBoxes();">Show all outputs</a>
<div class='log' id="Output-17155179">
Completed executing : TC022_InductionMapping.SearchFunctionality<br/>
Test is skipped:SearchFunctionality<br/>
TestName =: null<br/>
Test Method resides in :=Module.ELC.Induction.TC022_InductionMapping<br/>
Test Method had the following parameters : nullDate,Osource India Pvt. Ltd.,Mahape,10,11,Employee Name,Gaikwad Ravina,<br/>
Test Status: Skipped<br/>
Before executing : TestBase.afterMethod<br/>
</div>
</td>
<td><div><pre>org.testng.SkipException: Not Found Locator : Search Dropdown
	at pom.TestBase.BaseClass.selectByVisibleText(BaseClass.java:534)
	at pom.TestBase.CommonMethods.Test_Search_Button(CommonMethods.java:134)
	at pom.ObjectPages.uiActions.Induction.Test_Search_RecordMapping(Induction.java:161)
	at Module.ELC.Induction.TC022_InductionMapping.SearchFunctionality(TC022_InductionMapping.java:69)
... Removed 24 stack frames</pre></div><a href='#' onClick='toggleBox("stack-trace17155179", this, "Click to show all stack frames", "Click to hide stack frames")'>Click to show all stack frames</a>
<div class='stack-trace' id='stack-trace17155179'><pre>org.testng.SkipException: Not Found Locator : Search Dropdown
	at pom.TestBase.BaseClass.selectByVisibleText(BaseClass.java:534)
	at pom.TestBase.CommonMethods.Test_Search_Button(CommonMethods.java:134)
	at pom.ObjectPages.uiActions.Induction.Test_Search_RecordMapping(Induction.java:161)
	at Module.ELC.Induction.TC022_InductionMapping.SearchFunctionality(TC022_InductionMapping.java:69)
	at sun.reflect.NativeMethodAccessorImpl.invoke0(Native Method)
	at sun.reflect.NativeMethodAccessorImpl.invoke(Unknown Source)
	at sun.reflect.DelegatingMethodAccessorImpl.invoke(Unknown Source)
	at java.lang.reflect.Method.invoke(Unknown Source)
	at org.testng.internal.MethodInvocationHelper.invokeMethod(MethodInvocationHelper.java:85)
	at org.testng.internal.Invoker.invokeMethod(Invoker.java:639)
	at org.testng.internal.Invoker.invokeTestMethod(Invoker.java:821)
	at org.testng.internal.Invoker.invokeTestMethods(Invoker.java:1131)
	at org.testng.internal.TestMethodWorker.invokeTestMethods(TestMethodWorker.java:124)
	at org.testng.internal.TestMethodWorker.run(TestMethodWorker.java:108)
	at org.testng.TestRunner.privateRun(TestRunner.java:773)
	at org.testng.TestRunner.run(TestRunner.java:623)
	at org.testng.SuiteRunner.runTest(SuiteRunner.java:357)
	at org.testng.SuiteRunner.runSequentially(SuiteRunner.java:352)
	at org.testng.SuiteRunner.privateRun(SuiteRunner.java:310)
	at org.testng.SuiteRunner.run(SuiteRunner.java:259)
	at org.testng.SuiteRunnerWorker.runSuite(SuiteRunnerWorker.java:52)
	at org.testng.SuiteRunnerWorker.run(SuiteRunnerWorker.java:86)
	at org.testng.TestNG.runSuitesSequentially(TestNG.java:1185)
	at org.testng.TestNG.runSuitesLocally(TestNG.java:1110)
	at org.testng.TestNG.run(TestNG.java:1018)
	at org.testng.remote.AbstractRemoteTestNG.run(AbstractRemoteTestNG.java:132)
	at org.testng.remote.RemoteTestNG.initAndRun(RemoteTestNG.java:230)
	at org.testng.remote.RemoteTestNG.main(RemoteTestNG.java:76)
</pre></div></td>
<td>0</td>
<td>Module.ELC.Induction.TC022_InductionMapping@10161f7</td></tr>
</table><p>
</body>
</html>