<html>
<head>
<title>TestNG:  Induction</title>
<link href="../testng.css" rel="stylesheet" type="text/css" />
<link href="../my-testng.css" rel="stylesheet" type="text/css" />

<style type="text/css">
.log { display: none;} 
.stack-trace { display: none;} 
</style>
<script type="text/javascript">
<!--
function flip(e) {
  current = e.style.display;
  if (current == 'block') {
    e.style.display = 'none';
    return 0;
  }
  else {
    e.style.display = 'block';
    return 1;
  }
}

function toggleBox(szDivId, elem, msg1, msg2)
{
  var res = -1;  if (document.getElementById) {
    res = flip(document.getElementById(szDivId));
  }
  else if (document.all) {
    // this is the way old msie versions work
    res = flip(document.all[szDivId]);
  }
  if(elem) {
    if(res == 0) elem.innerHTML = msg1; else elem.innerHTML = msg2;
  }

}

function toggleAllBoxes() {
  if (document.getElementsByTagName) {
    d = document.getElementsByTagName('div');
    for (i = 0; i < d.length; i++) {
      if (d[i].className == 'log') {
        flip(d[i]);
      }
    }
  }
}

// -->
</script>

</head>
<body>
<h2 align='center'>Induction</h2><table border='1' align="center">
<tr>
<td>Tests passed/Failed/Skipped:</td><td>4/2/1</td>
</tr><tr>
<td>Started on:</td><td>Mon Oct 23 17:41:14 IST 2017</td>
</tr>
<tr><td>Total time:</td><td>458 seconds (458086 ms)</td>
</tr><tr>
<td>Included groups:</td><td></td>
</tr><tr>
<td>Excluded groups:</td><td></td>
</tr>
</table><p/>
<small><i>(Hover the method name to see the test class name)</i></small><p/>
<table width='100%' border='1' class='invocation-failed'>
<tr><td colspan='4' align='center'><b>FAILED TESTS</b></td></tr>
<tr><td><b>Test method</b></td>
<td width="30%"><b>Exception</b></td>
<td width="10%"><b>Time (seconds)</b></td>
<td><b>Instance</b></td>
</tr>
<tr>
<td title='Module.ELC.Induction.TC021_InductionSchedule.InductionSchedule()'><b>InductionSchedule</b><br>Test class: Module.ELC.Induction.TC021_InductionSchedule<br>Parameters: Date, Osource India Pvt. Ltd., Mahape, 08, 09, Employee Name, Vishal Jagtap<br/>
<a href="#Output-11513028" onClick='toggleBox("Output-11513028", this, "Show output", "Hide output");'>Show output</a>

<a href="#Output-11513028" onClick="toggleAllBoxes();">Show all outputs</a>
<div class='log' id="Output-11513028">
Completed executing : TC021_InductionSchedule.InductionSchedule<br/>
TestName =: null<br/>
Test Method resides in :=Module.ELC.Induction.TC021_InductionSchedule<br/>
Test Method had the following parameters : nullDate,Osource India Pvt. Ltd.,Mahape,08,09,Employee Name,Vishal Jagtap,<br/>
Test Status: Failed<br/>
Before executing : TestBase.afterMethod<br/>
</div>
</td>
<td><div><pre>org.openqa.selenium.ElementNotVisibleException: Element is not currently visible and so may not be interacted with
Command duration or timeout: 32 milliseconds
Build info: version: &apos;2.48.2&apos;, revision: &apos;41bccdd&apos;, time: &apos;2015-10-09 19:55:52&apos;
System info: host: &apos;OSO-DTP-057&apos;, ip: &apos;192.168.32.37&apos;, os.name: &apos;Windows 8.1&apos;, os.arch: &apos;x86&apos;, os.version: &apos;6.3&apos;, java.version: &apos;1.8.0_25&apos;
Driver info: org.openqa.selenium.firefox.FirefoxDriver
Capabilities [{applicationCacheEnabled=true, rotatable=false, handlesAlerts=true, databaseEnabled=true, version=36.0.1, platform=WINDOWS, nativeEvents=false, acceptSslCerts=true, webStorageEnabled=true, locationContextEnabled=true, browserName=firefox, takesScreenshot=true, javascriptEnabled=true, cssSelectorsEnabled=true}]
Session ID: 907d45e2-20d3-4880-b248-bcb6e4bcb4a1
	at org.openqa.selenium.remote.ErrorHandler.createThrowable(ErrorHandler.java:206)
	at org.openqa.selenium.remote.ErrorHandler.throwIfResponseFailed(ErrorHandler.java:158)
	at org.openqa.selenium.remote.RemoteWebDriver.execute(RemoteWebDriver.java:647)
	at org.openqa.selenium.remote.RemoteWebElement.execute(RemoteWebElement.java:326)
	at org.openqa.selenium.remote.RemoteWebElement.click(RemoteWebElement.java:84)
	at org.openqa.selenium.support.pagefactory.internal.LocatingElementHandler.invoke(LocatingElementHandler.java:51)
	at com.sun.proxy.$Proxy11.click(Unknown Source)
	at pom.TestBase.BaseClass.DateSelection(BaseClass.java:780)
	at pom.ObjectPages.uiActions.Induction.Test_AddNew(Induction.java:146)
	at Module.ELC.Induction.TC021_InductionSchedule.InductionSchedule(TC021_InductionSchedule.java:80)
	at java.util.concurrent.FutureTask.run(Unknown Source)
	at java.util.concurrent.ThreadPoolExecutor.runWorker(Unknown Source)
	at java.util.concurrent.ThreadPoolExecutor$Worker.run(Unknown Source)
	at java.lang.Thread.run(Unknown Source)
Caused by: org.openqa.selenium.ElementNotVisibleException: Element is not currently visible and so may not be interacted with
Build info: version: &apos;2.48.2&apos;, revision: &apos;41bccdd&apos;, time: &apos;2015-10-09 19:55:52&apos;
System info: host: &apos;OSO-DTP-057&apos;, ip: &apos;192.168.32.37&apos;, os.name: &apos;Windows 8.1&apos;, os.arch: &apos;x86&apos;, os.version: &apos;6.3&apos;, java.version: &apos;1.8.0_25&apos;
Driver info: driver.version: unknown
	at &lt;anonymous class&gt;.fxdriver.preconditions.visible(file:///C:/Users/YOGESH~1.MAN/AppData/Local/Temp/anonymous990227771770709811webdriver-profile/extensions/fxdriver@googlecode.com/components/command-processor.js:9981)
	at &lt;anonymous class&gt;.DelayedCommand.prototype.checkPreconditions_(file:///C:/Users/YOGESH~1.MAN/AppData/Local/Temp/anonymous990227771770709811webdriver-profile/extensions/fxdriver@googlecode.com/components/command-processor.js:12517)
	at &lt;anonymous class&gt;.DelayedCommand.prototype.executeInternal_/h(file:///C:/Users/YOGESH~1.MAN/AppData/Local/Temp/anonymous990227771770709811webdriver-profile/extensions/fxdriver@googlecode.com/components/command-processor.js:12534)
	at &lt;anonymous class&gt;.DelayedCommand.prototype.executeInternal_(file:///C:/Users/YOGESH~1.MAN/AppData/Local/Temp/anonymous990227771770709811webdriver-profile/extensions/fxdriver@googlecode.com/components/command-processor.js:12539)
	at &lt;anonymous class&gt;.DelayedCommand.prototype.execute/&lt;(file:///C:/Users/YOGESH~1.MAN/AppData/Local/Temp/anonymous990227771770709811webdriver-profile/extensions/fxdriver@googlecode.com/components/command-processor.js:12481)
... Removed 24 stack frames</pre></div><a href='#' onClick='toggleBox("stack-trace11513028", this, "Click to show all stack frames", "Click to hide stack frames")'>Click to show all stack frames</a>
<div class='stack-trace' id='stack-trace11513028'><pre>org.openqa.selenium.ElementNotVisibleException: Element is not currently visible and so may not be interacted with
Command duration or timeout: 32 milliseconds
Build info: version: &apos;2.48.2&apos;, revision: &apos;41bccdd&apos;, time: &apos;2015-10-09 19:55:52&apos;
System info: host: &apos;OSO-DTP-057&apos;, ip: &apos;192.168.32.37&apos;, os.name: &apos;Windows 8.1&apos;, os.arch: &apos;x86&apos;, os.version: &apos;6.3&apos;, java.version: &apos;1.8.0_25&apos;
Driver info: org.openqa.selenium.firefox.FirefoxDriver
Capabilities [{applicationCacheEnabled=true, rotatable=false, handlesAlerts=true, databaseEnabled=true, version=36.0.1, platform=WINDOWS, nativeEvents=false, acceptSslCerts=true, webStorageEnabled=true, locationContextEnabled=true, browserName=firefox, takesScreenshot=true, javascriptEnabled=true, cssSelectorsEnabled=true}]
Session ID: 907d45e2-20d3-4880-b248-bcb6e4bcb4a1
	at sun.reflect.NativeConstructorAccessorImpl.newInstance0(Native Method)
	at sun.reflect.NativeConstructorAccessorImpl.newInstance(Unknown Source)
	at sun.reflect.DelegatingConstructorAccessorImpl.newInstance(Unknown Source)
	at java.lang.reflect.Constructor.newInstance(Unknown Source)
	at org.openqa.selenium.remote.ErrorHandler.createThrowable(ErrorHandler.java:206)
	at org.openqa.selenium.remote.ErrorHandler.throwIfResponseFailed(ErrorHandler.java:158)
	at org.openqa.selenium.remote.RemoteWebDriver.execute(RemoteWebDriver.java:647)
	at org.openqa.selenium.remote.RemoteWebElement.execute(RemoteWebElement.java:326)
	at org.openqa.selenium.remote.RemoteWebElement.click(RemoteWebElement.java:84)
	at sun.reflect.NativeMethodAccessorImpl.invoke0(Native Method)
	at sun.reflect.NativeMethodAccessorImpl.invoke(Unknown Source)
	at sun.reflect.DelegatingMethodAccessorImpl.invoke(Unknown Source)
	at java.lang.reflect.Method.invoke(Unknown Source)
	at org.openqa.selenium.support.pagefactory.internal.LocatingElementHandler.invoke(LocatingElementHandler.java:51)
	at com.sun.proxy.$Proxy11.click(Unknown Source)
	at pom.TestBase.BaseClass.DateSelection(BaseClass.java:780)
	at pom.ObjectPages.uiActions.Induction.Test_AddNew(Induction.java:146)
	at Module.ELC.Induction.TC021_InductionSchedule.InductionSchedule(TC021_InductionSchedule.java:80)
	at sun.reflect.NativeMethodAccessorImpl.invoke0(Native Method)
	at sun.reflect.NativeMethodAccessorImpl.invoke(Unknown Source)
	at sun.reflect.DelegatingMethodAccessorImpl.invoke(Unknown Source)
	at java.lang.reflect.Method.invoke(Unknown Source)
	at org.testng.internal.MethodInvocationHelper.invokeMethod(MethodInvocationHelper.java:85)
	at org.testng.internal.Invoker.invokeMethod(Invoker.java:639)
	at org.testng.internal.Invoker.invokeTestMethod(Invoker.java:821)
	at org.testng.internal.Invoker.invokeTestMethods(Invoker.java:1131)
	at org.testng.internal.TestMethodWorker.invokeTestMethods(TestMethodWorker.java:124)
	at org.testng.internal.TestMethodWorker.run(TestMethodWorker.java:108)
	at org.testng.TestRunner.privateRun(TestRunner.java:773)
	at org.testng.TestRunner.run(TestRunner.java:623)
	at org.testng.SuiteRunner.runTest(SuiteRunner.java:357)
	at org.testng.SuiteRunner.access$000(SuiteRunner.java:39)
	at org.testng.SuiteRunner$SuiteWorker.run(SuiteRunner.java:391)
	at org.testng.internal.thread.ThreadUtil$2.call(ThreadUtil.java:64)
	at java.util.concurrent.FutureTask.run(Unknown Source)
	at java.util.concurrent.ThreadPoolExecutor.runWorker(Unknown Source)
	at java.util.concurrent.ThreadPoolExecutor$Worker.run(Unknown Source)
	at java.lang.Thread.run(Unknown Source)
Caused by: org.openqa.selenium.ElementNotVisibleException: Element is not currently visible and so may not be interacted with
Build info: version: &apos;2.48.2&apos;, revision: &apos;41bccdd&apos;, time: &apos;2015-10-09 19:55:52&apos;
System info: host: &apos;OSO-DTP-057&apos;, ip: &apos;192.168.32.37&apos;, os.name: &apos;Windows 8.1&apos;, os.arch: &apos;x86&apos;, os.version: &apos;6.3&apos;, java.version: &apos;1.8.0_25&apos;
Driver info: driver.version: unknown
	at &lt;anonymous class&gt;.fxdriver.preconditions.visible(file:///C:/Users/YOGESH~1.MAN/AppData/Local/Temp/anonymous990227771770709811webdriver-profile/extensions/fxdriver@googlecode.com/components/command-processor.js:9981)
	at &lt;anonymous class&gt;.DelayedCommand.prototype.checkPreconditions_(file:///C:/Users/YOGESH~1.MAN/AppData/Local/Temp/anonymous990227771770709811webdriver-profile/extensions/fxdriver@googlecode.com/components/command-processor.js:12517)
	at &lt;anonymous class&gt;.DelayedCommand.prototype.executeInternal_/h(file:///C:/Users/YOGESH~1.MAN/AppData/Local/Temp/anonymous990227771770709811webdriver-profile/extensions/fxdriver@googlecode.com/components/command-processor.js:12534)
	at &lt;anonymous class&gt;.DelayedCommand.prototype.executeInternal_(file:///C:/Users/YOGESH~1.MAN/AppData/Local/Temp/anonymous990227771770709811webdriver-profile/extensions/fxdriver@googlecode.com/components/command-processor.js:12539)
	at &lt;anonymous class&gt;.DelayedCommand.prototype.execute/&lt;(file:///C:/Users/YOGESH~1.MAN/AppData/Local/Temp/anonymous990227771770709811webdriver-profile/extensions/fxdriver@googlecode.com/components/command-processor.js:12481)
</pre></div></td>
<td>5</td>
<td>Module.ELC.Induction.TC021_InductionSchedule@1e36e46</td></tr>
<tr>
<td title='Module.ELC.Induction.TC022_InductionMapping.InductionSchedule()'><b>InductionSchedule</b><br>Test class: Module.ELC.Induction.TC022_InductionMapping<br>Parameters: Date, Osource India Pvt. Ltd., Mahape, 08, 09, Employee Name, Vishal Jagtap<br/>
<a href="#Output-23774404" onClick='toggleBox("Output-23774404", this, "Show output", "Hide output");'>Show output</a>

<a href="#Output-23774404" onClick="toggleAllBoxes();">Show all outputs</a>
<div class='log' id="Output-23774404">
Completed executing : TC022_InductionMapping.InductionSchedule<br/>
TestName =: null<br/>
Test Method resides in :=Module.ELC.Induction.TC022_InductionMapping<br/>
Test Method had the following parameters : nullDate,Osource India Pvt. Ltd.,Mahape,08,09,Employee Name,Vishal Jagtap,<br/>
Test Status: Failed<br/>
Before executing : TestBase.afterMethod<br/>
</div>
</td>
<td><div><pre>org.openqa.selenium.NoSuchElementException: Unable to locate element: {&quot;method&quot;:&quot;xpath&quot;,&quot;selector&quot;:&quot;.//*[contains(text(),&apos;08:&apos;)]/parent::tr/td[contains(text(),&apos;09:&apos;)]/parent::tr/td[contains(text(),&apos;23&apos;)]/parent::tr/td/a&quot;}
Command duration or timeout: 159 milliseconds
For documentation on this error, please visit: http://seleniumhq.org/exceptions/no_such_element.html
Build info: version: &apos;2.48.2&apos;, revision: &apos;41bccdd&apos;, time: &apos;2015-10-09 19:55:52&apos;
System info: host: &apos;OSO-DTP-057&apos;, ip: &apos;192.168.32.37&apos;, os.name: &apos;Windows 8.1&apos;, os.arch: &apos;x86&apos;, os.version: &apos;6.3&apos;, java.version: &apos;1.8.0_25&apos;
Driver info: org.openqa.selenium.firefox.FirefoxDriver
Capabilities [{applicationCacheEnabled=true, rotatable=false, handlesAlerts=true, databaseEnabled=true, version=36.0.1, platform=WINDOWS, nativeEvents=false, acceptSslCerts=true, webStorageEnabled=true, locationContextEnabled=true, browserName=firefox, takesScreenshot=true, javascriptEnabled=true, cssSelectorsEnabled=true}]
Session ID: 2433c05b-0334-479f-a687-c1947d9f69d7
*** Element info: {Using=xpath, value=.//*[contains(text(),&apos;08:&apos;)]/parent::tr/td[contains(text(),&apos;09:&apos;)]/parent::tr/td[contains(text(),&apos;23&apos;)]/parent::tr/td/a}
	at org.openqa.selenium.remote.ErrorHandler.createThrowable(ErrorHandler.java:206)
	at org.openqa.selenium.remote.ErrorHandler.throwIfResponseFailed(ErrorHandler.java:158)
	at org.openqa.selenium.remote.RemoteWebDriver.execute(RemoteWebDriver.java:647)
	at org.openqa.selenium.remote.RemoteWebDriver.findElement(RemoteWebDriver.java:353)
	at org.openqa.selenium.remote.RemoteWebDriver.findElementByXPath(RemoteWebDriver.java:490)
	at org.openqa.selenium.By$ByXPath.findElement(By.java:361)
	at org.openqa.selenium.remote.RemoteWebDriver.findElement(RemoteWebDriver.java:345)
	at pom.ObjectPages.uiActions.Induction.Test_EmployeesInductionMapping(Induction.java:169)
	at Module.ELC.Induction.TC022_InductionMapping.InductionSchedule(TC022_InductionMapping.java:87)
	at java.util.concurrent.FutureTask.run(Unknown Source)
	at java.util.concurrent.ThreadPoolExecutor.runWorker(Unknown Source)
	at java.util.concurrent.ThreadPoolExecutor$Worker.run(Unknown Source)
	at java.lang.Thread.run(Unknown Source)
Caused by: org.openqa.selenium.NoSuchElementException: Unable to locate element: {&quot;method&quot;:&quot;xpath&quot;,&quot;selector&quot;:&quot;.//*[contains(text(),&apos;08:&apos;)]/parent::tr/td[contains(text(),&apos;09:&apos;)]/parent::tr/td[contains(text(),&apos;23&apos;)]/parent::tr/td/a&quot;}
For documentation on this error, please visit: http://seleniumhq.org/exceptions/no_such_element.html
Build info: version: &apos;2.48.2&apos;, revision: &apos;41bccdd&apos;, time: &apos;2015-10-09 19:55:52&apos;
System info: host: &apos;OSO-DTP-057&apos;, ip: &apos;192.168.32.37&apos;, os.name: &apos;Windows 8.1&apos;, os.arch: &apos;x86&apos;, os.version: &apos;6.3&apos;, java.version: &apos;1.8.0_25&apos;
Driver info: driver.version: unknown
	at &lt;anonymous class&gt;.FirefoxDriver.prototype.findElementInternal_(file:///C:/Users/YOGESH~1.MAN/AppData/Local/Temp/anonymous2055248502385642557webdriver-profile/extensions/fxdriver@googlecode.com/components/driver-component.js:10659)
	at &lt;anonymous class&gt;.FirefoxDriver.prototype.findElement(file:///C:/Users/YOGESH~1.MAN/AppData/Local/Temp/anonymous2055248502385642557webdriver-profile/extensions/fxdriver@googlecode.com/components/driver-component.js:10668)
	at &lt;anonymous class&gt;.DelayedCommand.prototype.executeInternal_/h(file:///C:/Users/YOGESH~1.MAN/AppData/Local/Temp/anonymous2055248502385642557webdriver-profile/extensions/fxdriver@googlecode.com/components/command-processor.js:12534)
	at &lt;anonymous class&gt;.DelayedCommand.prototype.executeInternal_(file:///C:/Users/YOGESH~1.MAN/AppData/Local/Temp/anonymous2055248502385642557webdriver-profile/extensions/fxdriver@googlecode.com/components/command-processor.js:12539)
	at &lt;anonymous class&gt;.DelayedCommand.prototype.execute/&lt;(file:///C:/Users/YOGESH~1.MAN/AppData/Local/Temp/anonymous2055248502385642557webdriver-profile/extensions/fxdriver@googlecode.com/components/command-processor.js:12481)
... Removed 20 stack frames</pre></div><a href='#' onClick='toggleBox("stack-trace23774404", this, "Click to show all stack frames", "Click to hide stack frames")'>Click to show all stack frames</a>
<div class='stack-trace' id='stack-trace23774404'><pre>org.openqa.selenium.NoSuchElementException: Unable to locate element: {&quot;method&quot;:&quot;xpath&quot;,&quot;selector&quot;:&quot;.//*[contains(text(),&apos;08:&apos;)]/parent::tr/td[contains(text(),&apos;09:&apos;)]/parent::tr/td[contains(text(),&apos;23&apos;)]/parent::tr/td/a&quot;}
Command duration or timeout: 159 milliseconds
For documentation on this error, please visit: http://seleniumhq.org/exceptions/no_such_element.html
Build info: version: &apos;2.48.2&apos;, revision: &apos;41bccdd&apos;, time: &apos;2015-10-09 19:55:52&apos;
System info: host: &apos;OSO-DTP-057&apos;, ip: &apos;192.168.32.37&apos;, os.name: &apos;Windows 8.1&apos;, os.arch: &apos;x86&apos;, os.version: &apos;6.3&apos;, java.version: &apos;1.8.0_25&apos;
Driver info: org.openqa.selenium.firefox.FirefoxDriver
Capabilities [{applicationCacheEnabled=true, rotatable=false, handlesAlerts=true, databaseEnabled=true, version=36.0.1, platform=WINDOWS, nativeEvents=false, acceptSslCerts=true, webStorageEnabled=true, locationContextEnabled=true, browserName=firefox, takesScreenshot=true, javascriptEnabled=true, cssSelectorsEnabled=true}]
Session ID: 2433c05b-0334-479f-a687-c1947d9f69d7
*** Element info: {Using=xpath, value=.//*[contains(text(),&apos;08:&apos;)]/parent::tr/td[contains(text(),&apos;09:&apos;)]/parent::tr/td[contains(text(),&apos;23&apos;)]/parent::tr/td/a}
	at sun.reflect.NativeConstructorAccessorImpl.newInstance0(Native Method)
	at sun.reflect.NativeConstructorAccessorImpl.newInstance(Unknown Source)
	at sun.reflect.DelegatingConstructorAccessorImpl.newInstance(Unknown Source)
	at java.lang.reflect.Constructor.newInstance(Unknown Source)
	at org.openqa.selenium.remote.ErrorHandler.createThrowable(ErrorHandler.java:206)
	at org.openqa.selenium.remote.ErrorHandler.throwIfResponseFailed(ErrorHandler.java:158)
	at org.openqa.selenium.remote.RemoteWebDriver.execute(RemoteWebDriver.java:647)
	at org.openqa.selenium.remote.RemoteWebDriver.findElement(RemoteWebDriver.java:353)
	at org.openqa.selenium.remote.RemoteWebDriver.findElementByXPath(RemoteWebDriver.java:490)
	at org.openqa.selenium.By$ByXPath.findElement(By.java:361)
	at org.openqa.selenium.remote.RemoteWebDriver.findElement(RemoteWebDriver.java:345)
	at pom.ObjectPages.uiActions.Induction.Test_EmployeesInductionMapping(Induction.java:169)
	at Module.ELC.Induction.TC022_InductionMapping.InductionSchedule(TC022_InductionMapping.java:87)
	at sun.reflect.NativeMethodAccessorImpl.invoke0(Native Method)
	at sun.reflect.NativeMethodAccessorImpl.invoke(Unknown Source)
	at sun.reflect.DelegatingMethodAccessorImpl.invoke(Unknown Source)
	at java.lang.reflect.Method.invoke(Unknown Source)
	at org.testng.internal.MethodInvocationHelper.invokeMethod(MethodInvocationHelper.java:85)
	at org.testng.internal.Invoker.invokeMethod(Invoker.java:639)
	at org.testng.internal.Invoker.invokeTestMethod(Invoker.java:821)
	at org.testng.internal.Invoker.invokeTestMethods(Invoker.java:1131)
	at org.testng.internal.TestMethodWorker.invokeTestMethods(TestMethodWorker.java:124)
	at org.testng.internal.TestMethodWorker.run(TestMethodWorker.java:108)
	at org.testng.TestRunner.privateRun(TestRunner.java:773)
	at org.testng.TestRunner.run(TestRunner.java:623)
	at org.testng.SuiteRunner.runTest(SuiteRunner.java:357)
	at org.testng.SuiteRunner.access$000(SuiteRunner.java:39)
	at org.testng.SuiteRunner$SuiteWorker.run(SuiteRunner.java:391)
	at org.testng.internal.thread.ThreadUtil$2.call(ThreadUtil.java:64)
	at java.util.concurrent.FutureTask.run(Unknown Source)
	at java.util.concurrent.ThreadPoolExecutor.runWorker(Unknown Source)
	at java.util.concurrent.ThreadPoolExecutor$Worker.run(Unknown Source)
	at java.lang.Thread.run(Unknown Source)
Caused by: org.openqa.selenium.NoSuchElementException: Unable to locate element: {&quot;method&quot;:&quot;xpath&quot;,&quot;selector&quot;:&quot;.//*[contains(text(),&apos;08:&apos;)]/parent::tr/td[contains(text(),&apos;09:&apos;)]/parent::tr/td[contains(text(),&apos;23&apos;)]/parent::tr/td/a&quot;}
For documentation on this error, please visit: http://seleniumhq.org/exceptions/no_such_element.html
Build info: version: &apos;2.48.2&apos;, revision: &apos;41bccdd&apos;, time: &apos;2015-10-09 19:55:52&apos;
System info: host: &apos;OSO-DTP-057&apos;, ip: &apos;192.168.32.37&apos;, os.name: &apos;Windows 8.1&apos;, os.arch: &apos;x86&apos;, os.version: &apos;6.3&apos;, java.version: &apos;1.8.0_25&apos;
Driver info: driver.version: unknown
	at &lt;anonymous class&gt;.FirefoxDriver.prototype.findElementInternal_(file:///C:/Users/YOGESH~1.MAN/AppData/Local/Temp/anonymous2055248502385642557webdriver-profile/extensions/fxdriver@googlecode.com/components/driver-component.js:10659)
	at &lt;anonymous class&gt;.FirefoxDriver.prototype.findElement(file:///C:/Users/YOGESH~1.MAN/AppData/Local/Temp/anonymous2055248502385642557webdriver-profile/extensions/fxdriver@googlecode.com/components/driver-component.js:10668)
	at &lt;anonymous class&gt;.DelayedCommand.prototype.executeInternal_/h(file:///C:/Users/YOGESH~1.MAN/AppData/Local/Temp/anonymous2055248502385642557webdriver-profile/extensions/fxdriver@googlecode.com/components/command-processor.js:12534)
	at &lt;anonymous class&gt;.DelayedCommand.prototype.executeInternal_(file:///C:/Users/YOGESH~1.MAN/AppData/Local/Temp/anonymous2055248502385642557webdriver-profile/extensions/fxdriver@googlecode.com/components/command-processor.js:12539)
	at &lt;anonymous class&gt;.DelayedCommand.prototype.execute/&lt;(file:///C:/Users/YOGESH~1.MAN/AppData/Local/Temp/anonymous2055248502385642557webdriver-profile/extensions/fxdriver@googlecode.com/components/command-processor.js:12481)
</pre></div></td>
<td>8</td>
<td>Module.ELC.Induction.TC022_InductionMapping@10161f7</td></tr>
</table><p>
<table width='100%' border='1' class='invocation-passed'>
<tr><td colspan='4' align='center'><b>PASSED TESTS</b></td></tr>
<tr><td><b>Test method</b></td>
<td width="30%"><b>Exception</b></td>
<td width="10%"><b>Time (seconds)</b></td>
<td><b>Instance</b></td>
</tr>
<tr>
<td title='Module.ELC.Induction.TC021_InductionSchedule.Login()'><b>Login</b><br>Test class: Module.ELC.Induction.TC021_InductionSchedule<br/>
<a href="#Output-32160875" onClick='toggleBox("Output-32160875", this, "Show output", "Hide output");'>Show output</a>

<a href="#Output-32160875" onClick="toggleAllBoxes();">Show all outputs</a>
<div class='log' id="Output-32160875">
Completed executing : TC021_InductionSchedule.Login<br/>
Test is Success:Login<br/>
TestName =: null<br/>
Test Method resides in :=Module.ELC.Induction.TC021_InductionSchedule<br/>
Test Status: Pass<br/>
Before executing : TestBase.afterMethod<br/>
</div>
</td>
<td></td>
<td>1</td>
<td>Module.ELC.Induction.TC021_InductionSchedule@1e36e46</td></tr>
<tr>
<td title='Module.ELC.Induction.TC022_InductionMapping.Login()'><b>Login</b><br>Test class: Module.ELC.Induction.TC022_InductionMapping<br/>
<a href="#Output-26142739" onClick='toggleBox("Output-26142739", this, "Show output", "Hide output");'>Show output</a>

<a href="#Output-26142739" onClick="toggleAllBoxes();">Show all outputs</a>
<div class='log' id="Output-26142739">
Completed executing : TC022_InductionMapping.Login<br/>
Test is Success:Login<br/>
TestName =: null<br/>
Test Method resides in :=Module.ELC.Induction.TC022_InductionMapping<br/>
Test Status: Pass<br/>
Before executing : TestBase.afterMethod<br/>
</div>
</td>
<td></td>
<td>1</td>
<td>Module.ELC.Induction.TC022_InductionMapping@10161f7</td></tr>
<tr>
<td title='Module.ELC.Induction.TC021_InductionSchedule.TargetPage()'><b>TargetPage</b><br>Test class: Module.ELC.Induction.TC021_InductionSchedule<br/>
<a href="#Output-15617957" onClick='toggleBox("Output-15617957", this, "Show output", "Hide output");'>Show output</a>

<a href="#Output-15617957" onClick="toggleAllBoxes();">Show all outputs</a>
<div class='log' id="Output-15617957">
target page is open successfully<br/>
Completed executing : TC021_InductionSchedule.TargetPage<br/>
Test is Success:TargetPage<br/>
TestName =: null<br/>
Test Method resides in :=Module.ELC.Induction.TC021_InductionSchedule<br/>
Test Status: Pass<br/>
Before executing : TestBase.afterMethod<br/>
</div>
</td>
<td></td>
<td>157</td>
<td>Module.ELC.Induction.TC021_InductionSchedule@1e36e46</td></tr>
<tr>
<td title='Module.ELC.Induction.TC022_InductionMapping.TargetPage()'><b>TargetPage</b><br>Test class: Module.ELC.Induction.TC022_InductionMapping<br/>
<a href="#Output-19211545" onClick='toggleBox("Output-19211545", this, "Show output", "Hide output");'>Show output</a>

<a href="#Output-19211545" onClick="toggleAllBoxes();">Show all outputs</a>
<div class='log' id="Output-19211545">
target page is open successfully<br/>
Completed executing : TC022_InductionMapping.TargetPage<br/>
Test is Success:TargetPage<br/>
TestName =: null<br/>
Test Method resides in :=Module.ELC.Induction.TC022_InductionMapping<br/>
Test Status: Pass<br/>
Before executing : TestBase.afterMethod<br/>
</div>
</td>
<td></td>
<td>69</td>
<td>Module.ELC.Induction.TC022_InductionMapping@10161f7</td></tr>
</table><p>
<table width='100%' border='1' class='invocation-skipped'>
<tr><td colspan='4' align='center'><b>SKIPPED TESTS</b></td></tr>
<tr><td><b>Test method</b></td>
<td width="30%"><b>Exception</b></td>
<td width="10%"><b>Time (seconds)</b></td>
<td><b>Instance</b></td>
</tr>
<tr>
<td title='Module.ELC.Induction.TC022_InductionMapping.SearchFunctionality()'><b>SearchFunctionality</b><br>Test class: Module.ELC.Induction.TC022_InductionMapping</td>
<td><div><pre>org.testng.TestNGException: 
Method SearchFunctionality requires 1 parameters but 0 were supplied in the @Test annotation.
	at java.util.concurrent.FutureTask.run(Unknown Source)
	at java.util.concurrent.ThreadPoolExecutor.runWorker(Unknown Source)
	at java.util.concurrent.ThreadPoolExecutor$Worker.run(Unknown Source)
	at java.lang.Thread.run(Unknown Source)
... Removed 15 stack frames</pre></div><a href='#' onClick='toggleBox("stack-trace12082461", this, "Click to show all stack frames", "Click to hide stack frames")'>Click to show all stack frames</a>
<div class='stack-trace' id='stack-trace12082461'><pre>org.testng.TestNGException: 
Method SearchFunctionality requires 1 parameters but 0 were supplied in the @Test annotation.
	at org.testng.internal.Parameters.checkParameterTypes(Parameters.java:191)
	at org.testng.internal.Parameters.createParameters(Parameters.java:127)
	at org.testng.internal.Parameters.createParameters(Parameters.java:376)
	at org.testng.internal.Parameters.handleParameters(Parameters.java:451)
	at org.testng.internal.Invoker.handleParameters(Invoker.java:1276)
	at org.testng.internal.Invoker.createParameters(Invoker.java:992)
	at org.testng.internal.Invoker.invokeTestMethods(Invoker.java:1082)
	at org.testng.internal.TestMethodWorker.invokeTestMethods(TestMethodWorker.java:124)
	at org.testng.internal.TestMethodWorker.run(TestMethodWorker.java:108)
	at org.testng.TestRunner.privateRun(TestRunner.java:773)
	at org.testng.TestRunner.run(TestRunner.java:623)
	at org.testng.SuiteRunner.runTest(SuiteRunner.java:357)
	at org.testng.SuiteRunner.access$000(SuiteRunner.java:39)
	at org.testng.SuiteRunner$SuiteWorker.run(SuiteRunner.java:391)
	at org.testng.internal.thread.ThreadUtil$2.call(ThreadUtil.java:64)
	at java.util.concurrent.FutureTask.run(Unknown Source)
	at java.util.concurrent.ThreadPoolExecutor.runWorker(Unknown Source)
	at java.util.concurrent.ThreadPoolExecutor$Worker.run(Unknown Source)
	at java.lang.Thread.run(Unknown Source)
</pre></div></td>
<td>0</td>
<td>Module.ELC.Induction.TC022_InductionMapping@10161f7</td></tr>
</table><p>
</body>
</html>