<html>
<head>
<title>TestNG:  leave application</title>
<link href="../testng.css" rel="stylesheet" type="text/css" />
<link href="../my-testng.css" rel="stylesheet" type="text/css" />

<style type="text/css">
.log { display: none;} 
.stack-trace { display: none;} 
</style>
<script type="text/javascript">
<!--
function flip(e) {
  current = e.style.display;
  if (current == 'block') {
    e.style.display = 'none';
    return 0;
  }
  else {
    e.style.display = 'block';
    return 1;
  }
}

function toggleBox(szDivId, elem, msg1, msg2)
{
  var res = -1;  if (document.getElementById) {
    res = flip(document.getElementById(szDivId));
  }
  else if (document.all) {
    // this is the way old msie versions work
    res = flip(document.all[szDivId]);
  }
  if(elem) {
    if(res == 0) elem.innerHTML = msg1; else elem.innerHTML = msg2;
  }

}

function toggleAllBoxes() {
  if (document.getElementsByTagName) {
    d = document.getElementsByTagName('div');
    for (i = 0; i < d.length; i++) {
      if (d[i].className == 'log') {
        flip(d[i]);
      }
    }
  }
}

// -->
</script>

</head>
<body>
<h2 align='center'>leave application</h2><table border='1' align="center">
<tr>
<td>Tests passed/Failed/Skipped:</td><td>0/0/20</td>
</tr><tr>
<td>Started on:</td><td>Fri Oct 06 12:51:34 IST 2017</td>
</tr>
<tr><td>Total time:</td><td>935 seconds (935355 ms)</td>
</tr><tr>
<td>Included groups:</td><td></td>
</tr><tr>
<td>Excluded groups:</td><td></td>
</tr>
</table><p/>
<small><i>(Hover the method name to see the test class name)</i></small><p/>
<table width='100%' border='1' class='invocation-skipped'>
<tr><td colspan='4' align='center'><b>SKIPPED TESTS</b></td></tr>
<tr><td><b>Test method</b></td>
<td width="30%"><b>Exception</b></td>
<td width="10%"><b>Time (seconds)</b></td>
<td><b>Instance</b></td>
</tr>
<tr>
<td title='ESS.LeaveandAttendance.LeaveApplication.TC001_ApplyLeave.ApplyLeave()'><b>ApplyLeave</b><br>Test class: ESS.LeaveandAttendance.LeaveApplication.TC001_ApplyLeave</td>
<td><div><pre>java.lang.Throwable: Method TC001_ApplyLeave.ApplyLeave(java.lang.String, java.lang.String, java.lang.String, java.lang.String, java.lang.String, java.lang.String, java.lang.String, java.lang.String, java.lang.String)[pri:0, instance:ESS.LeaveandAttendance.LeaveApplication.TC001_ApplyLeave@f926e6] depends on not successfully finished methods
	at java.util.concurrent.FutureTask.run(Unknown Source)
	at java.util.concurrent.ThreadPoolExecutor.runWorker(Unknown Source)
	at java.util.concurrent.ThreadPoolExecutor$Worker.run(Unknown Source)
	at java.lang.Thread.run(Unknown Source)
... Removed 9 stack frames</pre></div><a href='#' onClick='toggleBox("stack-trace5383360", this, "Click to show all stack frames", "Click to hide stack frames")'>Click to show all stack frames</a>
<div class='stack-trace' id='stack-trace5383360'><pre>java.lang.Throwable: Method TC001_ApplyLeave.ApplyLeave(java.lang.String, java.lang.String, java.lang.String, java.lang.String, java.lang.String, java.lang.String, java.lang.String, java.lang.String, java.lang.String)[pri:0, instance:ESS.LeaveandAttendance.LeaveApplication.TC001_ApplyLeave@f926e6] depends on not successfully finished methods
	at org.testng.internal.Invoker.invokeTestMethods(Invoker.java:1040)
	at org.testng.internal.TestMethodWorker.invokeTestMethods(TestMethodWorker.java:124)
	at org.testng.internal.TestMethodWorker.run(TestMethodWorker.java:108)
	at org.testng.TestRunner.privateRun(TestRunner.java:773)
	at org.testng.TestRunner.run(TestRunner.java:623)
	at org.testng.SuiteRunner.runTest(SuiteRunner.java:357)
	at org.testng.SuiteRunner.access$000(SuiteRunner.java:39)
	at org.testng.SuiteRunner$SuiteWorker.run(SuiteRunner.java:391)
	at org.testng.internal.thread.ThreadUtil$2.call(ThreadUtil.java:64)
	at java.util.concurrent.FutureTask.run(Unknown Source)
	at java.util.concurrent.ThreadPoolExecutor.runWorker(Unknown Source)
	at java.util.concurrent.ThreadPoolExecutor$Worker.run(Unknown Source)
	at java.lang.Thread.run(Unknown Source)
</pre></div></td>
<td>0</td>
<td>null</td></tr>
<tr>
<td title='ESS.LeaveandAttendance.LeaveApplication.TC002_LeaveApproval.LeaveApproveReject()'><b>LeaveApproveReject</b><br>Test class: ESS.LeaveandAttendance.LeaveApplication.TC002_LeaveApproval</td>
<td><div><pre>java.lang.Throwable: Method TC002_LeaveApproval.LeaveApproveReject(java.lang.String, java.lang.String, java.lang.String, java.lang.String)[pri:0, instance:ESS.LeaveandAttendance.LeaveApplication.TC002_LeaveApproval@f3eef9] depends on not successfully finished methods in group &quot;Ltargetpage&quot;
	at java.util.concurrent.FutureTask.run(Unknown Source)
	at java.util.concurrent.ThreadPoolExecutor.runWorker(Unknown Source)
	at java.util.concurrent.ThreadPoolExecutor$Worker.run(Unknown Source)
	at java.lang.Thread.run(Unknown Source)
... Removed 9 stack frames</pre></div><a href='#' onClick='toggleBox("stack-trace4127065", this, "Click to show all stack frames", "Click to hide stack frames")'>Click to show all stack frames</a>
<div class='stack-trace' id='stack-trace4127065'><pre>java.lang.Throwable: Method TC002_LeaveApproval.LeaveApproveReject(java.lang.String, java.lang.String, java.lang.String, java.lang.String)[pri:0, instance:ESS.LeaveandAttendance.LeaveApplication.TC002_LeaveApproval@f3eef9] depends on not successfully finished methods in group &quot;Ltargetpage&quot;
	at org.testng.internal.Invoker.invokeTestMethods(Invoker.java:1040)
	at org.testng.internal.TestMethodWorker.invokeTestMethods(TestMethodWorker.java:124)
	at org.testng.internal.TestMethodWorker.run(TestMethodWorker.java:108)
	at org.testng.TestRunner.privateRun(TestRunner.java:773)
	at org.testng.TestRunner.run(TestRunner.java:623)
	at org.testng.SuiteRunner.runTest(SuiteRunner.java:357)
	at org.testng.SuiteRunner.access$000(SuiteRunner.java:39)
	at org.testng.SuiteRunner$SuiteWorker.run(SuiteRunner.java:391)
	at org.testng.internal.thread.ThreadUtil$2.call(ThreadUtil.java:64)
	at java.util.concurrent.FutureTask.run(Unknown Source)
	at java.util.concurrent.ThreadPoolExecutor.runWorker(Unknown Source)
	at java.util.concurrent.ThreadPoolExecutor$Worker.run(Unknown Source)
	at java.lang.Thread.run(Unknown Source)
</pre></div></td>
<td>0</td>
<td>null</td></tr>
<tr>
<td title='ESS.LeaveandAttendance.LeaveApplication.TC019_LeaveApprovalPlannerViewer.LeavePlannerViewer()'><b>LeavePlannerViewer</b><br>Test class: ESS.LeaveandAttendance.LeaveApplication.TC019_LeaveApprovalPlannerViewer</td>
<td><div><pre>java.lang.Throwable: Method TC019_LeaveApprovalPlannerViewer.LeavePlannerViewer(java.lang.String, java.lang.String, java.lang.String, java.lang.String, java.lang.String, java.lang.String, java.lang.String, java.lang.String, java.lang.String)[pri:0, instance:ESS.LeaveandAttendance.LeaveApplication.TC019_LeaveApprovalPlannerViewer@999068] depends on not successfully finished methods in group &quot;Ltargetpage&quot;
	at java.util.concurrent.FutureTask.run(Unknown Source)
	at java.util.concurrent.ThreadPoolExecutor.runWorker(Unknown Source)
	at java.util.concurrent.ThreadPoolExecutor$Worker.run(Unknown Source)
	at java.lang.Thread.run(Unknown Source)
... Removed 9 stack frames</pre></div><a href='#' onClick='toggleBox("stack-trace26643589", this, "Click to show all stack frames", "Click to hide stack frames")'>Click to show all stack frames</a>
<div class='stack-trace' id='stack-trace26643589'><pre>java.lang.Throwable: Method TC019_LeaveApprovalPlannerViewer.LeavePlannerViewer(java.lang.String, java.lang.String, java.lang.String, java.lang.String, java.lang.String, java.lang.String, java.lang.String, java.lang.String, java.lang.String)[pri:0, instance:ESS.LeaveandAttendance.LeaveApplication.TC019_LeaveApprovalPlannerViewer@999068] depends on not successfully finished methods in group &quot;Ltargetpage&quot;
	at org.testng.internal.Invoker.invokeTestMethods(Invoker.java:1040)
	at org.testng.internal.TestMethodWorker.invokeTestMethods(TestMethodWorker.java:124)
	at org.testng.internal.TestMethodWorker.run(TestMethodWorker.java:108)
	at org.testng.TestRunner.privateRun(TestRunner.java:773)
	at org.testng.TestRunner.run(TestRunner.java:623)
	at org.testng.SuiteRunner.runTest(SuiteRunner.java:357)
	at org.testng.SuiteRunner.access$000(SuiteRunner.java:39)
	at org.testng.SuiteRunner$SuiteWorker.run(SuiteRunner.java:391)
	at org.testng.internal.thread.ThreadUtil$2.call(ThreadUtil.java:64)
	at java.util.concurrent.FutureTask.run(Unknown Source)
	at java.util.concurrent.ThreadPoolExecutor.runWorker(Unknown Source)
	at java.util.concurrent.ThreadPoolExecutor$Worker.run(Unknown Source)
	at java.lang.Thread.run(Unknown Source)
</pre></div></td>
<td>0</td>
<td>null</td></tr>
<tr>
<td title='ESS.LeaveandAttendance.LeaveApplication.TC001_ApplyLeave.Login()'><b>Login</b><br>Test class: ESS.LeaveandAttendance.LeaveApplication.TC001_ApplyLeave<br/>
<a href="#Output-3981171" onClick='toggleBox("Output-3981171", this, "Show output", "Hide output");'>Show output</a>

<a href="#Output-3981171" onClick="toggleAllBoxes();">Show all outputs</a>
<div class='log' id="Output-3981171">
Completed executing : TC001_ApplyLeave.Login<br/>
Test is skipped:Login<br/>
TestName =: null<br/>
Test Method resides in :=ESS.LeaveandAttendance.LeaveApplication.TC001_ApplyLeave<br/>
Test Status: Skipped<br/>
Before executing : TestBase.afterMethod<br/>
</div>
</td>
<td><div><pre>org.testng.SkipException: Not Executed this test case
	at ESS.LeaveandAttendance.LeaveApplication.TC001_ApplyLeave.Login(TC001_ApplyLeave.java:49)
	at java.util.concurrent.FutureTask.run(Unknown Source)
	at java.util.concurrent.ThreadPoolExecutor.runWorker(Unknown Source)
	at java.util.concurrent.ThreadPoolExecutor$Worker.run(Unknown Source)
	at java.lang.Thread.run(Unknown Source)
... Removed 16 stack frames</pre></div><a href='#' onClick='toggleBox("stack-trace3981171", this, "Click to show all stack frames", "Click to hide stack frames")'>Click to show all stack frames</a>
<div class='stack-trace' id='stack-trace3981171'><pre>org.testng.SkipException: Not Executed this test case
	at ESS.LeaveandAttendance.LeaveApplication.TC001_ApplyLeave.Login(TC001_ApplyLeave.java:49)
	at sun.reflect.NativeMethodAccessorImpl.invoke0(Native Method)
	at sun.reflect.NativeMethodAccessorImpl.invoke(Unknown Source)
	at sun.reflect.DelegatingMethodAccessorImpl.invoke(Unknown Source)
	at java.lang.reflect.Method.invoke(Unknown Source)
	at org.testng.internal.MethodInvocationHelper.invokeMethod(MethodInvocationHelper.java:85)
	at org.testng.internal.Invoker.invokeMethod(Invoker.java:639)
	at org.testng.internal.Invoker.invokeTestMethod(Invoker.java:821)
	at org.testng.internal.Invoker.invokeTestMethods(Invoker.java:1131)
	at org.testng.internal.TestMethodWorker.invokeTestMethods(TestMethodWorker.java:124)
	at org.testng.internal.TestMethodWorker.run(TestMethodWorker.java:108)
	at org.testng.TestRunner.privateRun(TestRunner.java:773)
	at org.testng.TestRunner.run(TestRunner.java:623)
	at org.testng.SuiteRunner.runTest(SuiteRunner.java:357)
	at org.testng.SuiteRunner.access$000(SuiteRunner.java:39)
	at org.testng.SuiteRunner$SuiteWorker.run(SuiteRunner.java:391)
	at org.testng.internal.thread.ThreadUtil$2.call(ThreadUtil.java:64)
	at java.util.concurrent.FutureTask.run(Unknown Source)
	at java.util.concurrent.ThreadPoolExecutor.runWorker(Unknown Source)
	at java.util.concurrent.ThreadPoolExecutor$Worker.run(Unknown Source)
	at java.lang.Thread.run(Unknown Source)
</pre></div></td>
<td>0</td>
<td>ESS.LeaveandAttendance.LeaveApplication.TC001_ApplyLeave@f926e6</td></tr>
<tr>
<td title='ESS.LeaveandAttendance.LeaveApplication.TC019_LeaveApprovalPlannerViewer.Login()'><b>Login</b><br>Test class: ESS.LeaveandAttendance.LeaveApplication.TC019_LeaveApprovalPlannerViewer<br/>
<a href="#Output-701661" onClick='toggleBox("Output-701661", this, "Show output", "Hide output");'>Show output</a>

<a href="#Output-701661" onClick="toggleAllBoxes();">Show all outputs</a>
<div class='log' id="Output-701661">
Completed executing : TC019_LeaveApprovalPlannerViewer.Login<br/>
Test is skipped:Login<br/>
TestName =: null<br/>
Test Method resides in :=ESS.LeaveandAttendance.LeaveApplication.TC019_LeaveApprovalPlannerViewer<br/>
Test Status: Skipped<br/>
Before executing : TestBase.afterMethod<br/>
</div>
</td>
<td><div><pre>org.testng.SkipException: Not Executed this test case
	at ESS.LeaveandAttendance.LeaveApplication.TC019_LeaveApprovalPlannerViewer.Login(TC019_LeaveApprovalPlannerViewer.java:58)
	at java.util.concurrent.FutureTask.run(Unknown Source)
	at java.util.concurrent.ThreadPoolExecutor.runWorker(Unknown Source)
	at java.util.concurrent.ThreadPoolExecutor$Worker.run(Unknown Source)
	at java.lang.Thread.run(Unknown Source)
... Removed 16 stack frames</pre></div><a href='#' onClick='toggleBox("stack-trace701661", this, "Click to show all stack frames", "Click to hide stack frames")'>Click to show all stack frames</a>
<div class='stack-trace' id='stack-trace701661'><pre>org.testng.SkipException: Not Executed this test case
	at ESS.LeaveandAttendance.LeaveApplication.TC019_LeaveApprovalPlannerViewer.Login(TC019_LeaveApprovalPlannerViewer.java:58)
	at sun.reflect.NativeMethodAccessorImpl.invoke0(Native Method)
	at sun.reflect.NativeMethodAccessorImpl.invoke(Unknown Source)
	at sun.reflect.DelegatingMethodAccessorImpl.invoke(Unknown Source)
	at java.lang.reflect.Method.invoke(Unknown Source)
	at org.testng.internal.MethodInvocationHelper.invokeMethod(MethodInvocationHelper.java:85)
	at org.testng.internal.Invoker.invokeMethod(Invoker.java:639)
	at org.testng.internal.Invoker.invokeTestMethod(Invoker.java:821)
	at org.testng.internal.Invoker.invokeTestMethods(Invoker.java:1131)
	at org.testng.internal.TestMethodWorker.invokeTestMethods(TestMethodWorker.java:124)
	at org.testng.internal.TestMethodWorker.run(TestMethodWorker.java:108)
	at org.testng.TestRunner.privateRun(TestRunner.java:773)
	at org.testng.TestRunner.run(TestRunner.java:623)
	at org.testng.SuiteRunner.runTest(SuiteRunner.java:357)
	at org.testng.SuiteRunner.access$000(SuiteRunner.java:39)
	at org.testng.SuiteRunner$SuiteWorker.run(SuiteRunner.java:391)
	at org.testng.internal.thread.ThreadUtil$2.call(ThreadUtil.java:64)
	at java.util.concurrent.FutureTask.run(Unknown Source)
	at java.util.concurrent.ThreadPoolExecutor.runWorker(Unknown Source)
	at java.util.concurrent.ThreadPoolExecutor$Worker.run(Unknown Source)
	at java.lang.Thread.run(Unknown Source)
</pre></div></td>
<td>0</td>
<td>ESS.LeaveandAttendance.LeaveApplication.TC019_LeaveApprovalPlannerViewer@999068</td></tr>
<tr>
<td title='ESS.LeaveandAttendance.LeaveApplication.TC002_LeaveApproval.Login()'><b>Login</b><br>Test class: ESS.LeaveandAttendance.LeaveApplication.TC002_LeaveApproval<br/>
<a href="#Output-5141100" onClick='toggleBox("Output-5141100", this, "Show output", "Hide output");'>Show output</a>

<a href="#Output-5141100" onClick="toggleAllBoxes();">Show all outputs</a>
<div class='log' id="Output-5141100">
Completed executing : TC002_LeaveApproval.Login<br/>
Test is skipped:Login<br/>
TestName =: null<br/>
Test Method resides in :=ESS.LeaveandAttendance.LeaveApplication.TC002_LeaveApproval<br/>
Test Status: Skipped<br/>
Before executing : TestBase.afterMethod<br/>
</div>
</td>
<td><div><pre>org.testng.SkipException: Not Executed this test case
	at ESS.LeaveandAttendance.LeaveApplication.TC002_LeaveApproval.Login(TC002_LeaveApproval.java:56)
	at java.util.concurrent.FutureTask.run(Unknown Source)
	at java.util.concurrent.ThreadPoolExecutor.runWorker(Unknown Source)
	at java.util.concurrent.ThreadPoolExecutor$Worker.run(Unknown Source)
	at java.lang.Thread.run(Unknown Source)
... Removed 16 stack frames</pre></div><a href='#' onClick='toggleBox("stack-trace5141100", this, "Click to show all stack frames", "Click to hide stack frames")'>Click to show all stack frames</a>
<div class='stack-trace' id='stack-trace5141100'><pre>org.testng.SkipException: Not Executed this test case
	at ESS.LeaveandAttendance.LeaveApplication.TC002_LeaveApproval.Login(TC002_LeaveApproval.java:56)
	at sun.reflect.NativeMethodAccessorImpl.invoke0(Native Method)
	at sun.reflect.NativeMethodAccessorImpl.invoke(Unknown Source)
	at sun.reflect.DelegatingMethodAccessorImpl.invoke(Unknown Source)
	at java.lang.reflect.Method.invoke(Unknown Source)
	at org.testng.internal.MethodInvocationHelper.invokeMethod(MethodInvocationHelper.java:85)
	at org.testng.internal.Invoker.invokeMethod(Invoker.java:639)
	at org.testng.internal.Invoker.invokeTestMethod(Invoker.java:821)
	at org.testng.internal.Invoker.invokeTestMethods(Invoker.java:1131)
	at org.testng.internal.TestMethodWorker.invokeTestMethods(TestMethodWorker.java:124)
	at org.testng.internal.TestMethodWorker.run(TestMethodWorker.java:108)
	at org.testng.TestRunner.privateRun(TestRunner.java:773)
	at org.testng.TestRunner.run(TestRunner.java:623)
	at org.testng.SuiteRunner.runTest(SuiteRunner.java:357)
	at org.testng.SuiteRunner.access$000(SuiteRunner.java:39)
	at org.testng.SuiteRunner$SuiteWorker.run(SuiteRunner.java:391)
	at org.testng.internal.thread.ThreadUtil$2.call(ThreadUtil.java:64)
	at java.util.concurrent.FutureTask.run(Unknown Source)
	at java.util.concurrent.ThreadPoolExecutor.runWorker(Unknown Source)
	at java.util.concurrent.ThreadPoolExecutor$Worker.run(Unknown Source)
	at java.lang.Thread.run(Unknown Source)
</pre></div></td>
<td>0</td>
<td>ESS.LeaveandAttendance.LeaveApplication.TC002_LeaveApproval@f3eef9</td></tr>
<tr>
<td title='ESS.LeaveandAttendance.LeaveApplication.TC003_LeaveVerify.Login()'><b>Login</b><br>Test class: ESS.LeaveandAttendance.LeaveApplication.TC003_LeaveVerify<br/>
<a href="#Output-8507400" onClick='toggleBox("Output-8507400", this, "Show output", "Hide output");'>Show output</a>

<a href="#Output-8507400" onClick="toggleAllBoxes();">Show all outputs</a>
<div class='log' id="Output-8507400">
Completed executing : TC003_LeaveVerify.Login<br/>
Test is skipped:Login<br/>
TestName =: null<br/>
Test Method resides in :=ESS.LeaveandAttendance.LeaveApplication.TC003_LeaveVerify<br/>
Test Status: Skipped<br/>
Before executing : TestBase.afterMethod<br/>
</div>
</td>
<td><div><pre>org.testng.SkipException: Not Executed this test case
	at ESS.LeaveandAttendance.LeaveApplication.TC003_LeaveVerify.Login(TC003_LeaveVerify.java:52)
	at java.util.concurrent.FutureTask.run(Unknown Source)
	at java.util.concurrent.ThreadPoolExecutor.runWorker(Unknown Source)
	at java.util.concurrent.ThreadPoolExecutor$Worker.run(Unknown Source)
	at java.lang.Thread.run(Unknown Source)
... Removed 16 stack frames</pre></div><a href='#' onClick='toggleBox("stack-trace8507400", this, "Click to show all stack frames", "Click to hide stack frames")'>Click to show all stack frames</a>
<div class='stack-trace' id='stack-trace8507400'><pre>org.testng.SkipException: Not Executed this test case
	at ESS.LeaveandAttendance.LeaveApplication.TC003_LeaveVerify.Login(TC003_LeaveVerify.java:52)
	at sun.reflect.NativeMethodAccessorImpl.invoke0(Native Method)
	at sun.reflect.NativeMethodAccessorImpl.invoke(Unknown Source)
	at sun.reflect.DelegatingMethodAccessorImpl.invoke(Unknown Source)
	at java.lang.reflect.Method.invoke(Unknown Source)
	at org.testng.internal.MethodInvocationHelper.invokeMethod(MethodInvocationHelper.java:85)
	at org.testng.internal.Invoker.invokeMethod(Invoker.java:639)
	at org.testng.internal.Invoker.invokeTestMethod(Invoker.java:821)
	at org.testng.internal.Invoker.invokeTestMethods(Invoker.java:1131)
	at org.testng.internal.TestMethodWorker.invokeTestMethods(TestMethodWorker.java:124)
	at org.testng.internal.TestMethodWorker.run(TestMethodWorker.java:108)
	at org.testng.TestRunner.privateRun(TestRunner.java:773)
	at org.testng.TestRunner.run(TestRunner.java:623)
	at org.testng.SuiteRunner.runTest(SuiteRunner.java:357)
	at org.testng.SuiteRunner.access$000(SuiteRunner.java:39)
	at org.testng.SuiteRunner$SuiteWorker.run(SuiteRunner.java:391)
	at org.testng.internal.thread.ThreadUtil$2.call(ThreadUtil.java:64)
	at java.util.concurrent.FutureTask.run(Unknown Source)
	at java.util.concurrent.ThreadPoolExecutor.runWorker(Unknown Source)
	at java.util.concurrent.ThreadPoolExecutor$Worker.run(Unknown Source)
	at java.lang.Thread.run(Unknown Source)
</pre></div></td>
<td>0</td>
<td>ESS.LeaveandAttendance.LeaveApplication.TC003_LeaveVerify@3c4f91</td></tr>
<tr>
<td title='ESS.LeaveandAttendance.LeaveApplication.TC004_LeaveRevoke.Login()'><b>Login</b><br>Test class: ESS.LeaveandAttendance.LeaveApplication.TC004_LeaveRevoke<br/>
<a href="#Output-15795515" onClick='toggleBox("Output-15795515", this, "Show output", "Hide output");'>Show output</a>

<a href="#Output-15795515" onClick="toggleAllBoxes();">Show all outputs</a>
<div class='log' id="Output-15795515">
Completed executing : TC004_LeaveRevoke.Login<br/>
Test is skipped:Login<br/>
TestName =: null<br/>
Test Method resides in :=ESS.LeaveandAttendance.LeaveApplication.TC004_LeaveRevoke<br/>
Test Status: Skipped<br/>
Before executing : TestBase.afterMethod<br/>
</div>
</td>
<td><div><pre>org.testng.SkipException: Not Executed this test case
	at ESS.LeaveandAttendance.LeaveApplication.TC004_LeaveRevoke.Login(TC004_LeaveRevoke.java:52)
	at java.util.concurrent.FutureTask.run(Unknown Source)
	at java.util.concurrent.ThreadPoolExecutor.runWorker(Unknown Source)
	at java.util.concurrent.ThreadPoolExecutor$Worker.run(Unknown Source)
	at java.lang.Thread.run(Unknown Source)
... Removed 16 stack frames</pre></div><a href='#' onClick='toggleBox("stack-trace15795515", this, "Click to show all stack frames", "Click to hide stack frames")'>Click to show all stack frames</a>
<div class='stack-trace' id='stack-trace15795515'><pre>org.testng.SkipException: Not Executed this test case
	at ESS.LeaveandAttendance.LeaveApplication.TC004_LeaveRevoke.Login(TC004_LeaveRevoke.java:52)
	at sun.reflect.NativeMethodAccessorImpl.invoke0(Native Method)
	at sun.reflect.NativeMethodAccessorImpl.invoke(Unknown Source)
	at sun.reflect.DelegatingMethodAccessorImpl.invoke(Unknown Source)
	at java.lang.reflect.Method.invoke(Unknown Source)
	at org.testng.internal.MethodInvocationHelper.invokeMethod(MethodInvocationHelper.java:85)
	at org.testng.internal.Invoker.invokeMethod(Invoker.java:639)
	at org.testng.internal.Invoker.invokeTestMethod(Invoker.java:821)
	at org.testng.internal.Invoker.invokeTestMethods(Invoker.java:1131)
	at org.testng.internal.TestMethodWorker.invokeTestMethods(TestMethodWorker.java:124)
	at org.testng.internal.TestMethodWorker.run(TestMethodWorker.java:108)
	at org.testng.TestRunner.privateRun(TestRunner.java:773)
	at org.testng.TestRunner.run(TestRunner.java:623)
	at org.testng.SuiteRunner.runTest(SuiteRunner.java:357)
	at org.testng.SuiteRunner.access$000(SuiteRunner.java:39)
	at org.testng.SuiteRunner$SuiteWorker.run(SuiteRunner.java:391)
	at org.testng.internal.thread.ThreadUtil$2.call(ThreadUtil.java:64)
	at java.util.concurrent.FutureTask.run(Unknown Source)
	at java.util.concurrent.ThreadPoolExecutor.runWorker(Unknown Source)
	at java.util.concurrent.ThreadPoolExecutor$Worker.run(Unknown Source)
	at java.lang.Thread.run(Unknown Source)
</pre></div></td>
<td>0</td>
<td>ESS.LeaveandAttendance.LeaveApplication.TC004_LeaveRevoke@1df66b6</td></tr>
<tr>
<td title='ESS.LeaveandAttendance.LeaveApplication.TC005_OnBehalfLeaveApply.Login()'><b>Login</b><br>Test class: ESS.LeaveandAttendance.LeaveApplication.TC005_OnBehalfLeaveApply<br/>
<a href="#Output-23235591" onClick='toggleBox("Output-23235591", this, "Show output", "Hide output");'>Show output</a>

<a href="#Output-23235591" onClick="toggleAllBoxes();">Show all outputs</a>
<div class='log' id="Output-23235591">
Completed executing : TC005_OnBehalfLeaveApply.Login<br/>
Test is skipped:Login<br/>
TestName =: null<br/>
Test Method resides in :=ESS.LeaveandAttendance.LeaveApplication.TC005_OnBehalfLeaveApply<br/>
Test Status: Skipped<br/>
Before executing : TestBase.afterMethod<br/>
</div>
</td>
<td><div><pre>org.testng.SkipException: Not Executed this test case
	at ESS.LeaveandAttendance.LeaveApplication.TC005_OnBehalfLeaveApply.Login(TC005_OnBehalfLeaveApply.java:56)
	at java.util.concurrent.FutureTask.run(Unknown Source)
	at java.util.concurrent.ThreadPoolExecutor.runWorker(Unknown Source)
	at java.util.concurrent.ThreadPoolExecutor$Worker.run(Unknown Source)
	at java.lang.Thread.run(Unknown Source)
... Removed 16 stack frames</pre></div><a href='#' onClick='toggleBox("stack-trace23235591", this, "Click to show all stack frames", "Click to hide stack frames")'>Click to show all stack frames</a>
<div class='stack-trace' id='stack-trace23235591'><pre>org.testng.SkipException: Not Executed this test case
	at ESS.LeaveandAttendance.LeaveApplication.TC005_OnBehalfLeaveApply.Login(TC005_OnBehalfLeaveApply.java:56)
	at sun.reflect.NativeMethodAccessorImpl.invoke0(Native Method)
	at sun.reflect.NativeMethodAccessorImpl.invoke(Unknown Source)
	at sun.reflect.DelegatingMethodAccessorImpl.invoke(Unknown Source)
	at java.lang.reflect.Method.invoke(Unknown Source)
	at org.testng.internal.MethodInvocationHelper.invokeMethod(MethodInvocationHelper.java:85)
	at org.testng.internal.Invoker.invokeMethod(Invoker.java:639)
	at org.testng.internal.Invoker.invokeTestMethod(Invoker.java:821)
	at org.testng.internal.Invoker.invokeTestMethods(Invoker.java:1131)
	at org.testng.internal.TestMethodWorker.invokeTestMethods(TestMethodWorker.java:124)
	at org.testng.internal.TestMethodWorker.run(TestMethodWorker.java:108)
	at org.testng.TestRunner.privateRun(TestRunner.java:773)
	at org.testng.TestRunner.run(TestRunner.java:623)
	at org.testng.SuiteRunner.runTest(SuiteRunner.java:357)
	at org.testng.SuiteRunner.access$000(SuiteRunner.java:39)
	at org.testng.SuiteRunner$SuiteWorker.run(SuiteRunner.java:391)
	at org.testng.internal.thread.ThreadUtil$2.call(ThreadUtil.java:64)
	at java.util.concurrent.FutureTask.run(Unknown Source)
	at java.util.concurrent.ThreadPoolExecutor.runWorker(Unknown Source)
	at java.util.concurrent.ThreadPoolExecutor$Worker.run(Unknown Source)
	at java.lang.Thread.run(Unknown Source)
</pre></div></td>
<td>0</td>
<td>ESS.LeaveandAttendance.LeaveApplication.TC005_OnBehalfLeaveApply@eac852</td></tr>
<tr>
<td title='ESS.LeaveandAttendance.LeaveApplication.TC005_OnBehalfLeaveApply.OnBehalfLeaveApply()'><b>OnBehalfLeaveApply</b><br>Test class: ESS.LeaveandAttendance.LeaveApplication.TC005_OnBehalfLeaveApply<br>Parameters: Employee Code, 00390, Annual Leave, 09/10/2017, 1, 02245654444, 9775244583, not well, mahape, Submit, 09-OCT-17<br/>
<a href="#Output-1254759" onClick='toggleBox("Output-1254759", this, "Show output", "Hide output");'>Show output</a>

<a href="#Output-1254759" onClick="toggleAllBoxes();">Show all outputs</a>
<div class='log' id="Output-1254759">
Completed executing : TC005_OnBehalfLeaveApply.OnBehalfLeaveApply<br/>
Test is skipped:OnBehalfLeaveApply<br/>
TestName =: null<br/>
Test Method resides in :=ESS.LeaveandAttendance.LeaveApplication.TC005_OnBehalfLeaveApply<br/>
Test Method had the following parameters : nullEmployee Code,00390,Annual Leave,09/10/2017,1,02245654444,9775244583,not well,mahape,Submit,09-OCT-17,<br/>
Test Status: Skipped<br/>
Before executing : TestBase.afterMethod<br/>
</div>
</td>
<td><div><pre>org.testng.SkipException: Not Executed this test case
	at ESS.LeaveandAttendance.LeaveApplication.TC005_OnBehalfLeaveApply.OnBehalfLeaveApply(TC005_OnBehalfLeaveApply.java:79)
	at java.util.concurrent.FutureTask.run(Unknown Source)
	at java.util.concurrent.ThreadPoolExecutor.runWorker(Unknown Source)
	at java.util.concurrent.ThreadPoolExecutor$Worker.run(Unknown Source)
	at java.lang.Thread.run(Unknown Source)
... Removed 16 stack frames</pre></div><a href='#' onClick='toggleBox("stack-trace1254759", this, "Click to show all stack frames", "Click to hide stack frames")'>Click to show all stack frames</a>
<div class='stack-trace' id='stack-trace1254759'><pre>org.testng.SkipException: Not Executed this test case
	at ESS.LeaveandAttendance.LeaveApplication.TC005_OnBehalfLeaveApply.OnBehalfLeaveApply(TC005_OnBehalfLeaveApply.java:79)
	at sun.reflect.NativeMethodAccessorImpl.invoke0(Native Method)
	at sun.reflect.NativeMethodAccessorImpl.invoke(Unknown Source)
	at sun.reflect.DelegatingMethodAccessorImpl.invoke(Unknown Source)
	at java.lang.reflect.Method.invoke(Unknown Source)
	at org.testng.internal.MethodInvocationHelper.invokeMethod(MethodInvocationHelper.java:85)
	at org.testng.internal.Invoker.invokeMethod(Invoker.java:639)
	at org.testng.internal.Invoker.invokeTestMethod(Invoker.java:821)
	at org.testng.internal.Invoker.invokeTestMethods(Invoker.java:1131)
	at org.testng.internal.TestMethodWorker.invokeTestMethods(TestMethodWorker.java:124)
	at org.testng.internal.TestMethodWorker.run(TestMethodWorker.java:108)
	at org.testng.TestRunner.privateRun(TestRunner.java:773)
	at org.testng.TestRunner.run(TestRunner.java:623)
	at org.testng.SuiteRunner.runTest(SuiteRunner.java:357)
	at org.testng.SuiteRunner.access$000(SuiteRunner.java:39)
	at org.testng.SuiteRunner$SuiteWorker.run(SuiteRunner.java:391)
	at org.testng.internal.thread.ThreadUtil$2.call(ThreadUtil.java:64)
	at java.util.concurrent.FutureTask.run(Unknown Source)
	at java.util.concurrent.ThreadPoolExecutor.runWorker(Unknown Source)
	at java.util.concurrent.ThreadPoolExecutor$Worker.run(Unknown Source)
	at java.lang.Thread.run(Unknown Source)
</pre></div></td>
<td>0</td>
<td>ESS.LeaveandAttendance.LeaveApplication.TC005_OnBehalfLeaveApply@eac852</td></tr>
<tr>
<td title='ESS.LeaveandAttendance.LeaveApplication.TC005_OnBehalfLeaveApply.OnBehalfLeaveApply()'><b>OnBehalfLeaveApply</b><br>Test class: ESS.LeaveandAttendance.LeaveApplication.TC005_OnBehalfLeaveApply<br>Parameters: Employee Code, 00390, Annual Leave, 10/10/2017, 1, 02245654444, 9775244583, not well, mahape, Submit, 10-OCT-17<br/>
<a href="#Output-11403058" onClick='toggleBox("Output-11403058", this, "Show output", "Hide output");'>Show output</a>

<a href="#Output-11403058" onClick="toggleAllBoxes();">Show all outputs</a>
<div class='log' id="Output-11403058">
Completed executing : TC005_OnBehalfLeaveApply.OnBehalfLeaveApply<br/>
Test is skipped:OnBehalfLeaveApply<br/>
TestName =: null<br/>
Test Method resides in :=ESS.LeaveandAttendance.LeaveApplication.TC005_OnBehalfLeaveApply<br/>
Test Method had the following parameters : nullEmployee Code,00390,Annual Leave,10/10/2017,1,02245654444,9775244583,not well,mahape,Submit,10-OCT-17,<br/>
Test Status: Skipped<br/>
Before executing : TestBase.afterMethod<br/>
</div>
</td>
<td><div><pre>org.testng.SkipException: Not Executed this test case
	at ESS.LeaveandAttendance.LeaveApplication.TC005_OnBehalfLeaveApply.OnBehalfLeaveApply(TC005_OnBehalfLeaveApply.java:79)
	at java.util.concurrent.FutureTask.run(Unknown Source)
	at java.util.concurrent.ThreadPoolExecutor.runWorker(Unknown Source)
	at java.util.concurrent.ThreadPoolExecutor$Worker.run(Unknown Source)
	at java.lang.Thread.run(Unknown Source)
... Removed 16 stack frames</pre></div><a href='#' onClick='toggleBox("stack-trace11403058", this, "Click to show all stack frames", "Click to hide stack frames")'>Click to show all stack frames</a>
<div class='stack-trace' id='stack-trace11403058'><pre>org.testng.SkipException: Not Executed this test case
	at ESS.LeaveandAttendance.LeaveApplication.TC005_OnBehalfLeaveApply.OnBehalfLeaveApply(TC005_OnBehalfLeaveApply.java:79)
	at sun.reflect.NativeMethodAccessorImpl.invoke0(Native Method)
	at sun.reflect.NativeMethodAccessorImpl.invoke(Unknown Source)
	at sun.reflect.DelegatingMethodAccessorImpl.invoke(Unknown Source)
	at java.lang.reflect.Method.invoke(Unknown Source)
	at org.testng.internal.MethodInvocationHelper.invokeMethod(MethodInvocationHelper.java:85)
	at org.testng.internal.Invoker.invokeMethod(Invoker.java:639)
	at org.testng.internal.Invoker.invokeTestMethod(Invoker.java:821)
	at org.testng.internal.Invoker.invokeTestMethods(Invoker.java:1131)
	at org.testng.internal.TestMethodWorker.invokeTestMethods(TestMethodWorker.java:124)
	at org.testng.internal.TestMethodWorker.run(TestMethodWorker.java:108)
	at org.testng.TestRunner.privateRun(TestRunner.java:773)
	at org.testng.TestRunner.run(TestRunner.java:623)
	at org.testng.SuiteRunner.runTest(SuiteRunner.java:357)
	at org.testng.SuiteRunner.access$000(SuiteRunner.java:39)
	at org.testng.SuiteRunner$SuiteWorker.run(SuiteRunner.java:391)
	at org.testng.internal.thread.ThreadUtil$2.call(ThreadUtil.java:64)
	at java.util.concurrent.FutureTask.run(Unknown Source)
	at java.util.concurrent.ThreadPoolExecutor.runWorker(Unknown Source)
	at java.util.concurrent.ThreadPoolExecutor$Worker.run(Unknown Source)
	at java.lang.Thread.run(Unknown Source)
</pre></div></td>
<td>0</td>
<td>ESS.LeaveandAttendance.LeaveApplication.TC005_OnBehalfLeaveApply@eac852</td></tr>
<tr>
<td title='ESS.LeaveandAttendance.LeaveApplication.TC002_LeaveApproval.SearchRecord()'><b>SearchRecord</b><br>Test class: ESS.LeaveandAttendance.LeaveApplication.TC002_LeaveApproval</td>
<td><div><pre>java.lang.Throwable: Method TC002_LeaveApproval.SearchRecord()[pri:0, instance:ESS.LeaveandAttendance.LeaveApplication.TC002_LeaveApproval@f3eef9] depends on not successfully finished methods in group &quot;Ltargetpage&quot;
	at java.util.concurrent.FutureTask.run(Unknown Source)
	at java.util.concurrent.ThreadPoolExecutor.runWorker(Unknown Source)
	at java.util.concurrent.ThreadPoolExecutor$Worker.run(Unknown Source)
	at java.lang.Thread.run(Unknown Source)
... Removed 9 stack frames</pre></div><a href='#' onClick='toggleBox("stack-trace24979923", this, "Click to show all stack frames", "Click to hide stack frames")'>Click to show all stack frames</a>
<div class='stack-trace' id='stack-trace24979923'><pre>java.lang.Throwable: Method TC002_LeaveApproval.SearchRecord()[pri:0, instance:ESS.LeaveandAttendance.LeaveApplication.TC002_LeaveApproval@f3eef9] depends on not successfully finished methods in group &quot;Ltargetpage&quot;
	at org.testng.internal.Invoker.invokeTestMethods(Invoker.java:1040)
	at org.testng.internal.TestMethodWorker.invokeTestMethods(TestMethodWorker.java:124)
	at org.testng.internal.TestMethodWorker.run(TestMethodWorker.java:108)
	at org.testng.TestRunner.privateRun(TestRunner.java:773)
	at org.testng.TestRunner.run(TestRunner.java:623)
	at org.testng.SuiteRunner.runTest(SuiteRunner.java:357)
	at org.testng.SuiteRunner.access$000(SuiteRunner.java:39)
	at org.testng.SuiteRunner$SuiteWorker.run(SuiteRunner.java:391)
	at org.testng.internal.thread.ThreadUtil$2.call(ThreadUtil.java:64)
	at java.util.concurrent.FutureTask.run(Unknown Source)
	at java.util.concurrent.ThreadPoolExecutor.runWorker(Unknown Source)
	at java.util.concurrent.ThreadPoolExecutor$Worker.run(Unknown Source)
	at java.lang.Thread.run(Unknown Source)
</pre></div></td>
<td>0</td>
<td>null</td></tr>
<tr>
<td title='ESS.LeaveandAttendance.LeaveApplication.TC001_ApplyLeave.TargetPage()'><b>TargetPage</b><br>Test class: ESS.LeaveandAttendance.LeaveApplication.TC001_ApplyLeave<br/>
<a href="#Output-14368607" onClick='toggleBox("Output-14368607", this, "Show output", "Hide output");'>Show output</a>

<a href="#Output-14368607" onClick="toggleAllBoxes();">Show all outputs</a>
<div class='log' id="Output-14368607">
Completed executing : TC001_ApplyLeave.TargetPage<br/>
Test is skipped:TargetPage<br/>
TestName =: null<br/>
Test Method resides in :=ESS.LeaveandAttendance.LeaveApplication.TC001_ApplyLeave<br/>
Test Status: Skipped<br/>
Before executing : TestBase.afterMethod<br/>
</div>
</td>
<td><div><pre>org.testng.SkipException: Not Found Element : Human Resource
	at pom.TestBase.BaseClass.click(BaseClass.java:98)
	at pom.TestBase.CommonMethods.TargetPage(CommonMethods.java:26)
	at pom.ObjectPages.uiActions.LeaveApplication.Test_Open_Target_Page(LeaveApplication.java:81)
	at ESS.LeaveandAttendance.LeaveApplication.TC001_ApplyLeave.TargetPage(TC001_ApplyLeave.java:58)
	at java.util.concurrent.FutureTask.run(Unknown Source)
	at java.util.concurrent.ThreadPoolExecutor.runWorker(Unknown Source)
	at java.util.concurrent.ThreadPoolExecutor$Worker.run(Unknown Source)
	at java.lang.Thread.run(Unknown Source)
... Removed 16 stack frames</pre></div><a href='#' onClick='toggleBox("stack-trace14368607", this, "Click to show all stack frames", "Click to hide stack frames")'>Click to show all stack frames</a>
<div class='stack-trace' id='stack-trace14368607'><pre>org.testng.SkipException: Not Found Element : Human Resource
	at pom.TestBase.BaseClass.click(BaseClass.java:98)
	at pom.TestBase.CommonMethods.TargetPage(CommonMethods.java:26)
	at pom.ObjectPages.uiActions.LeaveApplication.Test_Open_Target_Page(LeaveApplication.java:81)
	at ESS.LeaveandAttendance.LeaveApplication.TC001_ApplyLeave.TargetPage(TC001_ApplyLeave.java:58)
	at sun.reflect.NativeMethodAccessorImpl.invoke0(Native Method)
	at sun.reflect.NativeMethodAccessorImpl.invoke(Unknown Source)
	at sun.reflect.DelegatingMethodAccessorImpl.invoke(Unknown Source)
	at java.lang.reflect.Method.invoke(Unknown Source)
	at org.testng.internal.MethodInvocationHelper.invokeMethod(MethodInvocationHelper.java:85)
	at org.testng.internal.Invoker.invokeMethod(Invoker.java:639)
	at org.testng.internal.Invoker.invokeTestMethod(Invoker.java:821)
	at org.testng.internal.Invoker.invokeTestMethods(Invoker.java:1131)
	at org.testng.internal.TestMethodWorker.invokeTestMethods(TestMethodWorker.java:124)
	at org.testng.internal.TestMethodWorker.run(TestMethodWorker.java:108)
	at org.testng.TestRunner.privateRun(TestRunner.java:773)
	at org.testng.TestRunner.run(TestRunner.java:623)
	at org.testng.SuiteRunner.runTest(SuiteRunner.java:357)
	at org.testng.SuiteRunner.access$000(SuiteRunner.java:39)
	at org.testng.SuiteRunner$SuiteWorker.run(SuiteRunner.java:391)
	at org.testng.internal.thread.ThreadUtil$2.call(ThreadUtil.java:64)
	at java.util.concurrent.FutureTask.run(Unknown Source)
	at java.util.concurrent.ThreadPoolExecutor.runWorker(Unknown Source)
	at java.util.concurrent.ThreadPoolExecutor$Worker.run(Unknown Source)
	at java.lang.Thread.run(Unknown Source)
</pre></div></td>
<td>30</td>
<td>ESS.LeaveandAttendance.LeaveApplication.TC001_ApplyLeave@f926e6</td></tr>
<tr>
<td title='ESS.LeaveandAttendance.LeaveApplication.TC003_LeaveVerify.TargetPage()'><b>TargetPage</b><br>Test class: ESS.LeaveandAttendance.LeaveApplication.TC003_LeaveVerify<br/>
<a href="#Output-5101913" onClick='toggleBox("Output-5101913", this, "Show output", "Hide output");'>Show output</a>

<a href="#Output-5101913" onClick="toggleAllBoxes();">Show all outputs</a>
<div class='log' id="Output-5101913">
Completed executing : TC003_LeaveVerify.TargetPage<br/>
Test is skipped:TargetPage<br/>
TestName =: null<br/>
Test Method resides in :=ESS.LeaveandAttendance.LeaveApplication.TC003_LeaveVerify<br/>
Test Status: Skipped<br/>
Before executing : TestBase.afterMethod<br/>
</div>
</td>
<td><div><pre>org.testng.SkipException: Not Found Element : Human Resource
	at pom.TestBase.BaseClass.click(BaseClass.java:98)
	at pom.TestBase.CommonMethods.TargetPage(CommonMethods.java:26)
	at pom.ObjectPages.uiActions.LeaveApplication.Test_Open_Target_Page(LeaveApplication.java:81)
	at ESS.LeaveandAttendance.LeaveApplication.TC003_LeaveVerify.TargetPage(TC003_LeaveVerify.java:61)
	at java.util.concurrent.FutureTask.run(Unknown Source)
	at java.util.concurrent.ThreadPoolExecutor.runWorker(Unknown Source)
	at java.util.concurrent.ThreadPoolExecutor$Worker.run(Unknown Source)
	at java.lang.Thread.run(Unknown Source)
... Removed 16 stack frames</pre></div><a href='#' onClick='toggleBox("stack-trace5101913", this, "Click to show all stack frames", "Click to hide stack frames")'>Click to show all stack frames</a>
<div class='stack-trace' id='stack-trace5101913'><pre>org.testng.SkipException: Not Found Element : Human Resource
	at pom.TestBase.BaseClass.click(BaseClass.java:98)
	at pom.TestBase.CommonMethods.TargetPage(CommonMethods.java:26)
	at pom.ObjectPages.uiActions.LeaveApplication.Test_Open_Target_Page(LeaveApplication.java:81)
	at ESS.LeaveandAttendance.LeaveApplication.TC003_LeaveVerify.TargetPage(TC003_LeaveVerify.java:61)
	at sun.reflect.NativeMethodAccessorImpl.invoke0(Native Method)
	at sun.reflect.NativeMethodAccessorImpl.invoke(Unknown Source)
	at sun.reflect.DelegatingMethodAccessorImpl.invoke(Unknown Source)
	at java.lang.reflect.Method.invoke(Unknown Source)
	at org.testng.internal.MethodInvocationHelper.invokeMethod(MethodInvocationHelper.java:85)
	at org.testng.internal.Invoker.invokeMethod(Invoker.java:639)
	at org.testng.internal.Invoker.invokeTestMethod(Invoker.java:821)
	at org.testng.internal.Invoker.invokeTestMethods(Invoker.java:1131)
	at org.testng.internal.TestMethodWorker.invokeTestMethods(TestMethodWorker.java:124)
	at org.testng.internal.TestMethodWorker.run(TestMethodWorker.java:108)
	at org.testng.TestRunner.privateRun(TestRunner.java:773)
	at org.testng.TestRunner.run(TestRunner.java:623)
	at org.testng.SuiteRunner.runTest(SuiteRunner.java:357)
	at org.testng.SuiteRunner.access$000(SuiteRunner.java:39)
	at org.testng.SuiteRunner$SuiteWorker.run(SuiteRunner.java:391)
	at org.testng.internal.thread.ThreadUtil$2.call(ThreadUtil.java:64)
	at java.util.concurrent.FutureTask.run(Unknown Source)
	at java.util.concurrent.ThreadPoolExecutor.runWorker(Unknown Source)
	at java.util.concurrent.ThreadPoolExecutor$Worker.run(Unknown Source)
	at java.lang.Thread.run(Unknown Source)
</pre></div></td>
<td>30</td>
<td>ESS.LeaveandAttendance.LeaveApplication.TC003_LeaveVerify@3c4f91</td></tr>
<tr>
<td title='ESS.LeaveandAttendance.LeaveApplication.TC004_LeaveRevoke.TargetPage()'><b>TargetPage</b><br>Test class: ESS.LeaveandAttendance.LeaveApplication.TC004_LeaveRevoke<br/>
<a href="#Output-20720330" onClick='toggleBox("Output-20720330", this, "Show output", "Hide output");'>Show output</a>

<a href="#Output-20720330" onClick="toggleAllBoxes();">Show all outputs</a>
<div class='log' id="Output-20720330">
Completed executing : TC004_LeaveRevoke.TargetPage<br/>
Test is skipped:TargetPage<br/>
TestName =: null<br/>
Test Method resides in :=ESS.LeaveandAttendance.LeaveApplication.TC004_LeaveRevoke<br/>
Test Status: Skipped<br/>
Before executing : TestBase.afterMethod<br/>
</div>
</td>
<td><div><pre>org.testng.SkipException: Not Found Element : Human Resource
	at pom.TestBase.BaseClass.click(BaseClass.java:98)
	at pom.TestBase.CommonMethods.TargetPage(CommonMethods.java:26)
	at pom.ObjectPages.uiActions.LeaveApplication.Test_Open_Target_Page(LeaveApplication.java:81)
	at ESS.LeaveandAttendance.LeaveApplication.TC004_LeaveRevoke.TargetPage(TC004_LeaveRevoke.java:62)
	at java.util.concurrent.FutureTask.run(Unknown Source)
	at java.util.concurrent.ThreadPoolExecutor.runWorker(Unknown Source)
	at java.util.concurrent.ThreadPoolExecutor$Worker.run(Unknown Source)
	at java.lang.Thread.run(Unknown Source)
... Removed 16 stack frames</pre></div><a href='#' onClick='toggleBox("stack-trace20720330", this, "Click to show all stack frames", "Click to hide stack frames")'>Click to show all stack frames</a>
<div class='stack-trace' id='stack-trace20720330'><pre>org.testng.SkipException: Not Found Element : Human Resource
	at pom.TestBase.BaseClass.click(BaseClass.java:98)
	at pom.TestBase.CommonMethods.TargetPage(CommonMethods.java:26)
	at pom.ObjectPages.uiActions.LeaveApplication.Test_Open_Target_Page(LeaveApplication.java:81)
	at ESS.LeaveandAttendance.LeaveApplication.TC004_LeaveRevoke.TargetPage(TC004_LeaveRevoke.java:62)
	at sun.reflect.NativeMethodAccessorImpl.invoke0(Native Method)
	at sun.reflect.NativeMethodAccessorImpl.invoke(Unknown Source)
	at sun.reflect.DelegatingMethodAccessorImpl.invoke(Unknown Source)
	at java.lang.reflect.Method.invoke(Unknown Source)
	at org.testng.internal.MethodInvocationHelper.invokeMethod(MethodInvocationHelper.java:85)
	at org.testng.internal.Invoker.invokeMethod(Invoker.java:639)
	at org.testng.internal.Invoker.invokeTestMethod(Invoker.java:821)
	at org.testng.internal.Invoker.invokeTestMethods(Invoker.java:1131)
	at org.testng.internal.TestMethodWorker.invokeTestMethods(TestMethodWorker.java:124)
	at org.testng.internal.TestMethodWorker.run(TestMethodWorker.java:108)
	at org.testng.TestRunner.privateRun(TestRunner.java:773)
	at org.testng.TestRunner.run(TestRunner.java:623)
	at org.testng.SuiteRunner.runTest(SuiteRunner.java:357)
	at org.testng.SuiteRunner.access$000(SuiteRunner.java:39)
	at org.testng.SuiteRunner$SuiteWorker.run(SuiteRunner.java:391)
	at org.testng.internal.thread.ThreadUtil$2.call(ThreadUtil.java:64)
	at java.util.concurrent.FutureTask.run(Unknown Source)
	at java.util.concurrent.ThreadPoolExecutor.runWorker(Unknown Source)
	at java.util.concurrent.ThreadPoolExecutor$Worker.run(Unknown Source)
	at java.lang.Thread.run(Unknown Source)
</pre></div></td>
<td>30</td>
<td>ESS.LeaveandAttendance.LeaveApplication.TC004_LeaveRevoke@1df66b6</td></tr>
<tr>
<td title='ESS.LeaveandAttendance.LeaveApplication.TC005_OnBehalfLeaveApply.TargetPage()'><b>TargetPage</b><br>Test class: ESS.LeaveandAttendance.LeaveApplication.TC005_OnBehalfLeaveApply<br/>
<a href="#Output-10682574" onClick='toggleBox("Output-10682574", this, "Show output", "Hide output");'>Show output</a>

<a href="#Output-10682574" onClick="toggleAllBoxes();">Show all outputs</a>
<div class='log' id="Output-10682574">
Completed executing : TC005_OnBehalfLeaveApply.TargetPage<br/>
Test is skipped:TargetPage<br/>
TestName =: null<br/>
Test Method resides in :=ESS.LeaveandAttendance.LeaveApplication.TC005_OnBehalfLeaveApply<br/>
Test Status: Skipped<br/>
Before executing : TestBase.afterMethod<br/>
</div>
</td>
<td><div><pre>org.testng.SkipException: Not Found Element : Human Resource
	at pom.TestBase.BaseClass.click(BaseClass.java:98)
	at pom.TestBase.CommonMethods.TargetPage(CommonMethods.java:26)
	at pom.ObjectPages.uiActions.OnBehalfLeaveApplication.Test_Open_Target_Page(OnBehalfLeaveApplication.java:66)
	at ESS.LeaveandAttendance.LeaveApplication.TC005_OnBehalfLeaveApply.TargetPage(TC005_OnBehalfLeaveApply.java:66)
	at java.util.concurrent.FutureTask.run(Unknown Source)
	at java.util.concurrent.ThreadPoolExecutor.runWorker(Unknown Source)
	at java.util.concurrent.ThreadPoolExecutor$Worker.run(Unknown Source)
	at java.lang.Thread.run(Unknown Source)
... Removed 16 stack frames</pre></div><a href='#' onClick='toggleBox("stack-trace10682574", this, "Click to show all stack frames", "Click to hide stack frames")'>Click to show all stack frames</a>
<div class='stack-trace' id='stack-trace10682574'><pre>org.testng.SkipException: Not Found Element : Human Resource
	at pom.TestBase.BaseClass.click(BaseClass.java:98)
	at pom.TestBase.CommonMethods.TargetPage(CommonMethods.java:26)
	at pom.ObjectPages.uiActions.OnBehalfLeaveApplication.Test_Open_Target_Page(OnBehalfLeaveApplication.java:66)
	at ESS.LeaveandAttendance.LeaveApplication.TC005_OnBehalfLeaveApply.TargetPage(TC005_OnBehalfLeaveApply.java:66)
	at sun.reflect.NativeMethodAccessorImpl.invoke0(Native Method)
	at sun.reflect.NativeMethodAccessorImpl.invoke(Unknown Source)
	at sun.reflect.DelegatingMethodAccessorImpl.invoke(Unknown Source)
	at java.lang.reflect.Method.invoke(Unknown Source)
	at org.testng.internal.MethodInvocationHelper.invokeMethod(MethodInvocationHelper.java:85)
	at org.testng.internal.Invoker.invokeMethod(Invoker.java:639)
	at org.testng.internal.Invoker.invokeTestMethod(Invoker.java:821)
	at org.testng.internal.Invoker.invokeTestMethods(Invoker.java:1131)
	at org.testng.internal.TestMethodWorker.invokeTestMethods(TestMethodWorker.java:124)
	at org.testng.internal.TestMethodWorker.run(TestMethodWorker.java:108)
	at org.testng.TestRunner.privateRun(TestRunner.java:773)
	at org.testng.TestRunner.run(TestRunner.java:623)
	at org.testng.SuiteRunner.runTest(SuiteRunner.java:357)
	at org.testng.SuiteRunner.access$000(SuiteRunner.java:39)
	at org.testng.SuiteRunner$SuiteWorker.run(SuiteRunner.java:391)
	at org.testng.internal.thread.ThreadUtil$2.call(ThreadUtil.java:64)
	at java.util.concurrent.FutureTask.run(Unknown Source)
	at java.util.concurrent.ThreadPoolExecutor.runWorker(Unknown Source)
	at java.util.concurrent.ThreadPoolExecutor$Worker.run(Unknown Source)
	at java.lang.Thread.run(Unknown Source)
</pre></div></td>
<td>30</td>
<td>ESS.LeaveandAttendance.LeaveApplication.TC005_OnBehalfLeaveApply@eac852</td></tr>
<tr>
<td title='ESS.LeaveandAttendance.LeaveApplication.TC019_LeaveApprovalPlannerViewer.TargetPage()'><b>TargetPage</b><br>Test class: ESS.LeaveandAttendance.LeaveApplication.TC019_LeaveApprovalPlannerViewer</td>
<td><div><pre>java.lang.Throwable: Method TC019_LeaveApprovalPlannerViewer.TargetPage()[pri:0, instance:ESS.LeaveandAttendance.LeaveApplication.TC019_LeaveApprovalPlannerViewer@999068] depends on not successfully finished methods in group &quot;Llogin&quot;
	at java.util.concurrent.FutureTask.run(Unknown Source)
	at java.util.concurrent.ThreadPoolExecutor.runWorker(Unknown Source)
	at java.util.concurrent.ThreadPoolExecutor$Worker.run(Unknown Source)
	at java.lang.Thread.run(Unknown Source)
... Removed 9 stack frames</pre></div><a href='#' onClick='toggleBox("stack-trace27572836", this, "Click to show all stack frames", "Click to hide stack frames")'>Click to show all stack frames</a>
<div class='stack-trace' id='stack-trace27572836'><pre>java.lang.Throwable: Method TC019_LeaveApprovalPlannerViewer.TargetPage()[pri:0, instance:ESS.LeaveandAttendance.LeaveApplication.TC019_LeaveApprovalPlannerViewer@999068] depends on not successfully finished methods in group &quot;Llogin&quot;
	at org.testng.internal.Invoker.invokeTestMethods(Invoker.java:1040)
	at org.testng.internal.TestMethodWorker.invokeTestMethods(TestMethodWorker.java:124)
	at org.testng.internal.TestMethodWorker.run(TestMethodWorker.java:108)
	at org.testng.TestRunner.privateRun(TestRunner.java:773)
	at org.testng.TestRunner.run(TestRunner.java:623)
	at org.testng.SuiteRunner.runTest(SuiteRunner.java:357)
	at org.testng.SuiteRunner.access$000(SuiteRunner.java:39)
	at org.testng.SuiteRunner$SuiteWorker.run(SuiteRunner.java:391)
	at org.testng.internal.thread.ThreadUtil$2.call(ThreadUtil.java:64)
	at java.util.concurrent.FutureTask.run(Unknown Source)
	at java.util.concurrent.ThreadPoolExecutor.runWorker(Unknown Source)
	at java.util.concurrent.ThreadPoolExecutor$Worker.run(Unknown Source)
	at java.lang.Thread.run(Unknown Source)
</pre></div></td>
<td>0</td>
<td>null</td></tr>
<tr>
<td title='ESS.LeaveandAttendance.LeaveApplication.TC002_LeaveApproval.TargetPage()'><b>TargetPage</b><br>Test class: ESS.LeaveandAttendance.LeaveApplication.TC002_LeaveApproval</td>
<td><div><pre>java.lang.Throwable: Method TC002_LeaveApproval.TargetPage()[pri:0, instance:ESS.LeaveandAttendance.LeaveApplication.TC002_LeaveApproval@f3eef9] depends on not successfully finished methods in group &quot;Llogin&quot;
	at java.util.concurrent.FutureTask.run(Unknown Source)
	at java.util.concurrent.ThreadPoolExecutor.runWorker(Unknown Source)
	at java.util.concurrent.ThreadPoolExecutor$Worker.run(Unknown Source)
	at java.lang.Thread.run(Unknown Source)
... Removed 9 stack frames</pre></div><a href='#' onClick='toggleBox("stack-trace21753963", this, "Click to show all stack frames", "Click to hide stack frames")'>Click to show all stack frames</a>
<div class='stack-trace' id='stack-trace21753963'><pre>java.lang.Throwable: Method TC002_LeaveApproval.TargetPage()[pri:0, instance:ESS.LeaveandAttendance.LeaveApplication.TC002_LeaveApproval@f3eef9] depends on not successfully finished methods in group &quot;Llogin&quot;
	at org.testng.internal.Invoker.invokeTestMethods(Invoker.java:1040)
	at org.testng.internal.TestMethodWorker.invokeTestMethods(TestMethodWorker.java:124)
	at org.testng.internal.TestMethodWorker.run(TestMethodWorker.java:108)
	at org.testng.TestRunner.privateRun(TestRunner.java:773)
	at org.testng.TestRunner.run(TestRunner.java:623)
	at org.testng.SuiteRunner.runTest(SuiteRunner.java:357)
	at org.testng.SuiteRunner.access$000(SuiteRunner.java:39)
	at org.testng.SuiteRunner$SuiteWorker.run(SuiteRunner.java:391)
	at org.testng.internal.thread.ThreadUtil$2.call(ThreadUtil.java:64)
	at java.util.concurrent.FutureTask.run(Unknown Source)
	at java.util.concurrent.ThreadPoolExecutor.runWorker(Unknown Source)
	at java.util.concurrent.ThreadPoolExecutor$Worker.run(Unknown Source)
	at java.lang.Thread.run(Unknown Source)
</pre></div></td>
<td>0</td>
<td>null</td></tr>
<tr>
<td title='ESS.LeaveandAttendance.LeaveApplication.TC003_LeaveVerify.VerifyLeave()'><b>VerifyLeave</b><br>Test class: ESS.LeaveandAttendance.LeaveApplication.TC003_LeaveVerify</td>
<td><div><pre>java.lang.Throwable: Method TC003_LeaveVerify.VerifyLeave(java.lang.String, java.lang.String)[pri:0, instance:ESS.LeaveandAttendance.LeaveApplication.TC003_LeaveVerify@3c4f91] depends on not successfully finished methods
	at java.util.concurrent.FutureTask.run(Unknown Source)
	at java.util.concurrent.ThreadPoolExecutor.runWorker(Unknown Source)
	at java.util.concurrent.ThreadPoolExecutor$Worker.run(Unknown Source)
	at java.lang.Thread.run(Unknown Source)
... Removed 9 stack frames</pre></div><a href='#' onClick='toggleBox("stack-trace6313852", this, "Click to show all stack frames", "Click to hide stack frames")'>Click to show all stack frames</a>
<div class='stack-trace' id='stack-trace6313852'><pre>java.lang.Throwable: Method TC003_LeaveVerify.VerifyLeave(java.lang.String, java.lang.String)[pri:0, instance:ESS.LeaveandAttendance.LeaveApplication.TC003_LeaveVerify@3c4f91] depends on not successfully finished methods
	at org.testng.internal.Invoker.invokeTestMethods(Invoker.java:1040)
	at org.testng.internal.TestMethodWorker.invokeTestMethods(TestMethodWorker.java:124)
	at org.testng.internal.TestMethodWorker.run(TestMethodWorker.java:108)
	at org.testng.TestRunner.privateRun(TestRunner.java:773)
	at org.testng.TestRunner.run(TestRunner.java:623)
	at org.testng.SuiteRunner.runTest(SuiteRunner.java:357)
	at org.testng.SuiteRunner.access$000(SuiteRunner.java:39)
	at org.testng.SuiteRunner$SuiteWorker.run(SuiteRunner.java:391)
	at org.testng.internal.thread.ThreadUtil$2.call(ThreadUtil.java:64)
	at java.util.concurrent.FutureTask.run(Unknown Source)
	at java.util.concurrent.ThreadPoolExecutor.runWorker(Unknown Source)
	at java.util.concurrent.ThreadPoolExecutor$Worker.run(Unknown Source)
	at java.lang.Thread.run(Unknown Source)
</pre></div></td>
<td>0</td>
<td>null</td></tr>
<tr>
<td title='ESS.LeaveandAttendance.LeaveApplication.TC004_LeaveRevoke.VerifyLeave()'><b>VerifyLeave</b><br>Test class: ESS.LeaveandAttendance.LeaveApplication.TC004_LeaveRevoke</td>
<td><div><pre>java.lang.Throwable: Method TC004_LeaveRevoke.VerifyLeave(java.lang.String, java.lang.String, java.lang.String, java.lang.String)[pri:0, instance:ESS.LeaveandAttendance.LeaveApplication.TC004_LeaveRevoke@1df66b6] depends on not successfully finished methods
	at java.util.concurrent.FutureTask.run(Unknown Source)
	at java.util.concurrent.ThreadPoolExecutor.runWorker(Unknown Source)
	at java.util.concurrent.ThreadPoolExecutor$Worker.run(Unknown Source)
	at java.lang.Thread.run(Unknown Source)
... Removed 9 stack frames</pre></div><a href='#' onClick='toggleBox("stack-trace23724240", this, "Click to show all stack frames", "Click to hide stack frames")'>Click to show all stack frames</a>
<div class='stack-trace' id='stack-trace23724240'><pre>java.lang.Throwable: Method TC004_LeaveRevoke.VerifyLeave(java.lang.String, java.lang.String, java.lang.String, java.lang.String)[pri:0, instance:ESS.LeaveandAttendance.LeaveApplication.TC004_LeaveRevoke@1df66b6] depends on not successfully finished methods
	at org.testng.internal.Invoker.invokeTestMethods(Invoker.java:1040)
	at org.testng.internal.TestMethodWorker.invokeTestMethods(TestMethodWorker.java:124)
	at org.testng.internal.TestMethodWorker.run(TestMethodWorker.java:108)
	at org.testng.TestRunner.privateRun(TestRunner.java:773)
	at org.testng.TestRunner.run(TestRunner.java:623)
	at org.testng.SuiteRunner.runTest(SuiteRunner.java:357)
	at org.testng.SuiteRunner.access$000(SuiteRunner.java:39)
	at org.testng.SuiteRunner$SuiteWorker.run(SuiteRunner.java:391)
	at org.testng.internal.thread.ThreadUtil$2.call(ThreadUtil.java:64)
	at java.util.concurrent.FutureTask.run(Unknown Source)
	at java.util.concurrent.ThreadPoolExecutor.runWorker(Unknown Source)
	at java.util.concurrent.ThreadPoolExecutor$Worker.run(Unknown Source)
	at java.lang.Thread.run(Unknown Source)
</pre></div></td>
<td>0</td>
<td>null</td></tr>
</table><p>
</body>
</html>