<html>
<head>
<title>TestNG:  On Behalf leave application</title>
<link href="../testng.css" rel="stylesheet" type="text/css" />
<link href="../my-testng.css" rel="stylesheet" type="text/css" />

<style type="text/css">
.log { display: none;} 
.stack-trace { display: none;} 
</style>
<script type="text/javascript">
<!--
function flip(e) {
  current = e.style.display;
  if (current == 'block') {
    e.style.display = 'none';
    return 0;
  }
  else {
    e.style.display = 'block';
    return 1;
  }
}

function toggleBox(szDivId, elem, msg1, msg2)
{
  var res = -1;  if (document.getElementById) {
    res = flip(document.getElementById(szDivId));
  }
  else if (document.all) {
    // this is the way old msie versions work
    res = flip(document.all[szDivId]);
  }
  if(elem) {
    if(res == 0) elem.innerHTML = msg1; else elem.innerHTML = msg2;
  }

}

function toggleAllBoxes() {
  if (document.getElementsByTagName) {
    d = document.getElementsByTagName('div');
    for (i = 0; i < d.length; i++) {
      if (d[i].className == 'log') {
        flip(d[i]);
      }
    }
  }
}

// -->
</script>

</head>
<body>
<h2 align='center'>On Behalf leave application</h2><table border='1' align="center">
<tr>
<td>Tests passed/Failed/Skipped:</td><td>0/0/10</td>
</tr><tr>
<td>Started on:</td><td>Fri Oct 06 12:51:34 IST 2017</td>
</tr>
<tr><td>Total time:</td><td>646 seconds (646980 ms)</td>
</tr><tr>
<td>Included groups:</td><td></td>
</tr><tr>
<td>Excluded groups:</td><td></td>
</tr>
</table><p/>
<small><i>(Hover the method name to see the test class name)</i></small><p/>
<table width='100%' border='1' class='invocation-skipped'>
<tr><td colspan='4' align='center'><b>SKIPPED TESTS</b></td></tr>
<tr><td><b>Test method</b></td>
<td width="30%"><b>Exception</b></td>
<td width="10%"><b>Time (seconds)</b></td>
<td><b>Instance</b></td>
</tr>
<tr>
<td title='ESS.LeaveandAttendance.LeaveApplication.TC006_OnBehalfLeaveApproval.LeaveApproveReject()'><b>LeaveApproveReject</b><br>Test class: ESS.LeaveandAttendance.LeaveApplication.TC006_OnBehalfLeaveApproval</td>
<td><div><pre>java.lang.Throwable: Method TC006_OnBehalfLeaveApproval.LeaveApproveReject(java.lang.String, java.lang.String, java.lang.String, java.lang.String)[pri:0, instance:ESS.LeaveandAttendance.LeaveApplication.TC006_OnBehalfLeaveApproval@19e68d0] depends on not successfully finished methods
	at java.util.concurrent.FutureTask.run(Unknown Source)
	at java.util.concurrent.ThreadPoolExecutor.runWorker(Unknown Source)
	at java.util.concurrent.ThreadPoolExecutor$Worker.run(Unknown Source)
	at java.lang.Thread.run(Unknown Source)
... Removed 9 stack frames</pre></div><a href='#' onClick='toggleBox("stack-trace32780305", this, "Click to show all stack frames", "Click to hide stack frames")'>Click to show all stack frames</a>
<div class='stack-trace' id='stack-trace32780305'><pre>java.lang.Throwable: Method TC006_OnBehalfLeaveApproval.LeaveApproveReject(java.lang.String, java.lang.String, java.lang.String, java.lang.String)[pri:0, instance:ESS.LeaveandAttendance.LeaveApplication.TC006_OnBehalfLeaveApproval@19e68d0] depends on not successfully finished methods
	at org.testng.internal.Invoker.invokeTestMethods(Invoker.java:1040)
	at org.testng.internal.TestMethodWorker.invokeTestMethods(TestMethodWorker.java:124)
	at org.testng.internal.TestMethodWorker.run(TestMethodWorker.java:108)
	at org.testng.TestRunner.privateRun(TestRunner.java:773)
	at org.testng.TestRunner.run(TestRunner.java:623)
	at org.testng.SuiteRunner.runTest(SuiteRunner.java:357)
	at org.testng.SuiteRunner.access$000(SuiteRunner.java:39)
	at org.testng.SuiteRunner$SuiteWorker.run(SuiteRunner.java:391)
	at org.testng.internal.thread.ThreadUtil$2.call(ThreadUtil.java:64)
	at java.util.concurrent.FutureTask.run(Unknown Source)
	at java.util.concurrent.ThreadPoolExecutor.runWorker(Unknown Source)
	at java.util.concurrent.ThreadPoolExecutor$Worker.run(Unknown Source)
	at java.lang.Thread.run(Unknown Source)
</pre></div></td>
<td>0</td>
<td>null</td></tr>
<tr>
<td title='ESS.LeaveandAttendance.LeaveApplication.TC005_OnBehalfLeaveApply.Login()'><b>Login</b><br>Test class: ESS.LeaveandAttendance.LeaveApplication.TC005_OnBehalfLeaveApply<br/>
<a href="#Output-20925701" onClick='toggleBox("Output-20925701", this, "Show output", "Hide output");'>Show output</a>

<a href="#Output-20925701" onClick="toggleAllBoxes();">Show all outputs</a>
<div class='log' id="Output-20925701">
Completed executing : TC005_OnBehalfLeaveApply.Login<br/>
Test is skipped:Login<br/>
TestName =: null<br/>
Test Method resides in :=ESS.LeaveandAttendance.LeaveApplication.TC005_OnBehalfLeaveApply<br/>
Test Status: Skipped<br/>
Before executing : TestBase.afterMethod<br/>
</div>
</td>
<td><div><pre>org.testng.SkipException: Not Executed this test case
	at ESS.LeaveandAttendance.LeaveApplication.TC005_OnBehalfLeaveApply.Login(TC005_OnBehalfLeaveApply.java:56)
	at java.util.concurrent.FutureTask.run(Unknown Source)
	at java.util.concurrent.ThreadPoolExecutor.runWorker(Unknown Source)
	at java.util.concurrent.ThreadPoolExecutor$Worker.run(Unknown Source)
	at java.lang.Thread.run(Unknown Source)
... Removed 16 stack frames</pre></div><a href='#' onClick='toggleBox("stack-trace20925701", this, "Click to show all stack frames", "Click to hide stack frames")'>Click to show all stack frames</a>
<div class='stack-trace' id='stack-trace20925701'><pre>org.testng.SkipException: Not Executed this test case
	at ESS.LeaveandAttendance.LeaveApplication.TC005_OnBehalfLeaveApply.Login(TC005_OnBehalfLeaveApply.java:56)
	at sun.reflect.NativeMethodAccessorImpl.invoke0(Native Method)
	at sun.reflect.NativeMethodAccessorImpl.invoke(Unknown Source)
	at sun.reflect.DelegatingMethodAccessorImpl.invoke(Unknown Source)
	at java.lang.reflect.Method.invoke(Unknown Source)
	at org.testng.internal.MethodInvocationHelper.invokeMethod(MethodInvocationHelper.java:85)
	at org.testng.internal.Invoker.invokeMethod(Invoker.java:639)
	at org.testng.internal.Invoker.invokeTestMethod(Invoker.java:821)
	at org.testng.internal.Invoker.invokeTestMethods(Invoker.java:1131)
	at org.testng.internal.TestMethodWorker.invokeTestMethods(TestMethodWorker.java:124)
	at org.testng.internal.TestMethodWorker.run(TestMethodWorker.java:108)
	at org.testng.TestRunner.privateRun(TestRunner.java:773)
	at org.testng.TestRunner.run(TestRunner.java:623)
	at org.testng.SuiteRunner.runTest(SuiteRunner.java:357)
	at org.testng.SuiteRunner.access$000(SuiteRunner.java:39)
	at org.testng.SuiteRunner$SuiteWorker.run(SuiteRunner.java:391)
	at org.testng.internal.thread.ThreadUtil$2.call(ThreadUtil.java:64)
	at java.util.concurrent.FutureTask.run(Unknown Source)
	at java.util.concurrent.ThreadPoolExecutor.runWorker(Unknown Source)
	at java.util.concurrent.ThreadPoolExecutor$Worker.run(Unknown Source)
	at java.lang.Thread.run(Unknown Source)
</pre></div></td>
<td>1</td>
<td>ESS.LeaveandAttendance.LeaveApplication.TC005_OnBehalfLeaveApply@134aada</td></tr>
<tr>
<td title='ESS.LeaveandAttendance.LeaveApplication.TC006_OnBehalfLeaveApproval.Login()'><b>Login</b><br>Test class: ESS.LeaveandAttendance.LeaveApplication.TC006_OnBehalfLeaveApproval<br/>
<a href="#Output-1371854" onClick='toggleBox("Output-1371854", this, "Show output", "Hide output");'>Show output</a>

<a href="#Output-1371854" onClick="toggleAllBoxes();">Show all outputs</a>
<div class='log' id="Output-1371854">
Completed executing : TC006_OnBehalfLeaveApproval.Login<br/>
Test is skipped:Login<br/>
TestName =: null<br/>
Test Method resides in :=ESS.LeaveandAttendance.LeaveApplication.TC006_OnBehalfLeaveApproval<br/>
Test Status: Skipped<br/>
Before executing : TestBase.afterMethod<br/>
</div>
</td>
<td><div><pre>org.testng.SkipException: Not Executed this test case
	at ESS.LeaveandAttendance.LeaveApplication.TC006_OnBehalfLeaveApproval.Login(TC006_OnBehalfLeaveApproval.java:54)
	at java.util.concurrent.FutureTask.run(Unknown Source)
	at java.util.concurrent.ThreadPoolExecutor.runWorker(Unknown Source)
	at java.util.concurrent.ThreadPoolExecutor$Worker.run(Unknown Source)
	at java.lang.Thread.run(Unknown Source)
... Removed 16 stack frames</pre></div><a href='#' onClick='toggleBox("stack-trace1371854", this, "Click to show all stack frames", "Click to hide stack frames")'>Click to show all stack frames</a>
<div class='stack-trace' id='stack-trace1371854'><pre>org.testng.SkipException: Not Executed this test case
	at ESS.LeaveandAttendance.LeaveApplication.TC006_OnBehalfLeaveApproval.Login(TC006_OnBehalfLeaveApproval.java:54)
	at sun.reflect.NativeMethodAccessorImpl.invoke0(Native Method)
	at sun.reflect.NativeMethodAccessorImpl.invoke(Unknown Source)
	at sun.reflect.DelegatingMethodAccessorImpl.invoke(Unknown Source)
	at java.lang.reflect.Method.invoke(Unknown Source)
	at org.testng.internal.MethodInvocationHelper.invokeMethod(MethodInvocationHelper.java:85)
	at org.testng.internal.Invoker.invokeMethod(Invoker.java:639)
	at org.testng.internal.Invoker.invokeTestMethod(Invoker.java:821)
	at org.testng.internal.Invoker.invokeTestMethods(Invoker.java:1131)
	at org.testng.internal.TestMethodWorker.invokeTestMethods(TestMethodWorker.java:124)
	at org.testng.internal.TestMethodWorker.run(TestMethodWorker.java:108)
	at org.testng.TestRunner.privateRun(TestRunner.java:773)
	at org.testng.TestRunner.run(TestRunner.java:623)
	at org.testng.SuiteRunner.runTest(SuiteRunner.java:357)
	at org.testng.SuiteRunner.access$000(SuiteRunner.java:39)
	at org.testng.SuiteRunner$SuiteWorker.run(SuiteRunner.java:391)
	at org.testng.internal.thread.ThreadUtil$2.call(ThreadUtil.java:64)
	at java.util.concurrent.FutureTask.run(Unknown Source)
	at java.util.concurrent.ThreadPoolExecutor.runWorker(Unknown Source)
	at java.util.concurrent.ThreadPoolExecutor$Worker.run(Unknown Source)
	at java.lang.Thread.run(Unknown Source)
</pre></div></td>
<td>0</td>
<td>ESS.LeaveandAttendance.LeaveApplication.TC006_OnBehalfLeaveApproval@19e68d0</td></tr>
<tr>
<td title='ESS.LeaveandAttendance.LeaveApplication.TC007_OnBehalfLeaveVerify.Login()'><b>Login</b><br>Test class: ESS.LeaveandAttendance.LeaveApplication.TC007_OnBehalfLeaveVerify<br/>
<a href="#Output-9814963" onClick='toggleBox("Output-9814963", this, "Show output", "Hide output");'>Show output</a>

<a href="#Output-9814963" onClick="toggleAllBoxes();">Show all outputs</a>
<div class='log' id="Output-9814963">
Completed executing : TC007_OnBehalfLeaveVerify.Login<br/>
Test is skipped:Login<br/>
TestName =: null<br/>
Test Method resides in :=ESS.LeaveandAttendance.LeaveApplication.TC007_OnBehalfLeaveVerify<br/>
Test Status: Skipped<br/>
Before executing : TestBase.afterMethod<br/>
</div>
</td>
<td><div><pre>org.testng.SkipException: Not Executed this test case
	at ESS.LeaveandAttendance.LeaveApplication.TC007_OnBehalfLeaveVerify.Login(TC007_OnBehalfLeaveVerify.java:56)
	at java.util.concurrent.FutureTask.run(Unknown Source)
	at java.util.concurrent.ThreadPoolExecutor.runWorker(Unknown Source)
	at java.util.concurrent.ThreadPoolExecutor$Worker.run(Unknown Source)
	at java.lang.Thread.run(Unknown Source)
... Removed 16 stack frames</pre></div><a href='#' onClick='toggleBox("stack-trace9814963", this, "Click to show all stack frames", "Click to hide stack frames")'>Click to show all stack frames</a>
<div class='stack-trace' id='stack-trace9814963'><pre>org.testng.SkipException: Not Executed this test case
	at ESS.LeaveandAttendance.LeaveApplication.TC007_OnBehalfLeaveVerify.Login(TC007_OnBehalfLeaveVerify.java:56)
	at sun.reflect.NativeMethodAccessorImpl.invoke0(Native Method)
	at sun.reflect.NativeMethodAccessorImpl.invoke(Unknown Source)
	at sun.reflect.DelegatingMethodAccessorImpl.invoke(Unknown Source)
	at java.lang.reflect.Method.invoke(Unknown Source)
	at org.testng.internal.MethodInvocationHelper.invokeMethod(MethodInvocationHelper.java:85)
	at org.testng.internal.Invoker.invokeMethod(Invoker.java:639)
	at org.testng.internal.Invoker.invokeTestMethod(Invoker.java:821)
	at org.testng.internal.Invoker.invokeTestMethods(Invoker.java:1131)
	at org.testng.internal.TestMethodWorker.invokeTestMethods(TestMethodWorker.java:124)
	at org.testng.internal.TestMethodWorker.run(TestMethodWorker.java:108)
	at org.testng.TestRunner.privateRun(TestRunner.java:773)
	at org.testng.TestRunner.run(TestRunner.java:623)
	at org.testng.SuiteRunner.runTest(SuiteRunner.java:357)
	at org.testng.SuiteRunner.access$000(SuiteRunner.java:39)
	at org.testng.SuiteRunner$SuiteWorker.run(SuiteRunner.java:391)
	at org.testng.internal.thread.ThreadUtil$2.call(ThreadUtil.java:64)
	at java.util.concurrent.FutureTask.run(Unknown Source)
	at java.util.concurrent.ThreadPoolExecutor.runWorker(Unknown Source)
	at java.util.concurrent.ThreadPoolExecutor$Worker.run(Unknown Source)
	at java.lang.Thread.run(Unknown Source)
</pre></div></td>
<td>0</td>
<td>ESS.LeaveandAttendance.LeaveApplication.TC007_OnBehalfLeaveVerify@dd9eb7</td></tr>
<tr>
<td title='ESS.LeaveandAttendance.LeaveApplication.TC005_OnBehalfLeaveApply.OnBehalfLeaveApply()'><b>OnBehalfLeaveApply</b><br>Test class: ESS.LeaveandAttendance.LeaveApplication.TC005_OnBehalfLeaveApply<br>Parameters: Employee Code, 00390, Annual Leave, 09/10/2017, 1, 02245654444, 9775244583, not well, mahape, Submit, 09-OCT-17<br/>
<a href="#Output-10227455" onClick='toggleBox("Output-10227455", this, "Show output", "Hide output");'>Show output</a>

<a href="#Output-10227455" onClick="toggleAllBoxes();">Show all outputs</a>
<div class='log' id="Output-10227455">
Completed executing : TC005_OnBehalfLeaveApply.OnBehalfLeaveApply<br/>
Test is skipped:OnBehalfLeaveApply<br/>
TestName =: null<br/>
Test Method resides in :=ESS.LeaveandAttendance.LeaveApplication.TC005_OnBehalfLeaveApply<br/>
Test Method had the following parameters : nullEmployee Code,00390,Annual Leave,09/10/2017,1,02245654444,9775244583,not well,mahape,Submit,09-OCT-17,<br/>
Test Status: Skipped<br/>
Before executing : TestBase.afterMethod<br/>
</div>
</td>
<td><div><pre>org.testng.SkipException: Not Executed this test case
	at ESS.LeaveandAttendance.LeaveApplication.TC005_OnBehalfLeaveApply.OnBehalfLeaveApply(TC005_OnBehalfLeaveApply.java:79)
	at java.util.concurrent.FutureTask.run(Unknown Source)
	at java.util.concurrent.ThreadPoolExecutor.runWorker(Unknown Source)
	at java.util.concurrent.ThreadPoolExecutor$Worker.run(Unknown Source)
	at java.lang.Thread.run(Unknown Source)
... Removed 16 stack frames</pre></div><a href='#' onClick='toggleBox("stack-trace10227455", this, "Click to show all stack frames", "Click to hide stack frames")'>Click to show all stack frames</a>
<div class='stack-trace' id='stack-trace10227455'><pre>org.testng.SkipException: Not Executed this test case
	at ESS.LeaveandAttendance.LeaveApplication.TC005_OnBehalfLeaveApply.OnBehalfLeaveApply(TC005_OnBehalfLeaveApply.java:79)
	at sun.reflect.NativeMethodAccessorImpl.invoke0(Native Method)
	at sun.reflect.NativeMethodAccessorImpl.invoke(Unknown Source)
	at sun.reflect.DelegatingMethodAccessorImpl.invoke(Unknown Source)
	at java.lang.reflect.Method.invoke(Unknown Source)
	at org.testng.internal.MethodInvocationHelper.invokeMethod(MethodInvocationHelper.java:85)
	at org.testng.internal.Invoker.invokeMethod(Invoker.java:639)
	at org.testng.internal.Invoker.invokeTestMethod(Invoker.java:821)
	at org.testng.internal.Invoker.invokeTestMethods(Invoker.java:1131)
	at org.testng.internal.TestMethodWorker.invokeTestMethods(TestMethodWorker.java:124)
	at org.testng.internal.TestMethodWorker.run(TestMethodWorker.java:108)
	at org.testng.TestRunner.privateRun(TestRunner.java:773)
	at org.testng.TestRunner.run(TestRunner.java:623)
	at org.testng.SuiteRunner.runTest(SuiteRunner.java:357)
	at org.testng.SuiteRunner.access$000(SuiteRunner.java:39)
	at org.testng.SuiteRunner$SuiteWorker.run(SuiteRunner.java:391)
	at org.testng.internal.thread.ThreadUtil$2.call(ThreadUtil.java:64)
	at java.util.concurrent.FutureTask.run(Unknown Source)
	at java.util.concurrent.ThreadPoolExecutor.runWorker(Unknown Source)
	at java.util.concurrent.ThreadPoolExecutor$Worker.run(Unknown Source)
	at java.lang.Thread.run(Unknown Source)
</pre></div></td>
<td>0</td>
<td>ESS.LeaveandAttendance.LeaveApplication.TC005_OnBehalfLeaveApply@134aada</td></tr>
<tr>
<td title='ESS.LeaveandAttendance.LeaveApplication.TC005_OnBehalfLeaveApply.OnBehalfLeaveApply()'><b>OnBehalfLeaveApply</b><br>Test class: ESS.LeaveandAttendance.LeaveApplication.TC005_OnBehalfLeaveApply<br>Parameters: Employee Code, 00390, Annual Leave, 10/10/2017, 1, 02245654444, 9775244583, not well, mahape, Submit, 10-OCT-17<br/>
<a href="#Output-23198848" onClick='toggleBox("Output-23198848", this, "Show output", "Hide output");'>Show output</a>

<a href="#Output-23198848" onClick="toggleAllBoxes();">Show all outputs</a>
<div class='log' id="Output-23198848">
Completed executing : TC005_OnBehalfLeaveApply.OnBehalfLeaveApply<br/>
Test is skipped:OnBehalfLeaveApply<br/>
TestName =: null<br/>
Test Method resides in :=ESS.LeaveandAttendance.LeaveApplication.TC005_OnBehalfLeaveApply<br/>
Test Method had the following parameters : nullEmployee Code,00390,Annual Leave,10/10/2017,1,02245654444,9775244583,not well,mahape,Submit,10-OCT-17,<br/>
Test Status: Skipped<br/>
Before executing : TestBase.afterMethod<br/>
</div>
</td>
<td><div><pre>org.testng.SkipException: Not Executed this test case
	at ESS.LeaveandAttendance.LeaveApplication.TC005_OnBehalfLeaveApply.OnBehalfLeaveApply(TC005_OnBehalfLeaveApply.java:79)
	at java.util.concurrent.FutureTask.run(Unknown Source)
	at java.util.concurrent.ThreadPoolExecutor.runWorker(Unknown Source)
	at java.util.concurrent.ThreadPoolExecutor$Worker.run(Unknown Source)
	at java.lang.Thread.run(Unknown Source)
... Removed 16 stack frames</pre></div><a href='#' onClick='toggleBox("stack-trace23198848", this, "Click to show all stack frames", "Click to hide stack frames")'>Click to show all stack frames</a>
<div class='stack-trace' id='stack-trace23198848'><pre>org.testng.SkipException: Not Executed this test case
	at ESS.LeaveandAttendance.LeaveApplication.TC005_OnBehalfLeaveApply.OnBehalfLeaveApply(TC005_OnBehalfLeaveApply.java:79)
	at sun.reflect.NativeMethodAccessorImpl.invoke0(Native Method)
	at sun.reflect.NativeMethodAccessorImpl.invoke(Unknown Source)
	at sun.reflect.DelegatingMethodAccessorImpl.invoke(Unknown Source)
	at java.lang.reflect.Method.invoke(Unknown Source)
	at org.testng.internal.MethodInvocationHelper.invokeMethod(MethodInvocationHelper.java:85)
	at org.testng.internal.Invoker.invokeMethod(Invoker.java:639)
	at org.testng.internal.Invoker.invokeTestMethod(Invoker.java:821)
	at org.testng.internal.Invoker.invokeTestMethods(Invoker.java:1131)
	at org.testng.internal.TestMethodWorker.invokeTestMethods(TestMethodWorker.java:124)
	at org.testng.internal.TestMethodWorker.run(TestMethodWorker.java:108)
	at org.testng.TestRunner.privateRun(TestRunner.java:773)
	at org.testng.TestRunner.run(TestRunner.java:623)
	at org.testng.SuiteRunner.runTest(SuiteRunner.java:357)
	at org.testng.SuiteRunner.access$000(SuiteRunner.java:39)
	at org.testng.SuiteRunner$SuiteWorker.run(SuiteRunner.java:391)
	at org.testng.internal.thread.ThreadUtil$2.call(ThreadUtil.java:64)
	at java.util.concurrent.FutureTask.run(Unknown Source)
	at java.util.concurrent.ThreadPoolExecutor.runWorker(Unknown Source)
	at java.util.concurrent.ThreadPoolExecutor$Worker.run(Unknown Source)
	at java.lang.Thread.run(Unknown Source)
</pre></div></td>
<td>0</td>
<td>ESS.LeaveandAttendance.LeaveApplication.TC005_OnBehalfLeaveApply@134aada</td></tr>
<tr>
<td title='ESS.LeaveandAttendance.LeaveApplication.TC005_OnBehalfLeaveApply.TargetPage()'><b>TargetPage</b><br>Test class: ESS.LeaveandAttendance.LeaveApplication.TC005_OnBehalfLeaveApply<br/>
<a href="#Output-17121778" onClick='toggleBox("Output-17121778", this, "Show output", "Hide output");'>Show output</a>

<a href="#Output-17121778" onClick="toggleAllBoxes();">Show all outputs</a>
<div class='log' id="Output-17121778">
Completed executing : TC005_OnBehalfLeaveApply.TargetPage<br/>
Test is skipped:TargetPage<br/>
TestName =: null<br/>
Test Method resides in :=ESS.LeaveandAttendance.LeaveApplication.TC005_OnBehalfLeaveApply<br/>
Test Status: Skipped<br/>
Before executing : TestBase.afterMethod<br/>
</div>
</td>
<td><div><pre>org.testng.SkipException: Not Found Element : Human Resource
	at pom.TestBase.BaseClass.click(BaseClass.java:98)
	at pom.TestBase.CommonMethods.TargetPage(CommonMethods.java:26)
	at pom.ObjectPages.uiActions.OnBehalfLeaveApplication.Test_Open_Target_Page(OnBehalfLeaveApplication.java:66)
	at ESS.LeaveandAttendance.LeaveApplication.TC005_OnBehalfLeaveApply.TargetPage(TC005_OnBehalfLeaveApply.java:66)
	at java.util.concurrent.FutureTask.run(Unknown Source)
	at java.util.concurrent.ThreadPoolExecutor.runWorker(Unknown Source)
	at java.util.concurrent.ThreadPoolExecutor$Worker.run(Unknown Source)
	at java.lang.Thread.run(Unknown Source)
... Removed 16 stack frames</pre></div><a href='#' onClick='toggleBox("stack-trace17121778", this, "Click to show all stack frames", "Click to hide stack frames")'>Click to show all stack frames</a>
<div class='stack-trace' id='stack-trace17121778'><pre>org.testng.SkipException: Not Found Element : Human Resource
	at pom.TestBase.BaseClass.click(BaseClass.java:98)
	at pom.TestBase.CommonMethods.TargetPage(CommonMethods.java:26)
	at pom.ObjectPages.uiActions.OnBehalfLeaveApplication.Test_Open_Target_Page(OnBehalfLeaveApplication.java:66)
	at ESS.LeaveandAttendance.LeaveApplication.TC005_OnBehalfLeaveApply.TargetPage(TC005_OnBehalfLeaveApply.java:66)
	at sun.reflect.NativeMethodAccessorImpl.invoke0(Native Method)
	at sun.reflect.NativeMethodAccessorImpl.invoke(Unknown Source)
	at sun.reflect.DelegatingMethodAccessorImpl.invoke(Unknown Source)
	at java.lang.reflect.Method.invoke(Unknown Source)
	at org.testng.internal.MethodInvocationHelper.invokeMethod(MethodInvocationHelper.java:85)
	at org.testng.internal.Invoker.invokeMethod(Invoker.java:639)
	at org.testng.internal.Invoker.invokeTestMethod(Invoker.java:821)
	at org.testng.internal.Invoker.invokeTestMethods(Invoker.java:1131)
	at org.testng.internal.TestMethodWorker.invokeTestMethods(TestMethodWorker.java:124)
	at org.testng.internal.TestMethodWorker.run(TestMethodWorker.java:108)
	at org.testng.TestRunner.privateRun(TestRunner.java:773)
	at org.testng.TestRunner.run(TestRunner.java:623)
	at org.testng.SuiteRunner.runTest(SuiteRunner.java:357)
	at org.testng.SuiteRunner.access$000(SuiteRunner.java:39)
	at org.testng.SuiteRunner$SuiteWorker.run(SuiteRunner.java:391)
	at org.testng.internal.thread.ThreadUtil$2.call(ThreadUtil.java:64)
	at java.util.concurrent.FutureTask.run(Unknown Source)
	at java.util.concurrent.ThreadPoolExecutor.runWorker(Unknown Source)
	at java.util.concurrent.ThreadPoolExecutor$Worker.run(Unknown Source)
	at java.lang.Thread.run(Unknown Source)
</pre></div></td>
<td>31</td>
<td>ESS.LeaveandAttendance.LeaveApplication.TC005_OnBehalfLeaveApply@134aada</td></tr>
<tr>
<td title='ESS.LeaveandAttendance.LeaveApplication.TC006_OnBehalfLeaveApproval.TargetPage()'><b>TargetPage</b><br>Test class: ESS.LeaveandAttendance.LeaveApplication.TC006_OnBehalfLeaveApproval<br/>
<a href="#Output-11171997" onClick='toggleBox("Output-11171997", this, "Show output", "Hide output");'>Show output</a>

<a href="#Output-11171997" onClick="toggleAllBoxes();">Show all outputs</a>
<div class='log' id="Output-11171997">
Completed executing : TC006_OnBehalfLeaveApproval.TargetPage<br/>
Test is skipped:TargetPage<br/>
TestName =: null<br/>
Test Method resides in :=ESS.LeaveandAttendance.LeaveApplication.TC006_OnBehalfLeaveApproval<br/>
Test Status: Skipped<br/>
Before executing : TestBase.afterMethod<br/>
</div>
</td>
<td><div><pre>org.testng.SkipException: Not Found Element : Human Resource
	at pom.TestBase.BaseClass.click(BaseClass.java:98)
	at pom.TestBase.CommonMethods.TargetPageClick(CommonMethods.java:70)
	at pom.ObjectPages.uiActions.LeaveApproval.Test_Open_Target_Page(LeaveApproval.java:67)
	at ESS.LeaveandAttendance.LeaveApplication.TC006_OnBehalfLeaveApproval.TargetPage(TC006_OnBehalfLeaveApproval.java:64)
	at java.util.concurrent.FutureTask.run(Unknown Source)
	at java.util.concurrent.ThreadPoolExecutor.runWorker(Unknown Source)
	at java.util.concurrent.ThreadPoolExecutor$Worker.run(Unknown Source)
	at java.lang.Thread.run(Unknown Source)
... Removed 16 stack frames</pre></div><a href='#' onClick='toggleBox("stack-trace11171997", this, "Click to show all stack frames", "Click to hide stack frames")'>Click to show all stack frames</a>
<div class='stack-trace' id='stack-trace11171997'><pre>org.testng.SkipException: Not Found Element : Human Resource
	at pom.TestBase.BaseClass.click(BaseClass.java:98)
	at pom.TestBase.CommonMethods.TargetPageClick(CommonMethods.java:70)
	at pom.ObjectPages.uiActions.LeaveApproval.Test_Open_Target_Page(LeaveApproval.java:67)
	at ESS.LeaveandAttendance.LeaveApplication.TC006_OnBehalfLeaveApproval.TargetPage(TC006_OnBehalfLeaveApproval.java:64)
	at sun.reflect.NativeMethodAccessorImpl.invoke0(Native Method)
	at sun.reflect.NativeMethodAccessorImpl.invoke(Unknown Source)
	at sun.reflect.DelegatingMethodAccessorImpl.invoke(Unknown Source)
	at java.lang.reflect.Method.invoke(Unknown Source)
	at org.testng.internal.MethodInvocationHelper.invokeMethod(MethodInvocationHelper.java:85)
	at org.testng.internal.Invoker.invokeMethod(Invoker.java:639)
	at org.testng.internal.Invoker.invokeTestMethod(Invoker.java:821)
	at org.testng.internal.Invoker.invokeTestMethods(Invoker.java:1131)
	at org.testng.internal.TestMethodWorker.invokeTestMethods(TestMethodWorker.java:124)
	at org.testng.internal.TestMethodWorker.run(TestMethodWorker.java:108)
	at org.testng.TestRunner.privateRun(TestRunner.java:773)
	at org.testng.TestRunner.run(TestRunner.java:623)
	at org.testng.SuiteRunner.runTest(SuiteRunner.java:357)
	at org.testng.SuiteRunner.access$000(SuiteRunner.java:39)
	at org.testng.SuiteRunner$SuiteWorker.run(SuiteRunner.java:391)
	at org.testng.internal.thread.ThreadUtil$2.call(ThreadUtil.java:64)
	at java.util.concurrent.FutureTask.run(Unknown Source)
	at java.util.concurrent.ThreadPoolExecutor.runWorker(Unknown Source)
	at java.util.concurrent.ThreadPoolExecutor$Worker.run(Unknown Source)
	at java.lang.Thread.run(Unknown Source)
</pre></div></td>
<td>31</td>
<td>ESS.LeaveandAttendance.LeaveApplication.TC006_OnBehalfLeaveApproval@19e68d0</td></tr>
<tr>
<td title='ESS.LeaveandAttendance.LeaveApplication.TC007_OnBehalfLeaveVerify.TargetPage()'><b>TargetPage</b><br>Test class: ESS.LeaveandAttendance.LeaveApplication.TC007_OnBehalfLeaveVerify<br/>
<a href="#Output-10760369" onClick='toggleBox("Output-10760369", this, "Show output", "Hide output");'>Show output</a>

<a href="#Output-10760369" onClick="toggleAllBoxes();">Show all outputs</a>
<div class='log' id="Output-10760369">
Completed executing : TC007_OnBehalfLeaveVerify.TargetPage<br/>
Test is skipped:TargetPage<br/>
TestName =: null<br/>
Test Method resides in :=ESS.LeaveandAttendance.LeaveApplication.TC007_OnBehalfLeaveVerify<br/>
Test Status: Skipped<br/>
Before executing : TestBase.afterMethod<br/>
</div>
</td>
<td><div><pre>org.testng.SkipException: Not Found Element : Human Resource
	at pom.TestBase.BaseClass.click(BaseClass.java:98)
	at pom.TestBase.CommonMethods.TargetPage(CommonMethods.java:26)
	at pom.ObjectPages.uiActions.OnBehalfLeaveApplication.Test_Open_Target_Page(OnBehalfLeaveApplication.java:66)
	at ESS.LeaveandAttendance.LeaveApplication.TC007_OnBehalfLeaveVerify.TargetPage(TC007_OnBehalfLeaveVerify.java:66)
	at java.util.concurrent.FutureTask.run(Unknown Source)
	at java.util.concurrent.ThreadPoolExecutor.runWorker(Unknown Source)
	at java.util.concurrent.ThreadPoolExecutor$Worker.run(Unknown Source)
	at java.lang.Thread.run(Unknown Source)
... Removed 16 stack frames</pre></div><a href='#' onClick='toggleBox("stack-trace10760369", this, "Click to show all stack frames", "Click to hide stack frames")'>Click to show all stack frames</a>
<div class='stack-trace' id='stack-trace10760369'><pre>org.testng.SkipException: Not Found Element : Human Resource
	at pom.TestBase.BaseClass.click(BaseClass.java:98)
	at pom.TestBase.CommonMethods.TargetPage(CommonMethods.java:26)
	at pom.ObjectPages.uiActions.OnBehalfLeaveApplication.Test_Open_Target_Page(OnBehalfLeaveApplication.java:66)
	at ESS.LeaveandAttendance.LeaveApplication.TC007_OnBehalfLeaveVerify.TargetPage(TC007_OnBehalfLeaveVerify.java:66)
	at sun.reflect.NativeMethodAccessorImpl.invoke0(Native Method)
	at sun.reflect.NativeMethodAccessorImpl.invoke(Unknown Source)
	at sun.reflect.DelegatingMethodAccessorImpl.invoke(Unknown Source)
	at java.lang.reflect.Method.invoke(Unknown Source)
	at org.testng.internal.MethodInvocationHelper.invokeMethod(MethodInvocationHelper.java:85)
	at org.testng.internal.Invoker.invokeMethod(Invoker.java:639)
	at org.testng.internal.Invoker.invokeTestMethod(Invoker.java:821)
	at org.testng.internal.Invoker.invokeTestMethods(Invoker.java:1131)
	at org.testng.internal.TestMethodWorker.invokeTestMethods(TestMethodWorker.java:124)
	at org.testng.internal.TestMethodWorker.run(TestMethodWorker.java:108)
	at org.testng.TestRunner.privateRun(TestRunner.java:773)
	at org.testng.TestRunner.run(TestRunner.java:623)
	at org.testng.SuiteRunner.runTest(SuiteRunner.java:357)
	at org.testng.SuiteRunner.access$000(SuiteRunner.java:39)
	at org.testng.SuiteRunner$SuiteWorker.run(SuiteRunner.java:391)
	at org.testng.internal.thread.ThreadUtil$2.call(ThreadUtil.java:64)
	at java.util.concurrent.FutureTask.run(Unknown Source)
	at java.util.concurrent.ThreadPoolExecutor.runWorker(Unknown Source)
	at java.util.concurrent.ThreadPoolExecutor$Worker.run(Unknown Source)
	at java.lang.Thread.run(Unknown Source)
</pre></div></td>
<td>30</td>
<td>ESS.LeaveandAttendance.LeaveApplication.TC007_OnBehalfLeaveVerify@dd9eb7</td></tr>
<tr>
<td title='ESS.LeaveandAttendance.LeaveApplication.TC007_OnBehalfLeaveVerify.VerifyLeave()'><b>VerifyLeave</b><br>Test class: ESS.LeaveandAttendance.LeaveApplication.TC007_OnBehalfLeaveVerify</td>
<td><div><pre>java.lang.Throwable: Method TC007_OnBehalfLeaveVerify.VerifyLeave(java.lang.String, java.lang.String, java.lang.String, java.lang.String)[pri:0, instance:ESS.LeaveandAttendance.LeaveApplication.TC007_OnBehalfLeaveVerify@dd9eb7] depends on not successfully finished methods
	at java.util.concurrent.FutureTask.run(Unknown Source)
	at java.util.concurrent.ThreadPoolExecutor.runWorker(Unknown Source)
	at java.util.concurrent.ThreadPoolExecutor$Worker.run(Unknown Source)
	at java.lang.Thread.run(Unknown Source)
... Removed 9 stack frames</pre></div><a href='#' onClick='toggleBox("stack-trace30564634", this, "Click to show all stack frames", "Click to hide stack frames")'>Click to show all stack frames</a>
<div class='stack-trace' id='stack-trace30564634'><pre>java.lang.Throwable: Method TC007_OnBehalfLeaveVerify.VerifyLeave(java.lang.String, java.lang.String, java.lang.String, java.lang.String)[pri:0, instance:ESS.LeaveandAttendance.LeaveApplication.TC007_OnBehalfLeaveVerify@dd9eb7] depends on not successfully finished methods
	at org.testng.internal.Invoker.invokeTestMethods(Invoker.java:1040)
	at org.testng.internal.TestMethodWorker.invokeTestMethods(TestMethodWorker.java:124)
	at org.testng.internal.TestMethodWorker.run(TestMethodWorker.java:108)
	at org.testng.TestRunner.privateRun(TestRunner.java:773)
	at org.testng.TestRunner.run(TestRunner.java:623)
	at org.testng.SuiteRunner.runTest(SuiteRunner.java:357)
	at org.testng.SuiteRunner.access$000(SuiteRunner.java:39)
	at org.testng.SuiteRunner$SuiteWorker.run(SuiteRunner.java:391)
	at org.testng.internal.thread.ThreadUtil$2.call(ThreadUtil.java:64)
	at java.util.concurrent.FutureTask.run(Unknown Source)
	at java.util.concurrent.ThreadPoolExecutor.runWorker(Unknown Source)
	at java.util.concurrent.ThreadPoolExecutor$Worker.run(Unknown Source)
	at java.lang.Thread.run(Unknown Source)
</pre></div></td>
<td>0</td>
<td>null</td></tr>
</table><p>
</body>
</html>