<?xml version="1.0" encoding="UTF-8"?>
<!-- Generated by org.testng.reporters.JUnitXMLReporter -->
<testsuite hostname="OSO-DTP-057" name="ChromeTest" tests="1" failures="0" timestamp="3 Aug 2017 10:53:22 GMT" time="0.117" errors="0">
  <testcase name="@BeforeClass initializeTestBaseSetup" time="0.0" classname="test.homepage.TC002_VerifyRegistration">
    <failure type="org.testng.TestNGException" message="
Parameter &amp;apos;browserType&amp;apos; is required by @Configuration on method initializeTestBaseSetup but has not been marked @Optional or defined
in D:\HRMS DATA\POMWorkSpace\PageObjectPageFactory\testNG.xml">
      <![CDATA[org.testng.TestNGException: 
Parameter 'browserType' is required by @Configuration on method initializeTestBaseSetup but has not been marked @Optional or defined
in D:\HRMS DATA\POMWorkSpace\PageObjectPageFactory\testNG.xml
... Removed 21 stack frames]]>
    </failure>
  </testcase> <!-- @BeforeClass initializeTestBaseSetup -->
  <testcase name="@BeforeClass setUp" time="0.0" classname="test.homepage.TC002_VerifyRegistration">
    <skipped/>
  </testcase> <!-- @BeforeClass setUp -->
  <testcase name="@BeforeMethod beforeMethod" time="0.0" classname="test.homepage.TC002_VerifyRegistration">
    <skipped/>
  </testcase> <!-- @BeforeMethod beforeMethod -->
  <testcase name="@AfterMethod afterMethod" time="0.0" classname="test.homepage.TC002_VerifyRegistration">
    <skipped/>
  </testcase> <!-- @AfterMethod afterMethod -->
  <testcase name="@AfterClass endTest" time="0.0" classname="test.homepage.TC002_VerifyRegistration">
    <failure type="java.lang.NullPointerException">
      <![CDATA[java.lang.NullPointerException
	at pom.TestBase.TestBase.closeBrowser(TestBase.java:374)
	at pom.TestBase.TestBase.endTest(TestBase.java:368)
... Removed 24 stack frames]]>
    </failure>
  </testcase> <!-- @AfterClass endTest -->
  <testcase name="verifyRegistration" time="0.014" classname="test.homepage.TC002_VerifyRegistration">
    <skipped/>
  </testcase> <!-- verifyRegistration -->
</testsuite> <!-- ChromeTest -->
