<html>
<head>
<title>TestNG:  Qualification Master Data Upload</title>
<link href="../testng.css" rel="stylesheet" type="text/css" />
<link href="../my-testng.css" rel="stylesheet" type="text/css" />

<style type="text/css">
.log { display: none;} 
.stack-trace { display: none;} 
</style>
<script type="text/javascript">
<!--
function flip(e) {
  current = e.style.display;
  if (current == 'block') {
    e.style.display = 'none';
    return 0;
  }
  else {
    e.style.display = 'block';
    return 1;
  }
}

function toggleBox(szDivId, elem, msg1, msg2)
{
  var res = -1;  if (document.getElementById) {
    res = flip(document.getElementById(szDivId));
  }
  else if (document.all) {
    // this is the way old msie versions work
    res = flip(document.all[szDivId]);
  }
  if(elem) {
    if(res == 0) elem.innerHTML = msg1; else elem.innerHTML = msg2;
  }

}

function toggleAllBoxes() {
  if (document.getElementsByTagName) {
    d = document.getElementsByTagName('div');
    for (i = 0; i < d.length; i++) {
      if (d[i].className == 'log') {
        flip(d[i]);
      }
    }
  }
}

// -->
</script>

</head>
<body>
<h2 align='center'>Qualification Master Data Upload</h2><table border='1' align="center">
<tr>
<td>Tests passed/Failed/Skipped:</td><td>0/0/5</td>
</tr><tr>
<td>Started on:</td><td>Fri Nov 24 17:46:41 IST 2017</td>
</tr>
<tr><td>Total time:</td><td>16 seconds (16571 ms)</td>
</tr><tr>
<td>Included groups:</td><td></td>
</tr><tr>
<td>Excluded groups:</td><td></td>
</tr>
</table><p/>
<small><i>(Hover the method name to see the test class name)</i></small><p/>
<table width='100%' border='1' class='invocation-skipped'>
<tr><td colspan='4' align='center'><b>SKIPPED TESTS</b></td></tr>
<tr><td><b>Test method</b></td>
<td width="30%"><b>Exception</b></td>
<td width="10%"><b>Time (seconds)</b></td>
<td><b>Instance</b></td>
</tr>
<tr>
<td title='Module.HRSetup.Recruitment.TC042_QualificationMasterDataUpload.Add_Allowance_Deduction_Data()'><b>Add_Allowance_Deduction_Data</b><br>Test class: Module.HRSetup.Recruitment.TC042_QualificationMasterDataUpload</td>
<td><div><pre>java.lang.Throwable: Method TC042_QualificationMasterDataUpload.Add_Allowance_Deduction_Data(java.lang.String, java.lang.String, java.lang.String, java.lang.String)[pri:0, instance:Module.HRSetup.Recruitment.TC042_QualificationMasterDataUpload@508ed1] depends on not successfully finished methods in group &quot;QMAddNewButton&quot;
... Removed 17 stack frames</pre></div><a href='#' onClick='toggleBox("stack-trace25907742", this, "Click to show all stack frames", "Click to hide stack frames")'>Click to show all stack frames</a>
<div class='stack-trace' id='stack-trace25907742'><pre>java.lang.Throwable: Method TC042_QualificationMasterDataUpload.Add_Allowance_Deduction_Data(java.lang.String, java.lang.String, java.lang.String, java.lang.String)[pri:0, instance:Module.HRSetup.Recruitment.TC042_QualificationMasterDataUpload@508ed1] depends on not successfully finished methods in group &quot;QMAddNewButton&quot;
	at org.testng.internal.Invoker.invokeTestMethods(Invoker.java:1040)
	at org.testng.internal.TestMethodWorker.invokeTestMethods(TestMethodWorker.java:124)
	at org.testng.internal.TestMethodWorker.run(TestMethodWorker.java:108)
	at org.testng.TestRunner.privateRun(TestRunner.java:773)
	at org.testng.TestRunner.run(TestRunner.java:623)
	at org.testng.SuiteRunner.runTest(SuiteRunner.java:357)
	at org.testng.SuiteRunner.runSequentially(SuiteRunner.java:352)
	at org.testng.SuiteRunner.privateRun(SuiteRunner.java:310)
	at org.testng.SuiteRunner.run(SuiteRunner.java:259)
	at org.testng.SuiteRunnerWorker.runSuite(SuiteRunnerWorker.java:52)
	at org.testng.SuiteRunnerWorker.run(SuiteRunnerWorker.java:86)
	at org.testng.TestNG.runSuitesSequentially(TestNG.java:1185)
	at org.testng.TestNG.runSuitesLocally(TestNG.java:1110)
	at org.testng.TestNG.run(TestNG.java:1018)
	at org.testng.remote.AbstractRemoteTestNG.run(AbstractRemoteTestNG.java:132)
	at org.testng.remote.RemoteTestNG.initAndRun(RemoteTestNG.java:230)
	at org.testng.remote.RemoteTestNG.main(RemoteTestNG.java:76)
</pre></div></td>
<td>0</td>
<td>null</td></tr>
<tr>
<td title='Module.HRSetup.Recruitment.TC042_QualificationMasterDataUpload.Add_New_Button()'><b>Add_New_Button</b><br>Test class: Module.HRSetup.Recruitment.TC042_QualificationMasterDataUpload</td>
<td><div><pre>java.lang.Throwable: Method TC042_QualificationMasterDataUpload.Add_New_Button()[pri:0, instance:Module.HRSetup.Recruitment.TC042_QualificationMasterDataUpload@508ed1] depends on not successfully finished methods in group &quot;QMTargetPage&quot;
... Removed 17 stack frames</pre></div><a href='#' onClick='toggleBox("stack-trace8268196", this, "Click to show all stack frames", "Click to hide stack frames")'>Click to show all stack frames</a>
<div class='stack-trace' id='stack-trace8268196'><pre>java.lang.Throwable: Method TC042_QualificationMasterDataUpload.Add_New_Button()[pri:0, instance:Module.HRSetup.Recruitment.TC042_QualificationMasterDataUpload@508ed1] depends on not successfully finished methods in group &quot;QMTargetPage&quot;
	at org.testng.internal.Invoker.invokeTestMethods(Invoker.java:1040)
	at org.testng.internal.TestMethodWorker.invokeTestMethods(TestMethodWorker.java:124)
	at org.testng.internal.TestMethodWorker.run(TestMethodWorker.java:108)
	at org.testng.TestRunner.privateRun(TestRunner.java:773)
	at org.testng.TestRunner.run(TestRunner.java:623)
	at org.testng.SuiteRunner.runTest(SuiteRunner.java:357)
	at org.testng.SuiteRunner.runSequentially(SuiteRunner.java:352)
	at org.testng.SuiteRunner.privateRun(SuiteRunner.java:310)
	at org.testng.SuiteRunner.run(SuiteRunner.java:259)
	at org.testng.SuiteRunnerWorker.runSuite(SuiteRunnerWorker.java:52)
	at org.testng.SuiteRunnerWorker.run(SuiteRunnerWorker.java:86)
	at org.testng.TestNG.runSuitesSequentially(TestNG.java:1185)
	at org.testng.TestNG.runSuitesLocally(TestNG.java:1110)
	at org.testng.TestNG.run(TestNG.java:1018)
	at org.testng.remote.AbstractRemoteTestNG.run(AbstractRemoteTestNG.java:132)
	at org.testng.remote.RemoteTestNG.initAndRun(RemoteTestNG.java:230)
	at org.testng.remote.RemoteTestNG.main(RemoteTestNG.java:76)
</pre></div></td>
<td>0</td>
<td>null</td></tr>
<tr>
<td title='Module.HRSetup.Recruitment.TC042_QualificationMasterDataUpload.Edit_Record()'><b>Edit_Record</b><br>Test class: Module.HRSetup.Recruitment.TC042_QualificationMasterDataUpload</td>
<td><div><pre>java.lang.Throwable: Method TC042_QualificationMasterDataUpload.Edit_Record()[pri:0, instance:Module.HRSetup.Recruitment.TC042_QualificationMasterDataUpload@508ed1] depends on not successfully finished methods in group &quot;QMAddNewData&quot;
... Removed 17 stack frames</pre></div><a href='#' onClick='toggleBox("stack-trace3130440", this, "Click to show all stack frames", "Click to hide stack frames")'>Click to show all stack frames</a>
<div class='stack-trace' id='stack-trace3130440'><pre>java.lang.Throwable: Method TC042_QualificationMasterDataUpload.Edit_Record()[pri:0, instance:Module.HRSetup.Recruitment.TC042_QualificationMasterDataUpload@508ed1] depends on not successfully finished methods in group &quot;QMAddNewData&quot;
	at org.testng.internal.Invoker.invokeTestMethods(Invoker.java:1040)
	at org.testng.internal.TestMethodWorker.invokeTestMethods(TestMethodWorker.java:124)
	at org.testng.internal.TestMethodWorker.run(TestMethodWorker.java:108)
	at org.testng.TestRunner.privateRun(TestRunner.java:773)
	at org.testng.TestRunner.run(TestRunner.java:623)
	at org.testng.SuiteRunner.runTest(SuiteRunner.java:357)
	at org.testng.SuiteRunner.runSequentially(SuiteRunner.java:352)
	at org.testng.SuiteRunner.privateRun(SuiteRunner.java:310)
	at org.testng.SuiteRunner.run(SuiteRunner.java:259)
	at org.testng.SuiteRunnerWorker.runSuite(SuiteRunnerWorker.java:52)
	at org.testng.SuiteRunnerWorker.run(SuiteRunnerWorker.java:86)
	at org.testng.TestNG.runSuitesSequentially(TestNG.java:1185)
	at org.testng.TestNG.runSuitesLocally(TestNG.java:1110)
	at org.testng.TestNG.run(TestNG.java:1018)
	at org.testng.remote.AbstractRemoteTestNG.run(AbstractRemoteTestNG.java:132)
	at org.testng.remote.RemoteTestNG.initAndRun(RemoteTestNG.java:230)
	at org.testng.remote.RemoteTestNG.main(RemoteTestNG.java:76)
</pre></div></td>
<td>0</td>
<td>null</td></tr>
<tr>
<td title='Module.HRSetup.Recruitment.TC042_QualificationMasterDataUpload.Login()'><b>Login</b><br>Test class: Module.HRSetup.Recruitment.TC042_QualificationMasterDataUpload<br/>
<a href="#Output-30077474" onClick='toggleBox("Output-30077474", this, "Show output", "Hide output");'>Show output</a>

<a href="#Output-30077474" onClick="toggleAllBoxes();">Show all outputs</a>
<div class='log' id="Output-30077474">
Completed executing : TC042_QualificationMasterDataUpload.Login<br/>
Test is skipped:Login<br/>
TestName =: null<br/>
Test Method resides in :=Module.HRSetup.Recruitment.TC042_QualificationMasterDataUpload<br/>
Test Status: Skipped<br/>
Before executing : TestBase.afterMethod<br/>
</div>
</td>
<td><div><pre>org.testng.SkipException: Not Executed this test case
	at Module.HRSetup.Recruitment.TC042_QualificationMasterDataUpload.Login(TC042_QualificationMasterDataUpload.java:55)
... Removed 24 stack frames</pre></div><a href='#' onClick='toggleBox("stack-trace30077474", this, "Click to show all stack frames", "Click to hide stack frames")'>Click to show all stack frames</a>
<div class='stack-trace' id='stack-trace30077474'><pre>org.testng.SkipException: Not Executed this test case
	at Module.HRSetup.Recruitment.TC042_QualificationMasterDataUpload.Login(TC042_QualificationMasterDataUpload.java:55)
	at sun.reflect.NativeMethodAccessorImpl.invoke0(Native Method)
	at sun.reflect.NativeMethodAccessorImpl.invoke(Unknown Source)
	at sun.reflect.DelegatingMethodAccessorImpl.invoke(Unknown Source)
	at java.lang.reflect.Method.invoke(Unknown Source)
	at org.testng.internal.MethodInvocationHelper.invokeMethod(MethodInvocationHelper.java:85)
	at org.testng.internal.Invoker.invokeMethod(Invoker.java:639)
	at org.testng.internal.Invoker.invokeTestMethod(Invoker.java:821)
	at org.testng.internal.Invoker.invokeTestMethods(Invoker.java:1131)
	at org.testng.internal.TestMethodWorker.invokeTestMethods(TestMethodWorker.java:124)
	at org.testng.internal.TestMethodWorker.run(TestMethodWorker.java:108)
	at org.testng.TestRunner.privateRun(TestRunner.java:773)
	at org.testng.TestRunner.run(TestRunner.java:623)
	at org.testng.SuiteRunner.runTest(SuiteRunner.java:357)
	at org.testng.SuiteRunner.runSequentially(SuiteRunner.java:352)
	at org.testng.SuiteRunner.privateRun(SuiteRunner.java:310)
	at org.testng.SuiteRunner.run(SuiteRunner.java:259)
	at org.testng.SuiteRunnerWorker.runSuite(SuiteRunnerWorker.java:52)
	at org.testng.SuiteRunnerWorker.run(SuiteRunnerWorker.java:86)
	at org.testng.TestNG.runSuitesSequentially(TestNG.java:1185)
	at org.testng.TestNG.runSuitesLocally(TestNG.java:1110)
	at org.testng.TestNG.run(TestNG.java:1018)
	at org.testng.remote.AbstractRemoteTestNG.run(AbstractRemoteTestNG.java:132)
	at org.testng.remote.RemoteTestNG.initAndRun(RemoteTestNG.java:230)
	at org.testng.remote.RemoteTestNG.main(RemoteTestNG.java:76)
</pre></div></td>
<td>0</td>
<td>Module.HRSetup.Recruitment.TC042_QualificationMasterDataUpload@508ed1</td></tr>
<tr>
<td title='Module.HRSetup.Recruitment.TC042_QualificationMasterDataUpload.TargetPage()'><b>TargetPage</b><br>Test class: Module.HRSetup.Recruitment.TC042_QualificationMasterDataUpload</td>
<td><div><pre>java.lang.Throwable: Method TC042_QualificationMasterDataUpload.TargetPage()[pri:0, instance:Module.HRSetup.Recruitment.TC042_QualificationMasterDataUpload@508ed1] depends on not successfully finished methods in group &quot;QMLogin&quot;
... Removed 17 stack frames</pre></div><a href='#' onClick='toggleBox("stack-trace325133", this, "Click to show all stack frames", "Click to hide stack frames")'>Click to show all stack frames</a>
<div class='stack-trace' id='stack-trace325133'><pre>java.lang.Throwable: Method TC042_QualificationMasterDataUpload.TargetPage()[pri:0, instance:Module.HRSetup.Recruitment.TC042_QualificationMasterDataUpload@508ed1] depends on not successfully finished methods in group &quot;QMLogin&quot;
	at org.testng.internal.Invoker.invokeTestMethods(Invoker.java:1040)
	at org.testng.internal.TestMethodWorker.invokeTestMethods(TestMethodWorker.java:124)
	at org.testng.internal.TestMethodWorker.run(TestMethodWorker.java:108)
	at org.testng.TestRunner.privateRun(TestRunner.java:773)
	at org.testng.TestRunner.run(TestRunner.java:623)
	at org.testng.SuiteRunner.runTest(SuiteRunner.java:357)
	at org.testng.SuiteRunner.runSequentially(SuiteRunner.java:352)
	at org.testng.SuiteRunner.privateRun(SuiteRunner.java:310)
	at org.testng.SuiteRunner.run(SuiteRunner.java:259)
	at org.testng.SuiteRunnerWorker.runSuite(SuiteRunnerWorker.java:52)
	at org.testng.SuiteRunnerWorker.run(SuiteRunnerWorker.java:86)
	at org.testng.TestNG.runSuitesSequentially(TestNG.java:1185)
	at org.testng.TestNG.runSuitesLocally(TestNG.java:1110)
	at org.testng.TestNG.run(TestNG.java:1018)
	at org.testng.remote.AbstractRemoteTestNG.run(AbstractRemoteTestNG.java:132)
	at org.testng.remote.RemoteTestNG.initAndRun(RemoteTestNG.java:230)
	at org.testng.remote.RemoteTestNG.main(RemoteTestNG.java:76)
</pre></div></td>
<td>0</td>
<td>null</td></tr>
</table><p>
</body>
</html>