<html>
<head>
<title>TestNG:  Test Setup add Test</title>
<link href="../testng.css" rel="stylesheet" type="text/css" />
<link href="../my-testng.css" rel="stylesheet" type="text/css" />

<style type="text/css">
.log { display: none;} 
.stack-trace { display: none;} 
</style>
<script type="text/javascript">
<!--
function flip(e) {
  current = e.style.display;
  if (current == 'block') {
    e.style.display = 'none';
    return 0;
  }
  else {
    e.style.display = 'block';
    return 1;
  }
}

function toggleBox(szDivId, elem, msg1, msg2)
{
  var res = -1;  if (document.getElementById) {
    res = flip(document.getElementById(szDivId));
  }
  else if (document.all) {
    // this is the way old msie versions work
    res = flip(document.all[szDivId]);
  }
  if(elem) {
    if(res == 0) elem.innerHTML = msg1; else elem.innerHTML = msg2;
  }

}

function toggleAllBoxes() {
  if (document.getElementsByTagName) {
    d = document.getElementsByTagName('div');
    for (i = 0; i < d.length; i++) {
      if (d[i].className == 'log') {
        flip(d[i]);
      }
    }
  }
}

// -->
</script>

</head>
<body>
<h2 align='center'>Test Setup add Test</h2><table border='1' align="center">
<tr>
<td>Tests passed/Failed/Skipped:</td><td>3/1/0</td>
</tr><tr>
<td>Started on:</td><td>Tue Nov 21 18:41:01 IST 2017</td>
</tr>
<tr><td>Total time:</td><td>103 seconds (103846 ms)</td>
</tr><tr>
<td>Included groups:</td><td></td>
</tr><tr>
<td>Excluded groups:</td><td></td>
</tr>
</table><p/>
<small><i>(Hover the method name to see the test class name)</i></small><p/>
<table width='100%' border='1' class='invocation-failed'>
<tr><td colspan='4' align='center'><b>FAILED TESTS</b></td></tr>
<tr><td><b>Test method</b></td>
<td width="30%"><b>Exception</b></td>
<td width="10%"><b>Time (seconds)</b></td>
<td><b>Instance</b></td>
</tr>
<tr>
<td title='Module.HRSetup.General.TC030_TestSetupAddTest.Add_Test()'><b>Add_Test</b><br>Test class: Module.HRSetup.General.TC030_TestSetupAddTest<br>Parameters: Terty4T, Inregdal4, Confirmation Feedback, Objective, 60.0, SELECT ALL<br/>
<a href="#Output-24242435" onClick='toggleBox("Output-24242435", this, "Show output", "Hide output");'>Show output</a>

<a href="#Output-24242435" onClick="toggleAllBoxes();">Show all outputs</a>
<div class='log' id="Output-24242435">
Completed executing : TC030_TestSetupAddTest.Add_Test<br/>
TestName =: null<br/>
Test Method resides in :=Module.HRSetup.General.TC030_TestSetupAddTest<br/>
Test Method had the following parameters : nullTerty4T,Inregdal4,Confirmation Feedback,Objective,60.0,SELECT ALL,<br/>
Test Status: Failed<br/>
Before executing : TestBase.afterMethod<br/>
</div>
</td>
<td><div><pre>java.lang.AssertionError: Expected : [Add New Button] But Found : [Welcome to Onex Software]
	at pom.ObjectPages.uiActions.TestSetup.Test_AddNewRecord(TestSetup.java:115)
	at Module.HRSetup.General.TC030_TestSetupAddTest.Add_Test(TC030_TestSetupAddTest.java:80)
... Removed 25 stack frames</pre></div><a href='#' onClick='toggleBox("stack-trace24242435", this, "Click to show all stack frames", "Click to hide stack frames")'>Click to show all stack frames</a>
<div class='stack-trace' id='stack-trace24242435'><pre>java.lang.AssertionError: Expected : [Add New Button] But Found : [Welcome to Onex Software]
	at org.testng.Assert.fail(Assert.java:94)
	at pom.ObjectPages.uiActions.TestSetup.Test_AddNewRecord(TestSetup.java:115)
	at Module.HRSetup.General.TC030_TestSetupAddTest.Add_Test(TC030_TestSetupAddTest.java:80)
	at sun.reflect.NativeMethodAccessorImpl.invoke0(Native Method)
	at sun.reflect.NativeMethodAccessorImpl.invoke(Unknown Source)
	at sun.reflect.DelegatingMethodAccessorImpl.invoke(Unknown Source)
	at java.lang.reflect.Method.invoke(Unknown Source)
	at org.testng.internal.MethodInvocationHelper.invokeMethod(MethodInvocationHelper.java:85)
	at org.testng.internal.Invoker.invokeMethod(Invoker.java:639)
	at org.testng.internal.Invoker.invokeTestMethod(Invoker.java:821)
	at org.testng.internal.Invoker.invokeTestMethods(Invoker.java:1131)
	at org.testng.internal.TestMethodWorker.invokeTestMethods(TestMethodWorker.java:124)
	at org.testng.internal.TestMethodWorker.run(TestMethodWorker.java:108)
	at org.testng.TestRunner.privateRun(TestRunner.java:773)
	at org.testng.TestRunner.run(TestRunner.java:623)
	at org.testng.SuiteRunner.runTest(SuiteRunner.java:357)
	at org.testng.SuiteRunner.runSequentially(SuiteRunner.java:352)
	at org.testng.SuiteRunner.privateRun(SuiteRunner.java:310)
	at org.testng.SuiteRunner.run(SuiteRunner.java:259)
	at org.testng.SuiteRunnerWorker.runSuite(SuiteRunnerWorker.java:52)
	at org.testng.SuiteRunnerWorker.run(SuiteRunnerWorker.java:86)
	at org.testng.TestNG.runSuitesSequentially(TestNG.java:1185)
	at org.testng.TestNG.runSuitesLocally(TestNG.java:1110)
	at org.testng.TestNG.run(TestNG.java:1018)
	at org.testng.remote.AbstractRemoteTestNG.run(AbstractRemoteTestNG.java:132)
	at org.testng.remote.RemoteTestNG.initAndRun(RemoteTestNG.java:230)
	at org.testng.remote.RemoteTestNG.main(RemoteTestNG.java:76)
</pre></div></td>
<td>24</td>
<td>Module.HRSetup.General.TC030_TestSetupAddTest@1ff3e9e</td></tr>
</table><p>
<table width='100%' border='1' class='invocation-passed'>
<tr><td colspan='4' align='center'><b>PASSED TESTS</b></td></tr>
<tr><td><b>Test method</b></td>
<td width="30%"><b>Exception</b></td>
<td width="10%"><b>Time (seconds)</b></td>
<td><b>Instance</b></td>
</tr>
<tr>
<td title='Module.HRSetup.General.TC030_TestSetupAddTest.Add_Test()'><b>Add_Test</b><br>Test class: Module.HRSetup.General.TC030_TestSetupAddTest<br>Parameters: Tery33T, Inregdal3, Confirmation Feedback, Objective, 100, SELECT ALL<br/>
<a href="#Output-9457621" onClick='toggleBox("Output-9457621", this, "Show output", "Hide output");'>Show output</a>

<a href="#Output-9457621" onClick="toggleAllBoxes();">Show all outputs</a>
<div class='log' id="Output-9457621">
Test added Successfully<br/>
Completed executing : TC030_TestSetupAddTest.Add_Test<br/>
Test is Success:Add_Test<br/>
TestName =: null<br/>
Test Method resides in :=Module.HRSetup.General.TC030_TestSetupAddTest<br/>
Test Method had the following parameters : nullTery33T,Inregdal3,Confirmation Feedback,Objective,100,SELECT ALL,<br/>
Test Status: Pass<br/>
Before executing : TestBase.afterMethod<br/>
</div>
</td>
<td></td>
<td>22</td>
<td>Module.HRSetup.General.TC030_TestSetupAddTest@1ff3e9e</td></tr>
<tr>
<td title='Module.HRSetup.General.TC030_TestSetupAddTest.Login()'><b>Login</b><br>Test class: Module.HRSetup.General.TC030_TestSetupAddTest<br/>
<a href="#Output-13861414" onClick='toggleBox("Output-13861414", this, "Show output", "Hide output");'>Show output</a>

<a href="#Output-13861414" onClick="toggleAllBoxes();">Show all outputs</a>
<div class='log' id="Output-13861414">
Completed executing : TC030_TestSetupAddTest.Login<br/>
Test is Success:Login<br/>
TestName =: null<br/>
Test Method resides in :=Module.HRSetup.General.TC030_TestSetupAddTest<br/>
Test Status: Pass<br/>
Before executing : TestBase.afterMethod<br/>
</div>
</td>
<td></td>
<td>1</td>
<td>Module.HRSetup.General.TC030_TestSetupAddTest@1ff3e9e</td></tr>
<tr>
<td title='Module.HRSetup.General.TC030_TestSetupAddTest.TargetPage()'><b>TargetPage</b><br>Test class: Module.HRSetup.General.TC030_TestSetupAddTest<br/>
<a href="#Output-8698943" onClick='toggleBox("Output-8698943", this, "Show output", "Hide output");'>Show output</a>

<a href="#Output-8698943" onClick="toggleAllBoxes();">Show all outputs</a>
<div class='log' id="Output-8698943">
target page is open successfully<br/>
Completed executing : TC030_TestSetupAddTest.TargetPage<br/>
Test is Success:TargetPage<br/>
TestName =: null<br/>
Test Method resides in :=Module.HRSetup.General.TC030_TestSetupAddTest<br/>
Test Status: Pass<br/>
Before executing : TestBase.afterMethod<br/>
</div>
</td>
<td></td>
<td>42</td>
<td>Module.HRSetup.General.TC030_TestSetupAddTest@1ff3e9e</td></tr>
</table><p>
</body>
</html>