<html>
<head>
<title>TestNG:  Attendance Verify</title>
<link href="../testng.css" rel="stylesheet" type="text/css" />
<link href="../my-testng.css" rel="stylesheet" type="text/css" />

<style type="text/css">
.log { display: none;} 
.stack-trace { display: none;} 
</style>
<script type="text/javascript">
<!--
function flip(e) {
  current = e.style.display;
  if (current == 'block') {
    e.style.display = 'none';
    return 0;
  }
  else {
    e.style.display = 'block';
    return 1;
  }
}

function toggleBox(szDivId, elem, msg1, msg2)
{
  var res = -1;  if (document.getElementById) {
    res = flip(document.getElementById(szDivId));
  }
  else if (document.all) {
    // this is the way old msie versions work
    res = flip(document.all[szDivId]);
  }
  if(elem) {
    if(res == 0) elem.innerHTML = msg1; else elem.innerHTML = msg2;
  }

}

function toggleAllBoxes() {
  if (document.getElementsByTagName) {
    d = document.getElementsByTagName('div');
    for (i = 0; i < d.length; i++) {
      if (d[i].className == 'log') {
        flip(d[i]);
      }
    }
  }
}

// -->
</script>

</head>
<body>
<h2 align='center'>Attendance Verify</h2><table border='1' align="center">
<tr>
<td>Tests passed/Failed/Skipped:</td><td>2/1/1</td>
</tr><tr>
<td>Started on:</td><td>Mon Nov 20 12:56:38 IST 2017</td>
</tr>
<tr><td>Total time:</td><td>140 seconds (140144 ms)</td>
</tr><tr>
<td>Included groups:</td><td></td>
</tr><tr>
<td>Excluded groups:</td><td></td>
</tr>
</table><p/>
<small><i>(Hover the method name to see the test class name)</i></small><p/>
<table width='100%' border='1' class='invocation-failed'>
<tr><td colspan='4' align='center'><b>FAILED TESTS</b></td></tr>
<tr><td><b>Test method</b></td>
<td width="30%"><b>Exception</b></td>
<td width="10%"><b>Time (seconds)</b></td>
<td><b>Instance</b></td>
</tr>
<tr>
<td title='Module.ESS.LeaveandAttendance.LeaveApplication.TC012_AttendanceVerify.VerifyAttendanceReject()'><b>VerifyAttendanceReject</b><br>Test class: Module.ESS.LeaveandAttendance.LeaveApplication.TC012_AttendanceVerify<br>Parameters: SOFTWARE, 2017, SEP, Emp. Name, 00003 Ajinkya Rahane<br/>
<a href="#Output-20766339" onClick='toggleBox("Output-20766339", this, "Show output", "Hide output");'>Show output</a>

<a href="#Output-20766339" onClick="toggleAllBoxes();">Show all outputs</a>
<div class='log' id="Output-20766339">
login with same user those are apply Attendance -> approve or rejected Attendance status is not showing properly under status column<br/>
Completed executing : TC012_AttendanceVerify.VerifyAttendanceReject<br/>
TestName =: null<br/>
Test Method resides in :=Module.ESS.LeaveandAttendance.LeaveApplication.TC012_AttendanceVerify<br/>
Test Method had the following parameters : nullSOFTWARE,2017,SEP,Emp. Name,00003 Ajinkya Rahane,<br/>
Test Status: Failed<br/>
Before executing : TestBase.afterMethod<br/>
</div>
</td>
<td><div><pre>java.lang.AssertionError: Attendance not rejected
	at Module.ESS.LeaveandAttendance.LeaveApplication.TC012_AttendanceVerify.VerifyAttendanceReject(TC012_AttendanceVerify.java:105)
... Removed 25 stack frames</pre></div><a href='#' onClick='toggleBox("stack-trace20766339", this, "Click to show all stack frames", "Click to hide stack frames")'>Click to show all stack frames</a>
<div class='stack-trace' id='stack-trace20766339'><pre>java.lang.AssertionError: Attendance not rejected
	at org.testng.Assert.fail(Assert.java:94)
	at Module.ESS.LeaveandAttendance.LeaveApplication.TC012_AttendanceVerify.VerifyAttendanceReject(TC012_AttendanceVerify.java:105)
	at sun.reflect.NativeMethodAccessorImpl.invoke0(Native Method)
	at sun.reflect.NativeMethodAccessorImpl.invoke(Unknown Source)
	at sun.reflect.DelegatingMethodAccessorImpl.invoke(Unknown Source)
	at java.lang.reflect.Method.invoke(Unknown Source)
	at org.testng.internal.MethodInvocationHelper.invokeMethod(MethodInvocationHelper.java:85)
	at org.testng.internal.Invoker.invokeMethod(Invoker.java:639)
	at org.testng.internal.Invoker.invokeTestMethod(Invoker.java:821)
	at org.testng.internal.Invoker.invokeTestMethods(Invoker.java:1131)
	at org.testng.internal.TestMethodWorker.invokeTestMethods(TestMethodWorker.java:124)
	at org.testng.internal.TestMethodWorker.run(TestMethodWorker.java:108)
	at org.testng.TestRunner.privateRun(TestRunner.java:773)
	at org.testng.TestRunner.run(TestRunner.java:623)
	at org.testng.SuiteRunner.runTest(SuiteRunner.java:357)
	at org.testng.SuiteRunner.runSequentially(SuiteRunner.java:352)
	at org.testng.SuiteRunner.privateRun(SuiteRunner.java:310)
	at org.testng.SuiteRunner.run(SuiteRunner.java:259)
	at org.testng.SuiteRunnerWorker.runSuite(SuiteRunnerWorker.java:52)
	at org.testng.SuiteRunnerWorker.run(SuiteRunnerWorker.java:86)
	at org.testng.TestNG.runSuitesSequentially(TestNG.java:1185)
	at org.testng.TestNG.runSuitesLocally(TestNG.java:1110)
	at org.testng.TestNG.run(TestNG.java:1018)
	at org.testng.remote.AbstractRemoteTestNG.run(AbstractRemoteTestNG.java:132)
	at org.testng.remote.RemoteTestNG.initAndRun(RemoteTestNG.java:230)
	at org.testng.remote.RemoteTestNG.main(RemoteTestNG.java:76)
</pre></div></td>
<td>21</td>
<td>Module.ESS.LeaveandAttendance.LeaveApplication.TC012_AttendanceVerify@2bba4f</td></tr>
</table><p>
<table width='100%' border='1' class='invocation-passed'>
<tr><td colspan='4' align='center'><b>PASSED TESTS</b></td></tr>
<tr><td><b>Test method</b></td>
<td width="30%"><b>Exception</b></td>
<td width="10%"><b>Time (seconds)</b></td>
<td><b>Instance</b></td>
</tr>
<tr>
<td title='Module.ESS.LeaveandAttendance.LeaveApplication.TC012_AttendanceVerify.Login()'><b>Login</b><br>Test class: Module.ESS.LeaveandAttendance.LeaveApplication.TC012_AttendanceVerify<br/>
<a href="#Output-18485420" onClick='toggleBox("Output-18485420", this, "Show output", "Hide output");'>Show output</a>

<a href="#Output-18485420" onClick="toggleAllBoxes();">Show all outputs</a>
<div class='log' id="Output-18485420">
Completed executing : TC012_AttendanceVerify.Login<br/>
Test is Success:Login<br/>
TestName =: null<br/>
Test Method resides in :=Module.ESS.LeaveandAttendance.LeaveApplication.TC012_AttendanceVerify<br/>
Test Status: Pass<br/>
Before executing : TestBase.afterMethod<br/>
</div>
</td>
<td></td>
<td>2</td>
<td>Module.ESS.LeaveandAttendance.LeaveApplication.TC012_AttendanceVerify@2bba4f</td></tr>
<tr>
<td title='Module.ESS.LeaveandAttendance.LeaveApplication.TC012_AttendanceVerify.TargetPage()'><b>TargetPage</b><br>Test class: Module.ESS.LeaveandAttendance.LeaveApplication.TC012_AttendanceVerify<br/>
<a href="#Output-7257630" onClick='toggleBox("Output-7257630", this, "Show output", "Hide output");'>Show output</a>

<a href="#Output-7257630" onClick="toggleAllBoxes();">Show all outputs</a>
<div class='log' id="Output-7257630">
target page is open successfully<br/>
Completed executing : TC012_AttendanceVerify.TargetPage<br/>
Test is Success:TargetPage<br/>
TestName =: null<br/>
Test Method resides in :=Module.ESS.LeaveandAttendance.LeaveApplication.TC012_AttendanceVerify<br/>
Test Status: Pass<br/>
Before executing : TestBase.afterMethod<br/>
</div>
</td>
<td></td>
<td>86</td>
<td>Module.ESS.LeaveandAttendance.LeaveApplication.TC012_AttendanceVerify@2bba4f</td></tr>
</table><p>
<table width='100%' border='1' class='invocation-skipped'>
<tr><td colspan='4' align='center'><b>SKIPPED TESTS</b></td></tr>
<tr><td><b>Test method</b></td>
<td width="30%"><b>Exception</b></td>
<td width="10%"><b>Time (seconds)</b></td>
<td><b>Instance</b></td>
</tr>
<tr>
<td title='Module.ESS.LeaveandAttendance.LeaveApplication.TC012_AttendanceVerify.VerifyAttendanceApprove()'><b>VerifyAttendanceApprove</b><br>Test class: Module.ESS.LeaveandAttendance.LeaveApplication.TC012_AttendanceVerify<br>Parameters: SOFTWARE, 2017, SEP, Emp. Name, 00003 Ajinkya Rahane<br/>
<a href="#Output-33298987" onClick='toggleBox("Output-33298987", this, "Show output", "Hide output");'>Show output</a>

<a href="#Output-33298987" onClick="toggleAllBoxes();">Show all outputs</a>
<div class='log' id="Output-33298987">
Completed executing : TC012_AttendanceVerify.VerifyAttendanceApprove<br/>
Test is skipped:VerifyAttendanceApprove<br/>
TestName =: null<br/>
Test Method resides in :=Module.ESS.LeaveandAttendance.LeaveApplication.TC012_AttendanceVerify<br/>
Test Method had the following parameters : nullSOFTWARE,2017,SEP,Emp. Name,00003 Ajinkya Rahane,<br/>
Test Status: Skipped<br/>
Before executing : TestBase.afterMethod<br/>
</div>
</td>
<td><div><pre>org.testng.SkipException: Not Found Locator : Search Dropdown
	at pom.TestBase.BaseClass.selectByVisibleText(BaseClass.java:534)
	at pom.TestBase.CommonMethods.Test_Search_Button(CommonMethods.java:134)
	at pom.ObjectPages.uiActions.AttendanceRegularization.Test_Search_Record(AttendanceRegularization.java:112)
	at Module.ESS.LeaveandAttendance.LeaveApplication.TC012_AttendanceVerify.VerifyAttendanceApprove(TC012_AttendanceVerify.java:71)
... Removed 24 stack frames</pre></div><a href='#' onClick='toggleBox("stack-trace33298987", this, "Click to show all stack frames", "Click to hide stack frames")'>Click to show all stack frames</a>
<div class='stack-trace' id='stack-trace33298987'><pre>org.testng.SkipException: Not Found Locator : Search Dropdown
	at pom.TestBase.BaseClass.selectByVisibleText(BaseClass.java:534)
	at pom.TestBase.CommonMethods.Test_Search_Button(CommonMethods.java:134)
	at pom.ObjectPages.uiActions.AttendanceRegularization.Test_Search_Record(AttendanceRegularization.java:112)
	at Module.ESS.LeaveandAttendance.LeaveApplication.TC012_AttendanceVerify.VerifyAttendanceApprove(TC012_AttendanceVerify.java:71)
	at sun.reflect.NativeMethodAccessorImpl.invoke0(Native Method)
	at sun.reflect.NativeMethodAccessorImpl.invoke(Unknown Source)
	at sun.reflect.DelegatingMethodAccessorImpl.invoke(Unknown Source)
	at java.lang.reflect.Method.invoke(Unknown Source)
	at org.testng.internal.MethodInvocationHelper.invokeMethod(MethodInvocationHelper.java:85)
	at org.testng.internal.Invoker.invokeMethod(Invoker.java:639)
	at org.testng.internal.Invoker.invokeTestMethod(Invoker.java:821)
	at org.testng.internal.Invoker.invokeTestMethods(Invoker.java:1131)
	at org.testng.internal.TestMethodWorker.invokeTestMethods(TestMethodWorker.java:124)
	at org.testng.internal.TestMethodWorker.run(TestMethodWorker.java:108)
	at org.testng.TestRunner.privateRun(TestRunner.java:773)
	at org.testng.TestRunner.run(TestRunner.java:623)
	at org.testng.SuiteRunner.runTest(SuiteRunner.java:357)
	at org.testng.SuiteRunner.runSequentially(SuiteRunner.java:352)
	at org.testng.SuiteRunner.privateRun(SuiteRunner.java:310)
	at org.testng.SuiteRunner.run(SuiteRunner.java:259)
	at org.testng.SuiteRunnerWorker.runSuite(SuiteRunnerWorker.java:52)
	at org.testng.SuiteRunnerWorker.run(SuiteRunnerWorker.java:86)
	at org.testng.TestNG.runSuitesSequentially(TestNG.java:1185)
	at org.testng.TestNG.runSuitesLocally(TestNG.java:1110)
	at org.testng.TestNG.run(TestNG.java:1018)
	at org.testng.remote.AbstractRemoteTestNG.run(AbstractRemoteTestNG.java:132)
	at org.testng.remote.RemoteTestNG.initAndRun(RemoteTestNG.java:230)
	at org.testng.remote.RemoteTestNG.main(RemoteTestNG.java:76)
</pre></div></td>
<td>15</td>
<td>Module.ESS.LeaveandAttendance.LeaveApplication.TC012_AttendanceVerify@2bba4f</td></tr>
</table><p>
</body>
</html>