<html>
<head>
<title>TestNG:  Employees Attendance Calendar Approval</title>
<link href="../testng.css" rel="stylesheet" type="text/css" />
<link href="../my-testng.css" rel="stylesheet" type="text/css" />

<style type="text/css">
.log { display: none;} 
.stack-trace { display: none;} 
</style>
<script type="text/javascript">
<!--
function flip(e) {
  current = e.style.display;
  if (current == 'block') {
    e.style.display = 'none';
    return 0;
  }
  else {
    e.style.display = 'block';
    return 1;
  }
}

function toggleBox(szDivId, elem, msg1, msg2)
{
  var res = -1;  if (document.getElementById) {
    res = flip(document.getElementById(szDivId));
  }
  else if (document.all) {
    // this is the way old msie versions work
    res = flip(document.all[szDivId]);
  }
  if(elem) {
    if(res == 0) elem.innerHTML = msg1; else elem.innerHTML = msg2;
  }

}

function toggleAllBoxes() {
  if (document.getElementsByTagName) {
    d = document.getElementsByTagName('div');
    for (i = 0; i < d.length; i++) {
      if (d[i].className == 'log') {
        flip(d[i]);
      }
    }
  }
}

// -->
</script>

</head>
<body>
<h2 align='center'>Employees Attendance Calendar Approval</h2><table border='1' align="center">
<tr>
<td>Tests passed/Failed/Skipped:</td><td>2/0/1</td>
</tr><tr>
<td>Started on:</td><td>Mon Nov 20 13:05:02 IST 2017</td>
</tr>
<tr><td>Total time:</td><td>79 seconds (79565 ms)</td>
</tr><tr>
<td>Included groups:</td><td></td>
</tr><tr>
<td>Excluded groups:</td><td></td>
</tr>
</table><p/>
<small><i>(Hover the method name to see the test class name)</i></small><p/>
<table width='100%' border='1' class='invocation-passed'>
<tr><td colspan='4' align='center'><b>PASSED TESTS</b></td></tr>
<tr><td><b>Test method</b></td>
<td width="30%"><b>Exception</b></td>
<td width="10%"><b>Time (seconds)</b></td>
<td><b>Instance</b></td>
</tr>
<tr>
<td title='Module.ESS.LeaveandAttendance.LeaveApplication.TC014_EmployeeAttendanceCalender_Approval.Login()'><b>Login</b><br>Test class: Module.ESS.LeaveandAttendance.LeaveApplication.TC014_EmployeeAttendanceCalender_Approval<br/>
<a href="#Output-29773054" onClick='toggleBox("Output-29773054", this, "Show output", "Hide output");'>Show output</a>

<a href="#Output-29773054" onClick="toggleAllBoxes();">Show all outputs</a>
<div class='log' id="Output-29773054">
Completed executing : TC014_EmployeeAttendanceCalender_Approval.Login<br/>
Test is Success:Login<br/>
TestName =: null<br/>
Test Method resides in :=Module.ESS.LeaveandAttendance.LeaveApplication.TC014_EmployeeAttendanceCalender_Approval<br/>
Test Status: Pass<br/>
Before executing : TestBase.afterMethod<br/>
</div>
</td>
<td></td>
<td>1</td>
<td>Module.ESS.LeaveandAttendance.LeaveApplication.TC014_EmployeeAttendanceCalender_Approval@57ecf</td></tr>
<tr>
<td title='Module.ESS.LeaveandAttendance.LeaveApplication.TC014_EmployeeAttendanceCalender_Approval.TargetPage()'><b>TargetPage</b><br>Test class: Module.ESS.LeaveandAttendance.LeaveApplication.TC014_EmployeeAttendanceCalender_Approval<br/>
<a href="#Output-26967839" onClick='toggleBox("Output-26967839", this, "Show output", "Hide output");'>Show output</a>

<a href="#Output-26967839" onClick="toggleAllBoxes();">Show all outputs</a>
<div class='log' id="Output-26967839">
target page is open successfully<br/>
Completed executing : TC014_EmployeeAttendanceCalender_Approval.TargetPage<br/>
Test is Success:TargetPage<br/>
TestName =: null<br/>
Test Method resides in :=Module.ESS.LeaveandAttendance.LeaveApplication.TC014_EmployeeAttendanceCalender_Approval<br/>
Test Status: Pass<br/>
Before executing : TestBase.afterMethod<br/>
</div>
</td>
<td></td>
<td>62</td>
<td>Module.ESS.LeaveandAttendance.LeaveApplication.TC014_EmployeeAttendanceCalender_Approval@57ecf</td></tr>
</table><p>
<table width='100%' border='1' class='invocation-skipped'>
<tr><td colspan='4' align='center'><b>SKIPPED TESTS</b></td></tr>
<tr><td><b>Test method</b></td>
<td width="30%"><b>Exception</b></td>
<td width="10%"><b>Time (seconds)</b></td>
<td><b>Instance</b></td>
</tr>
<tr>
<td title='Module.ESS.LeaveandAttendance.LeaveApplication.TC014_EmployeeAttendanceCalender_Approval.LeaveApproveReject()'><b>LeaveApproveReject</b><br>Test class: Module.ESS.LeaveandAttendance.LeaveApplication.TC014_EmployeeAttendanceCalender_Approval<br>Parameters: SEP 2017, F Dinesh, 25-Sep-17, Approve By RM<br/>
<a href="#Output-23483151" onClick='toggleBox("Output-23483151", this, "Show output", "Hide output");'>Show output</a>

<a href="#Output-23483151" onClick="toggleAllBoxes();">Show all outputs</a>
<div class='log' id="Output-23483151">
Select Pay Month<br/>
Completed executing : TC014_EmployeeAttendanceCalender_Approval.LeaveApproveReject<br/>
Test is skipped:LeaveApproveReject<br/>
TestName =: null<br/>
Test Method resides in :=Module.ESS.LeaveandAttendance.LeaveApplication.TC014_EmployeeAttendanceCalender_Approval<br/>
Test Method had the following parameters : nullSEP 2017,F Dinesh,25-Sep-17,Approve By RM,<br/>
Test Status: Skipped<br/>
Before executing : TestBase.afterMethod<br/>
</div>
</td>
<td><div><pre>org.testng.SkipException: 25-Sep-17 checkbox is not found
	at pom.ObjectPages.uiActions.AttendanceApproval.Test_AttendanceApproveReject(AttendanceApproval.java:77)
	at Module.ESS.LeaveandAttendance.LeaveApplication.TC014_EmployeeAttendanceCalender_Approval.LeaveApproveReject(TC014_EmployeeAttendanceCalender_Approval.java:75)
... Removed 24 stack frames</pre></div><a href='#' onClick='toggleBox("stack-trace23483151", this, "Click to show all stack frames", "Click to hide stack frames")'>Click to show all stack frames</a>
<div class='stack-trace' id='stack-trace23483151'><pre>org.testng.SkipException: 25-Sep-17 checkbox is not found
	at pom.ObjectPages.uiActions.AttendanceApproval.Test_AttendanceApproveReject(AttendanceApproval.java:77)
	at Module.ESS.LeaveandAttendance.LeaveApplication.TC014_EmployeeAttendanceCalender_Approval.LeaveApproveReject(TC014_EmployeeAttendanceCalender_Approval.java:75)
	at sun.reflect.NativeMethodAccessorImpl.invoke0(Native Method)
	at sun.reflect.NativeMethodAccessorImpl.invoke(Unknown Source)
	at sun.reflect.DelegatingMethodAccessorImpl.invoke(Unknown Source)
	at java.lang.reflect.Method.invoke(Unknown Source)
	at org.testng.internal.MethodInvocationHelper.invokeMethod(MethodInvocationHelper.java:85)
	at org.testng.internal.Invoker.invokeMethod(Invoker.java:639)
	at org.testng.internal.Invoker.invokeTestMethod(Invoker.java:821)
	at org.testng.internal.Invoker.invokeTestMethods(Invoker.java:1131)
	at org.testng.internal.TestMethodWorker.invokeTestMethods(TestMethodWorker.java:124)
	at org.testng.internal.TestMethodWorker.run(TestMethodWorker.java:108)
	at org.testng.TestRunner.privateRun(TestRunner.java:773)
	at org.testng.TestRunner.run(TestRunner.java:623)
	at org.testng.SuiteRunner.runTest(SuiteRunner.java:357)
	at org.testng.SuiteRunner.runSequentially(SuiteRunner.java:352)
	at org.testng.SuiteRunner.privateRun(SuiteRunner.java:310)
	at org.testng.SuiteRunner.run(SuiteRunner.java:259)
	at org.testng.SuiteRunnerWorker.runSuite(SuiteRunnerWorker.java:52)
	at org.testng.SuiteRunnerWorker.run(SuiteRunnerWorker.java:86)
	at org.testng.TestNG.runSuitesSequentially(TestNG.java:1185)
	at org.testng.TestNG.runSuitesLocally(TestNG.java:1110)
	at org.testng.TestNG.run(TestNG.java:1018)
	at org.testng.remote.AbstractRemoteTestNG.run(AbstractRemoteTestNG.java:132)
	at org.testng.remote.RemoteTestNG.initAndRun(RemoteTestNG.java:230)
	at org.testng.remote.RemoteTestNG.main(RemoteTestNG.java:76)
</pre></div></td>
<td>3</td>
<td>Module.ESS.LeaveandAttendance.LeaveApplication.TC014_EmployeeAttendanceCalender_Approval@57ecf</td></tr>
</table><p>
</body>
</html>