<?xml version="1.0" encoding="UTF-8"?>
<!-- Generated by org.testng.reporters.JUnitReportReporter -->
<testsuite hostname="OSO-DTP-057" name="Module.HRSetup.Recruitment.TC043_CampusMasterDataUpload" tests="5" failures="1" timestamp="25 Nov 2017 13:36:14 GMT" time="75.578" errors="0">
  <testcase name="Add_New_Button" time="3.108" classname="Module.HRSetup.Recruitment.TC043_CampusMasterDataUpload"/>
  <testcase name="TargetPage" time="39.084" classname="Module.HRSetup.Recruitment.TC043_CampusMasterDataUpload"/>
  <testcase name="Login" time="1.088" classname="Module.HRSetup.Recruitment.TC043_CampusMasterDataUpload"/>
  <testcase name="Add_Allowance_Deduction_Data" time="25.792" classname="Module.HRSetup.Recruitment.TC043_CampusMasterDataUpload"/>
  <testcase name="Edit_Record" time="6.506" classname="Module.HRSetup.Recruitment.TC043_CampusMasterDataUpload">
    <failure type="java.lang.AssertionError" message="expected : [Record Updated Successfully.] but Found : [Record Updated Successfully]">
      <![CDATA[java.lang.AssertionError: expected : [Record Updated Successfully.] but Found : [Record Updated Successfully]
	at org.testng.Assert.fail(Assert.java:94)
	at pom.TestBase.CommonMethods.Test_Edit_Record(CommonMethods.java:172)
	at pom.ObjectPages.uiActions.CampusMaster.Test_Edit_Record(CampusMaster.java:135)
	at Module.HRSetup.Recruitment.TC043_CampusMasterDataUpload.Edit_Record(TC043_CampusMasterDataUpload.java:107)
	at sun.reflect.NativeMethodAccessorImpl.invoke0(Native Method)
	at sun.reflect.NativeMethodAccessorImpl.invoke(Unknown Source)
	at sun.reflect.DelegatingMethodAccessorImpl.invoke(Unknown Source)
	at java.lang.reflect.Method.invoke(Unknown Source)
	at org.testng.internal.MethodInvocationHelper.invokeMethod(MethodInvocationHelper.java:85)
	at org.testng.internal.Invoker.invokeMethod(Invoker.java:639)
	at org.testng.internal.Invoker.invokeTestMethod(Invoker.java:821)
	at org.testng.internal.Invoker.invokeTestMethods(Invoker.java:1131)
	at org.testng.internal.TestMethodWorker.invokeTestMethods(TestMethodWorker.java:124)
	at org.testng.internal.TestMethodWorker.run(TestMethodWorker.java:108)
	at org.testng.TestRunner.privateRun(TestRunner.java:773)
	at org.testng.TestRunner.run(TestRunner.java:623)
	at org.testng.SuiteRunner.runTest(SuiteRunner.java:357)
	at org.testng.SuiteRunner.runSequentially(SuiteRunner.java:352)
	at org.testng.SuiteRunner.privateRun(SuiteRunner.java:310)
	at org.testng.SuiteRunner.run(SuiteRunner.java:259)
	at org.testng.SuiteRunnerWorker.runSuite(SuiteRunnerWorker.java:52)
	at org.testng.SuiteRunnerWorker.run(SuiteRunnerWorker.java:86)
	at org.testng.TestNG.runSuitesSequentially(TestNG.java:1185)
	at org.testng.TestNG.runSuitesLocally(TestNG.java:1110)
	at org.testng.TestNG.run(TestNG.java:1018)
	at org.testng.remote.AbstractRemoteTestNG.run(AbstractRemoteTestNG.java:132)
	at org.testng.remote.RemoteTestNG.initAndRun(RemoteTestNG.java:230)
	at org.testng.remote.RemoteTestNG.main(RemoteTestNG.java:76)
]]>
    </failure>
  </testcase> <!-- Edit_Record -->
</testsuite> <!-- Module.HRSetup.Recruitment.TC043_CampusMasterDataUpload -->
