<?xml version="1.0" encoding="UTF-8"?>
<!-- Generated by org.testng.reporters.JUnitReportReporter -->
<testsuite hostname="OSO-DTP-057" name="Module.ELC.Induction.TC023_InductionFeedBack" tests="2" failures="0" timestamp="30 Oct 2017 08:15:11 GMT" time="106.936" errors="1">
  <testcase name="Login" time="2.240" classname="Module.ELC.Induction.TC023_InductionFeedBack"/>
  <testcase name="TargetPage" time="104.696" classname="Module.ELC.Induction.TC023_InductionFeedBack">
    <error type="org.testng.SkipException" message="Not Found Element : Employee Life Cycle">
      <![CDATA[org.testng.SkipException: Not Found Element : Employee Life Cycle
	at pom.TestBase.BaseClass.click(BaseClass.java:98)
	at pom.TestBase.CommonMethods.TargetPageClick(CommonMethods.java:71)
	at pom.ObjectPages.uiActions.Induction.Test_Open_Target_Page_InductionFeedBack(Induction.java:148)
	at Module.ELC.Induction.TC023_InductionFeedBack.TargetPage(TC023_InductionFeedBack.java:62)
	at sun.reflect.NativeMethodAccessorImpl.invoke0(Native Method)
	at sun.reflect.NativeMethodAccessorImpl.invoke(Unknown Source)
	at sun.reflect.DelegatingMethodAccessorImpl.invoke(Unknown Source)
	at java.lang.reflect.Method.invoke(Unknown Source)
	at org.testng.internal.MethodInvocationHelper.invokeMethod(MethodInvocationHelper.java:85)
	at org.testng.internal.Invoker.invokeMethod(Invoker.java:639)
	at org.testng.internal.Invoker.invokeTestMethod(Invoker.java:821)
	at org.testng.internal.Invoker.invokeTestMethods(Invoker.java:1131)
	at org.testng.internal.TestMethodWorker.invokeTestMethods(TestMethodWorker.java:124)
	at org.testng.internal.TestMethodWorker.run(TestMethodWorker.java:108)
	at org.testng.TestRunner.privateRun(TestRunner.java:773)
	at org.testng.TestRunner.run(TestRunner.java:623)
	at org.testng.SuiteRunner.runTest(SuiteRunner.java:357)
	at org.testng.SuiteRunner.runSequentially(SuiteRunner.java:352)
	at org.testng.SuiteRunner.privateRun(SuiteRunner.java:310)
	at org.testng.SuiteRunner.run(SuiteRunner.java:259)
	at org.testng.SuiteRunnerWorker.runSuite(SuiteRunnerWorker.java:52)
	at org.testng.SuiteRunnerWorker.run(SuiteRunnerWorker.java:86)
	at org.testng.TestNG.runSuitesSequentially(TestNG.java:1185)
	at org.testng.TestNG.runSuitesLocally(TestNG.java:1110)
	at org.testng.TestNG.run(TestNG.java:1018)
	at org.testng.remote.AbstractRemoteTestNG.run(AbstractRemoteTestNG.java:132)
	at org.testng.remote.RemoteTestNG.initAndRun(RemoteTestNG.java:230)
	at org.testng.remote.RemoteTestNG.main(RemoteTestNG.java:76)
]]>
    </error>
  </testcase> <!-- TargetPage -->
</testsuite> <!-- Module.ELC.Induction.TC023_InductionFeedBack -->
